0.29470499999843014	EXP	Created Window = Window( name=Window, fullscr=true, color=#ffffff, units=height, waitBlanking=true, autoLog=true, size=[1366,625] )
11.61304999999993	DATA	Keydown: Shift
11.820574999999735	DATA	Keydown: Shift
11.95341499999995	DATA	Keydown: C
13.754409999999552	DATA	Keydown: Backspace
13.91184499999872	DATA	Keydown: Backspace
35.038354999998774	DATA	Keydown: Backspace
35.875959999999395	DATA	Keydown: Shift
36.256954999998925	DATA	Keydown: C
37.25379999999859	DATA	Keydown: Dead
37.54273999999896	DATA	Keydown: รก
37.80369999999857	DATA	Keydown: s
37.937189999998736	DATA	Keydown: s
38.14339999999902	DATA	Keydown: i
38.34590499999831	DATA	Keydown: o
38.615944999999556	DATA	Keydown:  
39.27790999999888	DATA	Keydown: Shift
39.50957500000004	DATA	Keydown: V
40.04506499999843	DATA	Keydown: i
40.29235499999959	DATA	Keydown: a
40.58057999999983	DATA	Keydown: n
40.787154999999984	DATA	Keydown: n
40.98182999999881	DATA	Keydown: a
44.44556499999999	DATA	Keydown: 4
45.90399499999876	DATA	Keydown: 8
