0.8665899999905378	EXP	Created Window = Window( name=Window, fullscr=true, color=#ffffff, units=height, waitBlanking=true, autoLog=true, size=[1366,657] )
14.04198500001803	DATA	Keydown: Backspace
14.240740000037476	DATA	Keydown: Backspace
14.39304999995511	DATA	Keydown: 2
14.516135000041686	DATA	Keydown: 4
17.438420000020415	DATA	Keydown: Backspace
281.0408400000306	EXP	Created contact_info1 = ImageStim( name=contact_info1, win=Window( name=Window, fullscr=true, color=#ffffff, ~), autoDraw=null, autoLog=true, units=height, ori=null, opacity=1, pos=[0,-0.2], size=[0.9,0.1], image={}, mask=undefined, color=#ffffff, contrast=1, texRes=128, interpolate=true, depth=-4, flipHoriz=null, flipVert=null )
281.0504900000524	EXP	Created consent_question = TextStim( name=consent_question, win=Window( name=Window, fullscr=true, color=#ffffff, ~), autoDraw=null, autoLog=true, units=norm, ori=null, opacity=1, pos=[0,0], size=undefined, text=default text, font=Arial, color=#000000, contrast=1, height=0.05, bold=null, italic=null, alignHoriz=left, alignVert=center, wrapWidth=1.5, flipHoriz=null, flipVert=null )
281.053040000028	EXP	Created consent_1 = ImageStim( name=consent_1, win=Window( name=Window, fullscr=true, color=#ffffff, ~), autoDraw=null, autoLog=true, units=height, ori=null, opacity=1, pos=[0,0], size=[1,0.8533], image={}, mask=undefined, color=#ffffff, contrast=1, texRes=128, interpolate=true, depth=null, flipHoriz=null, flipVert=null )
281.05475999997	EXP	Created text_3 = TextStim( name=text_3, win=Window( name=Window, fullscr=true, color=#ffffff, ~), autoDraw=null, autoLog=true, units=height, ori=null, opacity=1, pos=[0,-0.49], size=undefined, text=After reading, press Space to continue

, font=Arial, color=#000000, contrast=1, height=0.03, bold=null, italic=null, alignHoriz=left, alignVert=center, wrapWidth=1, flipHoriz=null, flipVert=null )
281.0610550000565	EXP	Created consent = ImageStim( name=consent, win=Window( name=Window, fullscr=true, color=#ffffff, ~), autoDraw=null, autoLog=true, units=height, ori=null, opacity=1, pos=[0,0], size=[1,0.8533], image={}, mask=undefined, color=#ffffff, contrast=1, texRes=128, interpolate=true, depth=null, flipHoriz=null, flipVert=null )
281.0622799999546	EXP	Created text_4 = TextStim( name=text_4, win=Window( name=Window, fullscr=true, color=#ffffff, ~), autoDraw=null, autoLog=true, units=height, ori=null, opacity=1, pos=[0,-0.49], size=undefined, text=After reading, press Space to continue

, font=Arial, color=#000000, contrast=1, height=0.03, bold=null, italic=null, alignHoriz=left, alignVert=center, wrapWidth=1, flipHoriz=null, flipVert=null )
281.0676299999468	EXP	Created consent_2 = ImageStim( name=consent_2, win=Window( name=Window, fullscr=true, color=#ffffff, ~), autoDraw=null, autoLog=true, units=height, ori=null, opacity=1, pos=[0,0], size=[1,0.8533], image={}, mask=undefined, color=#ffffff, contrast=1, texRes=128, interpolate=true, depth=null, flipHoriz=null, flipVert=null )
281.0692450000206	EXP	Created text_5 = TextStim( name=text_5, win=Window( name=Window, fullscr=true, color=#ffffff, ~), autoDraw=null, autoLog=true, units=height, ori=null, opacity=1, pos=[0,-0.49], size=undefined, text=I consent (Y) I do not consent (Esc)
, font=Arial, color=#000000, contrast=1, height=0.03, bold=null, italic=null, alignHoriz=left, alignVert=center, wrapWidth=1, flipHoriz=null, flipVert=null )
281.07235499995295	EXP	Created gender_question = TextStim( name=gender_question, win=Window( name=Window, fullscr=true, color=#ffffff, ~), autoDraw=null, autoLog=true, units=height, ori=null, opacity=1, pos=[0,0], size=undefined, text=In order to allow us to describe our sample, we wo~), font=Arial, color=#000000, contrast=1, height=0.04, bold=null, italic=null, alignHoriz=left, alignVert=center, wrapWidth=1.5, flipHoriz=null, flipVert=null )
281.07391999999527	EXP	Created inst_text = TextStim( name=inst_text, win=Window( name=Window, fullscr=true, color=#ffffff, ~), autoDraw=null, autoLog=true, units=height, ori=null, opacity=1, pos=[0,0], size=undefined, text=The next screen shown will require you to memorize~, font=Arial, color=#000000, contrast=1, height=0.04, bold=null, italic=null, alignHoriz=left, alignVert=center, wrapWidth=1, flipHoriz=null, flipVert=null )
281.0842999999877	EXP	Created corrAns_reminder_text = TextStim( name=corrAns_reminder_text, win=Window( name=Window, fullscr=true, color=#ffffff, ~), autoDraw=null, autoLog=true, units=height, ori=null, opacity=1, pos=[0,4], size=undefined, text=Present: m

Absent: v, font=Arial, color=#000000, contrast=1, height=0.1, bold=null, italic=null, alignHoriz=left, alignVert=center, wrapWidth=1, flipHoriz=null, flipVert=null )
281.0851450000191	EXP	Created memory_2 = TextStim( name=memory_2, win=Window( name=Window, fullscr=true, color=#ffffff, ~), autoDraw=null, autoLog=true, units=height, ori=null, opacity=1, pos=[0,0.44], size=undefined, text=Memorise...

, font=Arial, color=#FF0000, contrast=1, height=0.03, bold=null, italic=null, alignHoriz=left, alignVert=center, wrapWidth=1, flipHoriz=null, flipVert=null )
281.08629500004463	EXP	Created memory = TextStim( name=memory, win=Window( name=Window, fullscr=true, color=#ffffff, ~), autoDraw=null, autoLog=true, units=height, ori=null, opacity=1, pos=[0,0.44], size=undefined, text=Memorise...

, font=Arial, color=#FF0000, contrast=1, height=0.03, bold=null, italic=null, alignHoriz=left, alignVert=center, wrapWidth=1, flipHoriz=null, flipVert=null )
281.08871000004	EXP	Created target = ImageStim( name=target, win=Window( name=Window, fullscr=true, color=#ffffff, ~), autoDraw=null, autoLog=true, units=pix, ori=null, opacity=1, pos=[0,0], size=undefined, image=undefined, mask=undefined, color=#ffffff, contrast=1, texRes=128, interpolate=null, depth=-2, flipHoriz=null, flipVert=null )
281.0915850000456	EXP	Created dist1 = ImageStim( name=dist1, win=Window( name=Window, fullscr=true, color=#ffffff, ~), autoDraw=null, autoLog=true, units=pix, ori=null, opacity=1, pos=[0,0], size=undefined, image=undefined, mask=undefined, color=#ffffff, contrast=1, texRes=128, interpolate=null, depth=-3, flipHoriz=null, flipVert=null )
281.0941449999809	EXP	Created dist2 = ImageStim( name=dist2, win=Window( name=Window, fullscr=true, color=#ffffff, ~), autoDraw=null, autoLog=true, units=pix, ori=null, opacity=1, pos=[0,0], size=undefined, image=undefined, mask=undefined, color=#ffffff, contrast=1, texRes=128, interpolate=null, depth=-4, flipHoriz=null, flipVert=null )
281.0996599999489	EXP	Created dist3 = ImageStim( name=dist3, win=Window( name=Window, fullscr=true, color=#ffffff, ~), autoDraw=null, autoLog=true, units=pix, ori=null, opacity=1, pos=[0,0], size=undefined, image=undefined, mask=undefined, color=#ffffff, contrast=1, texRes=128, interpolate=null, depth=-5, flipHoriz=null, flipVert=null )
281.10199500003364	EXP	Created dist4 = ImageStim( name=dist4, win=Window( name=Window, fullscr=true, color=#ffffff, ~), autoDraw=null, autoLog=true, units=pix, ori=null, opacity=1, pos=[0,0], size=undefined, image=undefined, mask=undefined, color=#ffffff, contrast=1, texRes=128, interpolate=null, depth=-6, flipHoriz=null, flipVert=null )
281.1059649999952	EXP	Created dist5 = ImageStim( name=dist5, win=Window( name=Window, fullscr=true, color=#ffffff, ~), autoDraw=null, autoLog=true, units=pix, ori=null, opacity=1, pos=[0,0], size=undefined, image=undefined, mask=undefined, color=#ffffff, contrast=1, texRes=128, interpolate=null, depth=-7, flipHoriz=null, flipVert=null )
281.10784499999136	EXP	Created dist6 = ImageStim( name=dist6, win=Window( name=Window, fullscr=true, color=#ffffff, ~), autoDraw=null, autoLog=true, units=pix, ori=null, opacity=1, pos=[0,0], size=undefined, image=undefined, mask=undefined, color=#ffffff, contrast=1, texRes=128, interpolate=null, depth=-8, flipHoriz=null, flipVert=null )
281.1112799999537	EXP	Created dist7 = ImageStim( name=dist7, win=Window( name=Window, fullscr=true, color=#ffffff, ~), autoDraw=null, autoLog=true, units=pix, ori=null, opacity=1, pos=[0,0], size=undefined, image=undefined, mask=undefined, color=#ffffff, contrast=1, texRes=128, interpolate=null, depth=-9, flipHoriz=null, flipVert=null )
281.115940000047	EXP	Created dist8 = ImageStim( name=dist8, win=Window( name=Window, fullscr=true, color=#ffffff, ~), autoDraw=null, autoLog=true, units=pix, ori=null, opacity=1, pos=[0,0], size=undefined, image=undefined, mask=undefined, color=#ffffff, contrast=1, texRes=128, interpolate=null, depth=-10, flipHoriz=null, flipVert=null )
281.11820000002626	EXP	Created corrAns_reminder_text_2 = TextStim( name=corrAns_reminder_text_2, win=Window( name=Window, fullscr=true, color=#ffffff, ~), autoDraw=null, autoLog=true, units=height, ori=null, opacity=1, pos=[0,4], size=undefined, text=Present: m

Absent: v, font=Arial, color=#000000, contrast=1, height=0.1, bold=null, italic=null, alignHoriz=left, alignVert=center, wrapWidth=1, flipHoriz=null, flipVert=null )
281.11892499995884	EXP	Created search_txt_2 = TextStim( name=search_txt_2, win=Window( name=Window, fullscr=true, color=#ffffff, ~), autoDraw=null, autoLog=true, units=height, ori=null, opacity=1, pos=[0,0.44], size=undefined, text=Search...

, font=Arial, color=#008000, contrast=1, height=0.03, bold=null, italic=null, alignHoriz=left, alignVert=center, wrapWidth=1, flipHoriz=null, flipVert=null )
281.11953999998514	EXP	Created search_txt = TextStim( name=search_txt, win=Window( name=Window, fullscr=true, color=#ffffff, ~), autoDraw=null, autoLog=true, units=height, ori=null, opacity=1, pos=[0,0.44], size=undefined, text=Search...

, font=Arial, color=#008000, contrast=1, height=0.03, bold=null, italic=null, alignHoriz=left, alignVert=center, wrapWidth=1, flipHoriz=null, flipVert=null )
281.1217099999776	EXP	Created search_img = ImageStim( name=search_img, win=Window( name=Window, fullscr=true, color=#ffffff, ~), autoDraw=null, autoLog=true, units=height, ori=null, opacity=1, pos=[0,0], size=[0.8533,0.8533], image=undefined, mask=undefined, color=#ffffff, contrast=1, texRes=128, interpolate=null, depth=-1, flipHoriz=null, flipVert=null )
281.1229250000324	EXP	Created text_2 = TextStim( name=text_2, win=Window( name=Window, fullscr=true, color=#ffffff, ~), autoDraw=null, autoLog=true, units=height, ori=null, opacity=1, pos=[0,0], size=undefined, text=Press 'Space Bar' to continue, font=Arial, color=#000000, contrast=1, height=0.04, bold=null, italic=null, alignHoriz=left, alignVert=center, wrapWidth=1, flipHoriz=null, flipVert=null )
281.1242050000001	EXP	Created text = TextStim( name=text, win=Window( name=Window, fullscr=true, color=#ffffff, ~), autoDraw=null, autoLog=true, units=height, ori=null, opacity=1, pos=[0,0], size=undefined, text=default text, font=Arial, color=#000000, contrast=1, height=0.05, bold=null, italic=null, alignHoriz=left, alignVert=center, wrapWidth=1, flipHoriz=null, flipVert=null )
281.3472850000253	EXP	contact_info1: units = "height"
281.3472850000253	EXP	contact_info1: ori = 0
281.3472850000253	EXP	contact_info1: opacity = 1
281.3472850000253	EXP	contact_info1: pos = [0,-0.2]
281.3472850000253	EXP	contact_info1: size = [0.9,0.1]
281.3472850000253	EXP	contact_info1: image = {}
281.3472850000253	EXP	contact_info1: mask = undefined
281.3472850000253	EXP	contact_info1: color = {"_rgb":[1,1,1]}
281.3472850000253	EXP	contact_info1: contrast = 1
281.3472850000253	EXP	contact_info1: texRes = 128
281.3472850000253	EXP	contact_info1: interpolate = true
281.3472850000253	EXP	contact_info1: depth = -4
281.3472850000253	EXP	contact_info1: flipHoriz = false
281.3472850000253	EXP	contact_info1: flipVert = false
281.3472850000253	EXP	consent_question: units = "norm"
281.3472850000253	EXP	consent_question: ori = 0
281.3472850000253	EXP	consent_question: opacity = 1
281.3472850000253	EXP	consent_question: pos = [0,0]
281.3472850000253	EXP	consent_question: size = undefined
281.3472850000253	EXP	consent_question: text = "default text"
281.3472850000253	EXP	consent_question: font = "Arial"
281.3472850000253	EXP	consent_question: color = {"_hex":"#000000","_rgb":[0,0,0]}
281.3472850000253	EXP	consent_question: contrast = 1
281.3472850000253	EXP	consent_question: height = 0.05
281.3472850000253	EXP	consent_question: bold = false
281.3472850000253	EXP	consent_question: italic = false
281.3472850000253	EXP	consent_question: alignHoriz = "left"
281.3472850000253	EXP	consent_question: alignVert = "center"
281.3472850000253	EXP	consent_question: wrapWidth = 1.5
281.3472850000253	EXP	consent_question: flipHoriz = false
281.3472850000253	EXP	consent_question: flipVert = false
281.3472850000253	EXP	consent_1: units = "height"
281.3472850000253	EXP	consent_1: ori = 0
281.3472850000253	EXP	consent_1: opacity = 1
281.3472850000253	EXP	consent_1: pos = [0,0]
281.3472850000253	EXP	consent_1: size = [1,0.8533]
281.3472850000253	EXP	consent_1: image = {}
281.3472850000253	EXP	consent_1: mask = undefined
281.3472850000253	EXP	consent_1: color = {"_rgb":[1,1,1]}
281.3472850000253	EXP	consent_1: contrast = 1
281.3472850000253	EXP	consent_1: texRes = 128
281.3472850000253	EXP	consent_1: interpolate = true
281.3472850000253	EXP	consent_1: depth = 0
281.3472850000253	EXP	consent_1: flipHoriz = false
281.3472850000253	EXP	consent_1: flipVert = false
281.3472850000253	EXP	text_3: units = "height"
281.3472850000253	EXP	text_3: ori = 0
281.3472850000253	EXP	text_3: opacity = 1
281.3472850000253	EXP	text_3: pos = [0,-0.49]
281.3472850000253	EXP	text_3: size = undefined
281.3472850000253	EXP	text_3: text = "After reading, press Space to continue\n\n"
281.3472850000253	EXP	text_3: font = "Arial"
281.3472850000253	EXP	text_3: color = {"_hex":"#000000","_rgb":[0,0,0]}
281.3472850000253	EXP	text_3: contrast = 1
281.3472850000253	EXP	text_3: height = 0.03
281.3472850000253	EXP	text_3: bold = false
281.3472850000253	EXP	text_3: italic = false
281.3472850000253	EXP	text_3: alignHoriz = "left"
281.3472850000253	EXP	text_3: alignVert = "center"
281.3472850000253	EXP	text_3: wrapWidth = 1
281.3472850000253	EXP	text_3: flipHoriz = false
281.3472850000253	EXP	text_3: flipVert = false
281.3472850000253	EXP	consent: units = "height"
281.3472850000253	EXP	consent: ori = 0
281.3472850000253	EXP	consent: opacity = 1
281.3472850000253	EXP	consent: pos = [0,0]
281.3472850000253	EXP	consent: size = [1,0.8533]
281.3472850000253	EXP	consent: image = {}
281.3472850000253	EXP	consent: mask = undefined
281.3472850000253	EXP	consent: color = {"_rgb":[1,1,1]}
281.3472850000253	EXP	consent: contrast = 1
281.3472850000253	EXP	consent: texRes = 128
281.3472850000253	EXP	consent: interpolate = true
281.3472850000253	EXP	consent: depth = 0
281.3472850000253	EXP	consent: flipHoriz = false
281.3472850000253	EXP	consent: flipVert = false
281.3472850000253	EXP	text_4: units = "height"
281.3472850000253	EXP	text_4: ori = 0
281.3472850000253	EXP	text_4: opacity = 1
281.3472850000253	EXP	text_4: pos = [0,-0.49]
281.3472850000253	EXP	text_4: size = undefined
281.3472850000253	EXP	text_4: text = "After reading, press Space to continue\n\n"
281.3472850000253	EXP	text_4: font = "Arial"
281.3472850000253	EXP	text_4: color = {"_hex":"#000000","_rgb":[0,0,0]}
281.3472850000253	EXP	text_4: contrast = 1
281.3472850000253	EXP	text_4: height = 0.03
281.3472850000253	EXP	text_4: bold = false
281.3472850000253	EXP	text_4: italic = false
281.3472850000253	EXP	text_4: alignHoriz = "left"
281.3472850000253	EXP	text_4: alignVert = "center"
281.3472850000253	EXP	text_4: wrapWidth = 1
281.3472850000253	EXP	text_4: flipHoriz = false
281.3472850000253	EXP	text_4: flipVert = false
281.3472850000253	EXP	consent_2: units = "height"
281.3472850000253	EXP	consent_2: ori = 0
281.3472850000253	EXP	consent_2: opacity = 1
281.3472850000253	EXP	consent_2: pos = [0,0]
281.3472850000253	EXP	consent_2: size = [1,0.8533]
281.3472850000253	EXP	consent_2: image = {}
281.3472850000253	EXP	consent_2: mask = undefined
281.3472850000253	EXP	consent_2: color = {"_rgb":[1,1,1]}
281.3472850000253	EXP	consent_2: contrast = 1
281.3472850000253	EXP	consent_2: texRes = 128
281.3472850000253	EXP	consent_2: interpolate = true
281.3472850000253	EXP	consent_2: depth = 0
281.3472850000253	EXP	consent_2: flipHoriz = false
281.3472850000253	EXP	consent_2: flipVert = false
281.3472850000253	EXP	text_5: units = "height"
281.3472850000253	EXP	text_5: ori = 0
281.3472850000253	EXP	text_5: opacity = 1
281.3472850000253	EXP	text_5: pos = [0,-0.49]
281.3472850000253	EXP	text_5: size = undefined
281.3472850000253	EXP	text_5: text = "I consent (Y) I do not consent (Esc)\n"
281.3472850000253	EXP	text_5: font = "Arial"
281.3472850000253	EXP	text_5: color = {"_hex":"#000000","_rgb":[0,0,0]}
281.3472850000253	EXP	text_5: contrast = 1
281.3472850000253	EXP	text_5: height = 0.03
281.3472850000253	EXP	text_5: bold = false
281.3472850000253	EXP	text_5: italic = false
281.3472850000253	EXP	text_5: alignHoriz = "left"
281.3472850000253	EXP	text_5: alignVert = "center"
281.3472850000253	EXP	text_5: wrapWidth = 1
281.3472850000253	EXP	text_5: flipHoriz = false
281.3472850000253	EXP	text_5: flipVert = false
281.3472850000253	EXP	gender_question: units = "height"
281.3472850000253	EXP	gender_question: ori = 0
281.3472850000253	EXP	gender_question: opacity = 1
281.3472850000253	EXP	gender_question: pos = [0,0]
281.3472850000253	EXP	gender_question: size = undefined
281.3472850000253	EXP	gender_question: text = "In order to allow us to describe our sample, we would now like you to answer some demographic questions.\n\nWhat is your gender?\n\nWoman (W)\nMan(M)\nNon-binary (N)\nDifferent identity (D)\nPrefer not to say (P)"
281.3472850000253	EXP	gender_question: font = "Arial"
281.3472850000253	EXP	gender_question: color = {"_hex":"#000000","_rgb":[0,0,0]}
281.3472850000253	EXP	gender_question: contrast = 1
281.3472850000253	EXP	gender_question: height = 0.04
281.3472850000253	EXP	gender_question: bold = false
281.3472850000253	EXP	gender_question: italic = false
281.3472850000253	EXP	gender_question: alignHoriz = "left"
281.3472850000253	EXP	gender_question: alignVert = "center"
281.3472850000253	EXP	gender_question: wrapWidth = 1.5
281.3472850000253	EXP	gender_question: flipHoriz = false
281.3472850000253	EXP	gender_question: flipVert = false
281.3472850000253	EXP	inst_text: units = "height"
281.3472850000253	EXP	inst_text: ori = 0
281.3472850000253	EXP	inst_text: opacity = 1
281.3472850000253	EXP	inst_text: pos = [0,0]
281.3472850000253	EXP	inst_text: size = undefined
281.3472850000253	EXP	inst_text: text = "The next screen shown will require you to memorize the targets.\n\nThis will be followed by a 'Search' screen, \nin which you will use the keys below to indicate if a target is present or absent. \nAt most one of the targets will be present in the search screen.\n\n'M' ->present\n'V'  <-absent \n\nReady? Press 'S' \nto start \n\n"
281.3472850000253	EXP	inst_text: font = "Arial"
281.3472850000253	EXP	inst_text: color = {"_hex":"#000000","_rgb":[0,0,0]}
281.3472850000253	EXP	inst_text: contrast = 1
281.3472850000253	EXP	inst_text: height = 0.04
281.3472850000253	EXP	inst_text: bold = false
281.3472850000253	EXP	inst_text: italic = false
281.3472850000253	EXP	inst_text: alignHoriz = "left"
281.3472850000253	EXP	inst_text: alignVert = "center"
281.3472850000253	EXP	inst_text: wrapWidth = 1
281.3472850000253	EXP	inst_text: flipHoriz = false
281.3472850000253	EXP	inst_text: flipVert = false
281.3472850000253	EXP	fixation_target: units = "pix"
281.3472850000253	EXP	fixation_target: ori = 0
281.3472850000253	EXP	fixation_target: opacity = 1
281.3472850000253	EXP	fixation_target: pos = [0,0]
281.3472850000253	EXP	fixation_target: size = [20,20]
281.3472850000253	EXP	fixation_target: lineWidth = 1
281.3472850000253	EXP	fixation_target: lineColor = {"_rgb":[0,0,0]}
281.3472850000253	EXP	fixation_target: fillColor = {"_rgb":[1,0.5,0.5]}
281.3472850000253	EXP	fixation_target: vertices = [[-0.1,0.5],[0.1,0.5],[0.1,0.1],[0.5,0.1],[0.5,-0.1],[0.1,-0.1],[0.1,-0.5],[-0.1,-0.5],[-0.1,-0.1],[-0.5,-0.1],[-0.5,0.1],[-0.1,0.1]]
281.3472850000253	EXP	fixation_target: closeShape = true
281.3472850000253	EXP	fixation_target: contrast = 1
281.3472850000253	EXP	fixation_target: depth = 0
281.3472850000253	EXP	fixation_target: interpolate = true
281.3472850000253	EXP	corrAns_reminder_text: units = "height"
281.3472850000253	EXP	corrAns_reminder_text: ori = 0
281.3472850000253	EXP	corrAns_reminder_text: opacity = 1
281.3472850000253	EXP	corrAns_reminder_text: pos = [0,4]
281.3472850000253	EXP	corrAns_reminder_text: size = undefined
281.3472850000253	EXP	corrAns_reminder_text: text = "Present: m\n\nAbsent: v"
281.3472850000253	EXP	corrAns_reminder_text: font = "Arial"
281.3472850000253	EXP	corrAns_reminder_text: color = {"_hex":"#000000","_rgb":[0,0,0]}
281.3472850000253	EXP	corrAns_reminder_text: contrast = 1
281.3472850000253	EXP	corrAns_reminder_text: height = 0.1
281.3472850000253	EXP	corrAns_reminder_text: bold = false
281.3472850000253	EXP	corrAns_reminder_text: italic = false
281.3472850000253	EXP	corrAns_reminder_text: alignHoriz = "left"
281.3472850000253	EXP	corrAns_reminder_text: alignVert = "center"
281.3472850000253	EXP	corrAns_reminder_text: wrapWidth = 1
281.3472850000253	EXP	corrAns_reminder_text: flipHoriz = false
281.3472850000253	EXP	corrAns_reminder_text: flipVert = false
281.3472850000253	EXP	memory_2: units = "height"
281.3472850000253	EXP	memory_2: ori = 0
281.3472850000253	EXP	memory_2: opacity = 1
281.3472850000253	EXP	memory_2: pos = [0,0.44]
281.3472850000253	EXP	memory_2: size = undefined
281.3472850000253	EXP	memory_2: text = "Memorise...\n\n"
281.3472850000253	EXP	memory_2: font = "Arial"
281.3472850000253	EXP	memory_2: color = {"_hex":"#FF0000","_rgb":[1,0,0]}
281.3472850000253	EXP	memory_2: contrast = 1
281.3472850000253	EXP	memory_2: height = 0.03
281.3472850000253	EXP	memory_2: bold = false
281.3472850000253	EXP	memory_2: italic = false
281.3472850000253	EXP	memory_2: alignHoriz = "left"
281.3472850000253	EXP	memory_2: alignVert = "center"
281.3472850000253	EXP	memory_2: wrapWidth = 1
281.3472850000253	EXP	memory_2: flipHoriz = false
281.3472850000253	EXP	memory_2: flipVert = false
281.3472850000253	EXP	memory: units = "height"
281.3472850000253	EXP	memory: ori = 0
281.3472850000253	EXP	memory: opacity = 1
281.3472850000253	EXP	memory: pos = [0,0.44]
281.3472850000253	EXP	memory: size = undefined
281.3472850000253	EXP	memory: text = "Memorise...\n\n"
281.3472850000253	EXP	memory: font = "Arial"
281.3472850000253	EXP	memory: color = {"_hex":"#FF0000","_rgb":[1,0,0]}
281.3472850000253	EXP	memory: contrast = 1
281.3472850000253	EXP	memory: height = 0.03
281.3472850000253	EXP	memory: bold = false
281.3472850000253	EXP	memory: italic = false
281.3472850000253	EXP	memory: alignHoriz = "left"
281.3472850000253	EXP	memory: alignVert = "center"
281.3472850000253	EXP	memory: wrapWidth = 1
281.3472850000253	EXP	memory: flipHoriz = false
281.3472850000253	EXP	memory: flipVert = false
281.3472850000253	EXP	target: units = "pix"
281.3472850000253	EXP	target: ori = 0
281.3472850000253	EXP	target: opacity = 1
281.3472850000253	EXP	target: pos = [0,0]
281.3472850000253	EXP	target: size = undefined
281.3472850000253	EXP	target: image = undefined
281.3472850000253	EXP	target: mask = undefined
281.3472850000253	EXP	target: color = {"_rgb":[1,1,1]}
281.3472850000253	EXP	target: contrast = 1
281.3472850000253	EXP	target: texRes = 128
281.3472850000253	EXP	target: interpolate = false
281.3472850000253	EXP	target: depth = -2
281.3472850000253	EXP	target: flipHoriz = false
281.3472850000253	EXP	target: flipVert = false
281.3472850000253	EXP	dist1: units = "pix"
281.3472850000253	EXP	dist1: ori = 0
281.3472850000253	EXP	dist1: opacity = 1
281.3472850000253	EXP	dist1: pos = [0,0]
281.3472850000253	EXP	dist1: size = undefined
281.3472850000253	EXP	dist1: image = undefined
281.3472850000253	EXP	dist1: mask = undefined
281.3472850000253	EXP	dist1: color = {"_rgb":[1,1,1]}
281.3472850000253	EXP	dist1: contrast = 1
281.3472850000253	EXP	dist1: texRes = 128
281.3472850000253	EXP	dist1: interpolate = false
281.3472850000253	EXP	dist1: depth = -3
281.3472850000253	EXP	dist1: flipHoriz = false
281.3472850000253	EXP	dist1: flipVert = false
281.3472850000253	EXP	dist2: units = "pix"
281.3472850000253	EXP	dist2: ori = 0
281.3472850000253	EXP	dist2: opacity = 1
281.3472850000253	EXP	dist2: pos = [0,0]
281.3472850000253	EXP	dist2: size = undefined
281.3472850000253	EXP	dist2: image = undefined
281.3472850000253	EXP	dist2: mask = undefined
281.3472850000253	EXP	dist2: color = {"_rgb":[1,1,1]}
281.3472850000253	EXP	dist2: contrast = 1
281.3472850000253	EXP	dist2: texRes = 128
281.3472850000253	EXP	dist2: interpolate = false
281.3472850000253	EXP	dist2: depth = -4
281.3472850000253	EXP	dist2: flipHoriz = false
281.3472850000253	EXP	dist2: flipVert = false
281.3472850000253	EXP	dist3: units = "pix"
281.3472850000253	EXP	dist3: ori = 0
281.3472850000253	EXP	dist3: opacity = 1
281.3472850000253	EXP	dist3: pos = [0,0]
281.3472850000253	EXP	dist3: size = undefined
281.3472850000253	EXP	dist3: image = undefined
281.3472850000253	EXP	dist3: mask = undefined
281.3472850000253	EXP	dist3: color = {"_rgb":[1,1,1]}
281.3472850000253	EXP	dist3: contrast = 1
281.3472850000253	EXP	dist3: texRes = 128
281.3472850000253	EXP	dist3: interpolate = false
281.3472850000253	EXP	dist3: depth = -5
281.3472850000253	EXP	dist3: flipHoriz = false
281.3472850000253	EXP	dist3: flipVert = false
281.3472850000253	EXP	dist4: units = "pix"
281.3472850000253	EXP	dist4: ori = 0
281.3472850000253	EXP	dist4: opacity = 1
281.3472850000253	EXP	dist4: pos = [0,0]
281.3472850000253	EXP	dist4: size = undefined
281.3472850000253	EXP	dist4: image = undefined
281.3472850000253	EXP	dist4: mask = undefined
281.3472850000253	EXP	dist4: color = {"_rgb":[1,1,1]}
281.3472850000253	EXP	dist4: contrast = 1
281.3472850000253	EXP	dist4: texRes = 128
281.3472850000253	EXP	dist4: interpolate = false
281.3472850000253	EXP	dist4: depth = -6
281.3472850000253	EXP	dist4: flipHoriz = false
281.3472850000253	EXP	dist4: flipVert = false
281.3472850000253	EXP	dist5: units = "pix"
281.3472850000253	EXP	dist5: ori = 0
281.3472850000253	EXP	dist5: opacity = 1
281.3472850000253	EXP	dist5: pos = [0,0]
281.3472850000253	EXP	dist5: size = undefined
281.3472850000253	EXP	dist5: image = undefined
281.3472850000253	EXP	dist5: mask = undefined
281.3472850000253	EXP	dist5: color = {"_rgb":[1,1,1]}
281.3472850000253	EXP	dist5: contrast = 1
281.3472850000253	EXP	dist5: texRes = 128
281.3472850000253	EXP	dist5: interpolate = false
281.3472850000253	EXP	dist5: depth = -7
281.3472850000253	EXP	dist5: flipHoriz = false
281.3472850000253	EXP	dist5: flipVert = false
281.3472850000253	EXP	dist6: units = "pix"
281.3472850000253	EXP	dist6: ori = 0
281.3472850000253	EXP	dist6: opacity = 1
281.3472850000253	EXP	dist6: pos = [0,0]
281.3472850000253	EXP	dist6: size = undefined
281.3472850000253	EXP	dist6: image = undefined
281.3472850000253	EXP	dist6: mask = undefined
281.3472850000253	EXP	dist6: color = {"_rgb":[1,1,1]}
281.3472850000253	EXP	dist6: contrast = 1
281.3472850000253	EXP	dist6: texRes = 128
281.3472850000253	EXP	dist6: interpolate = false
281.3472850000253	EXP	dist6: depth = -8
281.3472850000253	EXP	dist6: flipHoriz = false
281.3472850000253	EXP	dist6: flipVert = false
281.3472850000253	EXP	dist7: units = "pix"
281.3472850000253	EXP	dist7: ori = 0
281.3472850000253	EXP	dist7: opacity = 1
281.3472850000253	EXP	dist7: pos = [0,0]
281.3472850000253	EXP	dist7: size = undefined
281.3472850000253	EXP	dist7: image = undefined
281.3472850000253	EXP	dist7: mask = undefined
281.3472850000253	EXP	dist7: color = {"_rgb":[1,1,1]}
281.3472850000253	EXP	dist7: contrast = 1
281.3472850000253	EXP	dist7: texRes = 128
281.3472850000253	EXP	dist7: interpolate = false
281.3472850000253	EXP	dist7: depth = -9
281.3472850000253	EXP	dist7: flipHoriz = false
281.3472850000253	EXP	dist7: flipVert = false
281.3472850000253	EXP	dist8: units = "pix"
281.3472850000253	EXP	dist8: ori = 0
281.3472850000253	EXP	dist8: opacity = 1
281.3472850000253	EXP	dist8: pos = [0,0]
281.3472850000253	EXP	dist8: size = undefined
281.3472850000253	EXP	dist8: image = undefined
281.3472850000253	EXP	dist8: mask = undefined
281.3472850000253	EXP	dist8: color = {"_rgb":[1,1,1]}
281.3472850000253	EXP	dist8: contrast = 1
281.3472850000253	EXP	dist8: texRes = 128
281.3472850000253	EXP	dist8: interpolate = false
281.3472850000253	EXP	dist8: depth = -10
281.3472850000253	EXP	dist8: flipHoriz = false
281.3472850000253	EXP	dist8: flipVert = false
281.3472850000253	EXP	fixation_target_2: units = "pix"
281.3472850000253	EXP	fixation_target_2: ori = 0
281.3472850000253	EXP	fixation_target_2: opacity = 1
281.3472850000253	EXP	fixation_target_2: pos = [0,0]
281.3472850000253	EXP	fixation_target_2: size = [1,1]
281.3472850000253	EXP	fixation_target_2: lineWidth = 1
281.3472850000253	EXP	fixation_target_2: lineColor = {"_rgb":[0,0,0]}
281.3472850000253	EXP	fixation_target_2: fillColor = {"_rgb":[0.5,1,0.5]}
281.3472850000253	EXP	fixation_target_2: vertices = [[-10,-10],[10,-10],[0,10]]
281.3472850000253	EXP	fixation_target_2: closeShape = true
281.3472850000253	EXP	fixation_target_2: contrast = 1
281.3472850000253	EXP	fixation_target_2: depth = 0
281.3472850000253	EXP	fixation_target_2: interpolate = true
281.3472850000253	EXP	corrAns_reminder_text_2: units = "height"
281.3472850000253	EXP	corrAns_reminder_text_2: ori = 0
281.3472850000253	EXP	corrAns_reminder_text_2: opacity = 1
281.3472850000253	EXP	corrAns_reminder_text_2: pos = [0,4]
281.3472850000253	EXP	corrAns_reminder_text_2: size = undefined
281.3472850000253	EXP	corrAns_reminder_text_2: text = "Present: m\n\nAbsent: v"
281.3472850000253	EXP	corrAns_reminder_text_2: font = "Arial"
281.3472850000253	EXP	corrAns_reminder_text_2: color = {"_hex":"#000000","_rgb":[0,0,0]}
281.3472850000253	EXP	corrAns_reminder_text_2: contrast = 1
281.3472850000253	EXP	corrAns_reminder_text_2: height = 0.1
281.3472850000253	EXP	corrAns_reminder_text_2: bold = false
281.3472850000253	EXP	corrAns_reminder_text_2: italic = false
281.3472850000253	EXP	corrAns_reminder_text_2: alignHoriz = "left"
281.3472850000253	EXP	corrAns_reminder_text_2: alignVert = "center"
281.3472850000253	EXP	corrAns_reminder_text_2: wrapWidth = 1
281.3472850000253	EXP	corrAns_reminder_text_2: flipHoriz = false
281.3472850000253	EXP	corrAns_reminder_text_2: flipVert = false
281.3472850000253	EXP	search_txt_2: units = "height"
281.3472850000253	EXP	search_txt_2: ori = 0
281.3472850000253	EXP	search_txt_2: opacity = 1
281.3472850000253	EXP	search_txt_2: pos = [0,0.44]
281.3472850000253	EXP	search_txt_2: size = undefined
281.3472850000253	EXP	search_txt_2: text = "Search...\n\n"
281.3472850000253	EXP	search_txt_2: font = "Arial"
281.3472850000253	EXP	search_txt_2: color = {"_hex":"#008000","_rgb":[0,0.5019607843137255,0]}
281.3472850000253	EXP	search_txt_2: contrast = 1
281.3472850000253	EXP	search_txt_2: height = 0.03
281.3472850000253	EXP	search_txt_2: bold = false
281.3472850000253	EXP	search_txt_2: italic = false
281.3472850000253	EXP	search_txt_2: alignHoriz = "left"
281.3472850000253	EXP	search_txt_2: alignVert = "center"
281.3472850000253	EXP	search_txt_2: wrapWidth = 1
281.3472850000253	EXP	search_txt_2: flipHoriz = false
281.3472850000253	EXP	search_txt_2: flipVert = false
281.3472850000253	EXP	search_txt: units = "height"
281.3472850000253	EXP	search_txt: ori = 0
281.3472850000253	EXP	search_txt: opacity = 1
281.3472850000253	EXP	search_txt: pos = [0,0.44]
281.3472850000253	EXP	search_txt: size = undefined
281.3472850000253	EXP	search_txt: text = "Search...\n\n"
281.3472850000253	EXP	search_txt: font = "Arial"
281.3472850000253	EXP	search_txt: color = {"_hex":"#008000","_rgb":[0,0.5019607843137255,0]}
281.3472850000253	EXP	search_txt: contrast = 1
281.3472850000253	EXP	search_txt: height = 0.03
281.3472850000253	EXP	search_txt: bold = false
281.3472850000253	EXP	search_txt: italic = false
281.3472850000253	EXP	search_txt: alignHoriz = "left"
281.3472850000253	EXP	search_txt: alignVert = "center"
281.3472850000253	EXP	search_txt: wrapWidth = 1
281.3472850000253	EXP	search_txt: flipHoriz = false
281.3472850000253	EXP	search_txt: flipVert = false
281.3472850000253	EXP	search_img: units = "height"
281.3472850000253	EXP	search_img: ori = 0
281.3472850000253	EXP	search_img: opacity = 1
281.3472850000253	EXP	search_img: pos = [0,0]
281.3472850000253	EXP	search_img: size = [0.8533,0.8533]
281.3472850000253	EXP	search_img: image = undefined
281.3472850000253	EXP	search_img: mask = undefined
281.3472850000253	EXP	search_img: color = {"_rgb":[1,1,1]}
281.3472850000253	EXP	search_img: contrast = 1
281.3472850000253	EXP	search_img: texRes = 128
281.3472850000253	EXP	search_img: interpolate = false
281.3472850000253	EXP	search_img: depth = -1
281.3472850000253	EXP	search_img: flipHoriz = false
281.3472850000253	EXP	search_img: flipVert = false
281.3472850000253	EXP	text_2: units = "height"
281.3472850000253	EXP	text_2: ori = 0
281.3472850000253	EXP	text_2: opacity = 1
281.3472850000253	EXP	text_2: pos = [0,0]
281.3472850000253	EXP	text_2: size = undefined
281.3472850000253	EXP	text_2: text = "Press 'Space Bar' to continue"
281.3472850000253	EXP	text_2: font = "Arial"
281.3472850000253	EXP	text_2: color = {"_hex":"#000000","_rgb":[0,0,0]}
281.3472850000253	EXP	text_2: contrast = 1
281.3472850000253	EXP	text_2: height = 0.04
281.3472850000253	EXP	text_2: bold = false
281.3472850000253	EXP	text_2: italic = false
281.3472850000253	EXP	text_2: alignHoriz = "left"
281.3472850000253	EXP	text_2: alignVert = "center"
281.3472850000253	EXP	text_2: wrapWidth = 1
281.3472850000253	EXP	text_2: flipHoriz = false
281.3472850000253	EXP	text_2: flipVert = false
281.3472850000253	EXP	text: units = "height"
281.3472850000253	EXP	text: ori = 0
281.3472850000253	EXP	text: opacity = 1
281.3472850000253	EXP	text: pos = [0,0]
281.3472850000253	EXP	text: size = undefined
281.3472850000253	EXP	text: text = "default text"
281.3472850000253	EXP	text: font = "Arial"
281.3472850000253	EXP	text: color = {"_hex":"#000000","_rgb":[0,0,0]}
281.3472850000253	EXP	text: contrast = 1
281.3472850000253	EXP	text: height = 0.05
281.3472850000253	EXP	text: bold = false
281.3472850000253	EXP	text: italic = false
281.3472850000253	EXP	text: alignHoriz = "left"
281.3472850000253	EXP	text: alignVert = "center"
281.3472850000253	EXP	text: wrapWidth = 1
281.3472850000253	EXP	text: flipHoriz = false
281.3472850000253	EXP	text: flipVert = false
281.3472850000253	EXP	consent_question: text = "Welcome to the first part of the study!\n Your participant ID is: 0000\n\n Please write down this number \n Ready to start? Press the Y key when ready"
281.3472850000253	EXP	contact_info1: autoDraw = true
281.3472850000253	EXP	consent_question: autoDraw = true
289.7830649999669	DATA	Mouse: 0 button down, pos=(611,230)
289.9135650000535	DATA	Mouse: 0 button down, pos=(611,230)
295.3795450000325	DATA	Mouse: 0 button down, pos=(663,334)
295.5108150000451	DATA	Mouse: 0 button down, pos=(663,334)
297.2705099999439	DATA	Keydown: y
297.3367599999765	EXP	contact_info1: autoDraw = false
297.3367599999765	EXP	consent_question: autoDraw = false
297.3367599999765	EXP	consent_1: autoDraw = true
297.3367599999765	EXP	text_3: autoDraw = true
300.35830500000156	DATA	Mouse: wheel shift=(0,33.33333206176758), pos=(663,334)
300.4082649999764	DATA	Mouse: wheel shift=(0,33.33333206176758), pos=(663,334)
304.15365999995265	DATA	Mouse: wheel shift=(0,33.33333206176758), pos=(663,334)
304.17036500002723	DATA	Mouse: wheel shift=(0,53.33333206176758), pos=(663,334)
304.1870049999561	DATA	Mouse: wheel shift=(0,80), pos=(663,334)
304.2036450000014	DATA	Mouse: wheel shift=(0,53.33333206176758), pos=(663,334)
304.2202250000555	DATA	Mouse: wheel shift=(0,40), pos=(663,334)
304.2369300000137	DATA	Mouse: wheel shift=(0,33.33333206176758), pos=(663,334)
304.2702800000552	DATA	Mouse: wheel shift=(0,33.33333206176758), pos=(663,334)
304.3035399999935	DATA	Mouse: wheel shift=(0,33.33333206176758), pos=(663,334)
304.35351499996614	DATA	Mouse: wheel shift=(0,33.33333206176758), pos=(663,334)
307.89466999995057	DATA	Keydown: F11
340.8932799999602	DATA	Keydown:  
340.93675500003155	EXP	consent_1: autoDraw = false
340.93675500003155	EXP	text_3: autoDraw = false
340.93675500003155	EXP	consent: autoDraw = true
340.93675500003155	EXP	text_4: autoDraw = true
344.1543150000507	DATA	Keydown:  
344.1978550000349	EXP	consent: autoDraw = false
344.1978550000349	EXP	text_4: autoDraw = false
344.1978550000349	EXP	consent_2: autoDraw = true
344.1978550000349	EXP	text_5: autoDraw = true
351.4735299999593	DATA	Keydown: y
351.4997549999971	EXP	consent_2: autoDraw = false
351.4997549999971	EXP	text_5: autoDraw = false
351.4997549999971	EXP	gender_question: autoDraw = true
354.66940999997314	DATA	Keydown: m
354.7384600000223	EXP	gender_question: autoDraw = false
354.7384600000223	EXP	inst_text: autoDraw = true
365.7782049999805	DATA	Keydown: s
365.9296499999473	EXP	inst_text: autoDraw = false
365.9296499999473	EXP	fixation_target: autoDraw = true
365.9296499999473	EXP	corrAns_reminder_text: autoDraw = true
365.9296499999473	EXP	memory_2: autoDraw = true
366.29316500003915	EXP	fixation_target: autoDraw = false
366.29316500003915	EXP	corrAns_reminder_text: autoDraw = false
366.29316500003915	EXP	memory_2: autoDraw = false
366.29316500003915	EXP	target: opacity = 1
366.29316500003915	EXP	target: pos = [-200,-150]
366.29316500003915	EXP	target: image = {}
366.29316500003915	EXP	dist1: opacity = 1
366.29316500003915	EXP	dist1: pos = [-100,-200]
366.29316500003915	EXP	dist1: image = {}
366.29316500003915	EXP	dist2: opacity = 1
366.29316500003915	EXP	dist2: pos = [200,200]
366.29316500003915	EXP	dist2: image = {}
366.29316500003915	EXP	dist3: opacity = 1
366.29316500003915	EXP	dist3: pos = [400,-100]
366.29316500003915	EXP	dist3: image = {}
366.29316500003915	EXP	dist4: opacity = 0
366.29316500003915	EXP	dist4: pos = [0,250]
366.29316500003915	EXP	dist4: image = {}
366.29316500003915	EXP	dist5: opacity = 0
366.29316500003915	EXP	dist5: pos = [-300,-50]
366.29316500003915	EXP	dist5: image = {}
366.29316500003915	EXP	dist6: opacity = 0
366.29316500003915	EXP	dist6: pos = [-400,150]
366.29316500003915	EXP	dist6: image = {}
366.29316500003915	EXP	dist7: opacity = 0
366.29316500003915	EXP	dist7: pos = [300,50]
366.29316500003915	EXP	dist7: image = {}
366.29316500003915	EXP	dist8: opacity = 0
366.29316500003915	EXP	dist8: pos = [100,100]
366.29316500003915	EXP	dist8: image = {}
366.29316500003915	EXP	memory: autoDraw = true
366.29316500003915	EXP	target: autoDraw = true
366.29316500003915	EXP	dist1: autoDraw = true
366.29316500003915	EXP	dist2: autoDraw = true
366.29316500003915	EXP	dist3: autoDraw = true
366.29316500003915	EXP	dist4: autoDraw = true
366.29316500003915	EXP	dist5: autoDraw = true
366.29316500003915	EXP	dist6: autoDraw = true
366.29316500003915	EXP	dist7: autoDraw = true
366.29316500003915	EXP	dist8: autoDraw = true
370.29921500000637	EXP	memory: autoDraw = false
370.29921500000637	EXP	target: autoDraw = false
370.29921500000637	EXP	dist1: autoDraw = false
370.29921500000637	EXP	dist2: autoDraw = false
370.29921500000637	EXP	dist3: autoDraw = false
370.29921500000637	EXP	dist4: autoDraw = false
370.29921500000637	EXP	dist5: autoDraw = false
370.29921500000637	EXP	dist6: autoDraw = false
370.29921500000637	EXP	dist7: autoDraw = false
370.29921500000637	EXP	dist8: autoDraw = false
370.29921500000637	EXP	memory: autoDraw = false
370.29921500000637	EXP	target: autoDraw = false
370.29921500000637	EXP	dist1: autoDraw = false
370.29921500000637	EXP	dist2: autoDraw = false
370.29921500000637	EXP	dist3: autoDraw = false
370.29921500000637	EXP	dist4: autoDraw = false
370.29921500000637	EXP	dist5: autoDraw = false
370.29921500000637	EXP	dist6: autoDraw = false
370.29921500000637	EXP	dist7: autoDraw = false
370.29921500000637	EXP	dist8: autoDraw = false
370.29921500000637	EXP	fixation_target_2: autoDraw = true
370.29921500000637	EXP	corrAns_reminder_text_2: autoDraw = true
370.29921500000637	EXP	search_txt_2: autoDraw = true
370.83501499996055	EXP	fixation_target_2: autoDraw = false
370.83501499996055	EXP	corrAns_reminder_text_2: autoDraw = false
370.83501499996055	EXP	search_txt_2: autoDraw = false
370.83501499996055	EXP	fixation_target_2: autoDraw = false
370.83501499996055	EXP	corrAns_reminder_text_2: autoDraw = false
370.83501499996055	EXP	search_txt_2: autoDraw = false
370.83501499996055	EXP	search_img: opacity = 1
370.83501499996055	EXP	search_img: image = {}
370.83501499996055	EXP	search_txt: autoDraw = true
370.83501499996055	EXP	search_img: autoDraw = true
374.05253500002436	DATA	Keydown: ,
376.86872499994934	DATA	Mouse: 0 button down, pos=(514,320)
377.00135999999475	DATA	Mouse: 0 button down, pos=(514,320)
377.8456849999493	DATA	Keydown: v
377.8569750000024	EXP	search_txt: autoDraw = false
377.8569750000024	EXP	search_img: autoDraw = false
377.8569750000024	EXP	text_2: autoDraw = true
377.8569750000024	EXP	text_2: autoDraw = false
377.87309000000823	EXP	text_2: autoDraw = false
377.87309000000823	EXP	fixation_target: autoDraw = true
377.87309000000823	EXP	corrAns_reminder_text: autoDraw = true
377.87309000000823	EXP	memory_2: autoDraw = true
378.3779850000283	EXP	fixation_target: autoDraw = false
378.3779850000283	EXP	corrAns_reminder_text: autoDraw = false
378.3779850000283	EXP	memory_2: autoDraw = false
378.3779850000283	EXP	fixation_target: autoDraw = false
378.3779850000283	EXP	corrAns_reminder_text: autoDraw = false
378.3779850000283	EXP	memory_2: autoDraw = false
378.3779850000283	EXP	target: opacity = 1
378.3779850000283	EXP	target: pos = [300,-150]
378.3779850000283	EXP	target: image = {}
378.3779850000283	EXP	dist1: opacity = 1
378.3779850000283	EXP	dist1: pos = [-100,100]
378.3779850000283	EXP	dist1: image = {}
378.3779850000283	EXP	dist2: opacity = 1
378.3779850000283	EXP	dist2: pos = [200,-200]
378.3779850000283	EXP	dist2: image = {}
378.3779850000283	EXP	dist3: opacity = 1
378.3779850000283	EXP	dist3: pos = [-400,250]
378.3779850000283	EXP	dist3: image = {}
378.3779850000283	EXP	dist4: opacity = 0
378.3779850000283	EXP	dist4: pos = [-200,0]
378.3779850000283	EXP	dist4: image = {}
378.3779850000283	EXP	dist5: opacity = 0
378.3779850000283	EXP	dist5: pos = [0,50]
378.3779850000283	EXP	dist5: image = {}
378.3779850000283	EXP	dist6: opacity = 0
378.3779850000283	EXP	dist6: pos = [100,-100]
378.3779850000283	EXP	dist6: image = {}
378.3779850000283	EXP	dist7: opacity = 0
378.3779850000283	EXP	dist7: pos = [-300,200]
378.3779850000283	EXP	dist7: image = {}
378.3779850000283	EXP	dist8: opacity = 0
378.3779850000283	EXP	dist8: pos = [400,-50]
378.3779850000283	EXP	dist8: image = {}
378.3779850000283	EXP	memory: autoDraw = true
378.3779850000283	EXP	target: autoDraw = true
378.3779850000283	EXP	dist1: autoDraw = true
378.3779850000283	EXP	dist2: autoDraw = true
378.3779850000283	EXP	dist3: autoDraw = true
378.3779850000283	EXP	dist4: autoDraw = true
378.3779850000283	EXP	dist5: autoDraw = true
378.3779850000283	EXP	dist6: autoDraw = true
378.3779850000283	EXP	dist7: autoDraw = true
378.3779850000283	EXP	dist8: autoDraw = true
382.3664550000103	EXP	memory: autoDraw = false
382.3664550000103	EXP	target: autoDraw = false
382.3664550000103	EXP	dist1: autoDraw = false
382.3664550000103	EXP	dist2: autoDraw = false
382.3664550000103	EXP	dist3: autoDraw = false
382.3664550000103	EXP	dist4: autoDraw = false
382.3664550000103	EXP	dist5: autoDraw = false
382.3664550000103	EXP	dist6: autoDraw = false
382.3664550000103	EXP	dist7: autoDraw = false
382.3664550000103	EXP	dist8: autoDraw = false
382.3664550000103	EXP	memory: autoDraw = false
382.3664550000103	EXP	target: autoDraw = false
382.3664550000103	EXP	dist1: autoDraw = false
382.3664550000103	EXP	dist2: autoDraw = false
382.3664550000103	EXP	dist3: autoDraw = false
382.3664550000103	EXP	dist4: autoDraw = false
382.3664550000103	EXP	dist5: autoDraw = false
382.3664550000103	EXP	dist6: autoDraw = false
382.3664550000103	EXP	dist7: autoDraw = false
382.3664550000103	EXP	dist8: autoDraw = false
382.3664550000103	EXP	fixation_target_2: autoDraw = true
382.3664550000103	EXP	corrAns_reminder_text_2: autoDraw = true
382.3664550000103	EXP	search_txt_2: autoDraw = true
382.9039600000251	EXP	fixation_target_2: autoDraw = false
382.9039600000251	EXP	corrAns_reminder_text_2: autoDraw = false
382.9039600000251	EXP	search_txt_2: autoDraw = false
382.9039600000251	EXP	fixation_target_2: autoDraw = false
382.9039600000251	EXP	corrAns_reminder_text_2: autoDraw = false
382.9039600000251	EXP	search_txt_2: autoDraw = false
382.9039600000251	EXP	search_img: opacity = 1
382.9039600000251	EXP	search_img: image = {}
382.9039600000251	EXP	search_txt: autoDraw = true
382.9039600000251	EXP	search_img: autoDraw = true
386.01361999998335	DATA	Keydown: v
386.02847500005737	EXP	search_txt: autoDraw = false
386.02847500005737	EXP	search_img: autoDraw = false
386.02847500005737	EXP	text_2: autoDraw = true
386.02847500005737	EXP	text_2: autoDraw = false
386.045999999973	EXP	text_2: autoDraw = false
386.045999999973	EXP	fixation_target: autoDraw = true
386.045999999973	EXP	corrAns_reminder_text: autoDraw = true
386.045999999973	EXP	memory_2: autoDraw = true
386.5493799999822	EXP	fixation_target: autoDraw = false
386.5493799999822	EXP	corrAns_reminder_text: autoDraw = false
386.5493799999822	EXP	memory_2: autoDraw = false
386.5493799999822	EXP	fixation_target: autoDraw = false
386.5493799999822	EXP	corrAns_reminder_text: autoDraw = false
386.5493799999822	EXP	memory_2: autoDraw = false
386.5493799999822	EXP	target: opacity = 1
386.5493799999822	EXP	target: pos = [400,250]
386.5493799999822	EXP	target: image = {}
386.5493799999822	EXP	dist1: opacity = 1
386.5493799999822	EXP	dist1: pos = [200,50]
386.5493799999822	EXP	dist1: image = {}
386.5493799999822	EXP	dist2: opacity = 1
386.5493799999822	EXP	dist2: pos = [-300,100]
386.5493799999822	EXP	dist2: image = {}
386.5493799999822	EXP	dist3: opacity = 1
386.5493799999822	EXP	dist3: pos = [100,200]
386.5493799999822	EXP	dist3: image = {}
386.5493799999822	EXP	dist4: opacity = 0
386.5493799999822	EXP	dist4: pos = [0,-50]
386.5493799999822	EXP	dist4: image = {}
386.5493799999822	EXP	dist5: opacity = 0
386.5493799999822	EXP	dist5: pos = [-100,-150]
386.5493799999822	EXP	dist5: image = {}
386.5493799999822	EXP	dist6: opacity = 0
386.5493799999822	EXP	dist6: pos = [300,150]
386.5493799999822	EXP	dist6: image = {}
386.5493799999822	EXP	dist7: opacity = 0
386.5493799999822	EXP	dist7: pos = [-400,-200]
386.5493799999822	EXP	dist7: image = {}
386.5493799999822	EXP	dist8: opacity = 0
386.5493799999822	EXP	dist8: pos = [-200,-100]
386.5493799999822	EXP	dist8: image = {}
386.5493799999822	EXP	memory: autoDraw = true
386.5493799999822	EXP	target: autoDraw = true
386.5493799999822	EXP	dist1: autoDraw = true
386.5493799999822	EXP	dist2: autoDraw = true
386.5493799999822	EXP	dist3: autoDraw = true
386.5493799999822	EXP	dist4: autoDraw = true
386.5493799999822	EXP	dist5: autoDraw = true
386.5493799999822	EXP	dist6: autoDraw = true
386.5493799999822	EXP	dist7: autoDraw = true
386.5493799999822	EXP	dist8: autoDraw = true
390.540410000016	EXP	memory: autoDraw = false
390.540410000016	EXP	target: autoDraw = false
390.540410000016	EXP	dist1: autoDraw = false
390.540410000016	EXP	dist2: autoDraw = false
390.540410000016	EXP	dist3: autoDraw = false
390.540410000016	EXP	dist4: autoDraw = false
390.540410000016	EXP	dist5: autoDraw = false
390.540410000016	EXP	dist6: autoDraw = false
390.540410000016	EXP	dist7: autoDraw = false
390.540410000016	EXP	dist8: autoDraw = false
390.540410000016	EXP	memory: autoDraw = false
390.540410000016	EXP	target: autoDraw = false
390.540410000016	EXP	dist1: autoDraw = false
390.540410000016	EXP	dist2: autoDraw = false
390.540410000016	EXP	dist3: autoDraw = false
390.540410000016	EXP	dist4: autoDraw = false
390.540410000016	EXP	dist5: autoDraw = false
390.540410000016	EXP	dist6: autoDraw = false
390.540410000016	EXP	dist7: autoDraw = false
390.540410000016	EXP	dist8: autoDraw = false
390.540410000016	EXP	fixation_target_2: autoDraw = true
390.540410000016	EXP	corrAns_reminder_text_2: autoDraw = true
390.540410000016	EXP	search_txt_2: autoDraw = true
391.1119600000093	EXP	fixation_target_2: autoDraw = false
391.1119600000093	EXP	corrAns_reminder_text_2: autoDraw = false
391.1119600000093	EXP	search_txt_2: autoDraw = false
391.1119600000093	EXP	fixation_target_2: autoDraw = false
391.1119600000093	EXP	corrAns_reminder_text_2: autoDraw = false
391.1119600000093	EXP	search_txt_2: autoDraw = false
391.1119600000093	EXP	search_img: opacity = 1
391.1119600000093	EXP	search_img: image = {}
391.1119600000093	EXP	search_txt: autoDraw = true
391.1119600000093	EXP	search_img: autoDraw = true
396.72094499995	DATA	Keydown: v
396.73268000001553	EXP	search_txt: autoDraw = false
396.73268000001553	EXP	search_img: autoDraw = false
396.73268000001553	EXP	text_2: autoDraw = true
396.73268000001553	EXP	text_2: autoDraw = false
396.7507050000131	EXP	text_2: autoDraw = false
396.7507050000131	EXP	fixation_target: autoDraw = true
396.7507050000131	EXP	corrAns_reminder_text: autoDraw = true
396.7507050000131	EXP	memory_2: autoDraw = true
397.251825000043	EXP	fixation_target: autoDraw = false
397.251825000043	EXP	corrAns_reminder_text: autoDraw = false
397.251825000043	EXP	memory_2: autoDraw = false
397.251825000043	EXP	fixation_target: autoDraw = false
397.251825000043	EXP	corrAns_reminder_text: autoDraw = false
397.251825000043	EXP	memory_2: autoDraw = false
397.251825000043	EXP	target: opacity = 0
397.251825000043	EXP	target: pos = [-200,-100]
397.251825000043	EXP	target: image = {}
397.251825000043	EXP	dist1: opacity = 1
397.251825000043	EXP	dist1: pos = [-400,-150]
397.251825000043	EXP	dist1: image = {}
397.251825000043	EXP	dist2: opacity = 0
397.251825000043	EXP	dist2: pos = [300,50]
397.251825000043	EXP	dist2: image = {}
397.251825000043	EXP	dist3: opacity = 0
397.251825000043	EXP	dist3: pos = [0,100]
397.251825000043	EXP	dist3: image = {}
397.251825000043	EXP	dist4: opacity = 0
397.251825000043	EXP	dist4: pos = [400,-200]
397.251825000043	EXP	dist4: image = {}
397.251825000043	EXP	dist5: opacity = 0
397.251825000043	EXP	dist5: pos = [100,200]
397.251825000043	EXP	dist5: image = {}
397.251825000043	EXP	dist6: opacity = 0
397.251825000043	EXP	dist6: pos = [-300,250]
397.251825000043	EXP	dist6: image = {}
397.251825000043	EXP	dist7: opacity = 0
397.251825000043	EXP	dist7: pos = [200,0]
397.251825000043	EXP	dist7: image = {}
397.251825000043	EXP	dist8: opacity = 0
397.251825000043	EXP	dist8: pos = [-100,-50]
397.251825000043	EXP	dist8: image = {}
397.251825000043	EXP	memory: autoDraw = true
397.251825000043	EXP	target: autoDraw = true
397.251825000043	EXP	dist1: autoDraw = true
397.251825000043	EXP	dist2: autoDraw = true
397.251825000043	EXP	dist3: autoDraw = true
397.251825000043	EXP	dist4: autoDraw = true
397.251825000043	EXP	dist5: autoDraw = true
397.251825000043	EXP	dist6: autoDraw = true
397.251825000043	EXP	dist7: autoDraw = true
397.251825000043	EXP	dist8: autoDraw = true
398.24846999999136	EXP	memory: autoDraw = false
398.24846999999136	EXP	target: autoDraw = false
398.24846999999136	EXP	dist1: autoDraw = false
398.24846999999136	EXP	dist2: autoDraw = false
398.24846999999136	EXP	dist3: autoDraw = false
398.24846999999136	EXP	dist4: autoDraw = false
398.24846999999136	EXP	dist5: autoDraw = false
398.24846999999136	EXP	dist6: autoDraw = false
398.24846999999136	EXP	dist7: autoDraw = false
398.24846999999136	EXP	dist8: autoDraw = false
398.24846999999136	EXP	memory: autoDraw = false
398.24846999999136	EXP	target: autoDraw = false
398.24846999999136	EXP	dist1: autoDraw = false
398.24846999999136	EXP	dist2: autoDraw = false
398.24846999999136	EXP	dist3: autoDraw = false
398.24846999999136	EXP	dist4: autoDraw = false
398.24846999999136	EXP	dist5: autoDraw = false
398.24846999999136	EXP	dist6: autoDraw = false
398.24846999999136	EXP	dist7: autoDraw = false
398.24846999999136	EXP	dist8: autoDraw = false
398.24846999999136	EXP	fixation_target_2: autoDraw = true
398.24846999999136	EXP	corrAns_reminder_text_2: autoDraw = true
398.24846999999136	EXP	search_txt_2: autoDraw = true
398.78442000004	EXP	fixation_target_2: autoDraw = false
398.78442000004	EXP	corrAns_reminder_text_2: autoDraw = false
398.78442000004	EXP	search_txt_2: autoDraw = false
398.78442000004	EXP	fixation_target_2: autoDraw = false
398.78442000004	EXP	corrAns_reminder_text_2: autoDraw = false
398.78442000004	EXP	search_txt_2: autoDraw = false
398.78442000004	EXP	search_img: opacity = 1
398.78442000004	EXP	search_img: image = {}
398.78442000004	EXP	search_txt: autoDraw = true
398.78442000004	EXP	search_img: autoDraw = true
400.10673999995925	DATA	Keydown: m
400.1122350000078	EXP	search_txt: autoDraw = false
400.1122350000078	EXP	search_img: autoDraw = false
400.1122350000078	EXP	text_2: autoDraw = true
400.1122350000078	EXP	text_2: autoDraw = false
400.1293950000545	EXP	text_2: autoDraw = false
400.1293950000545	EXP	fixation_target: autoDraw = true
400.1293950000545	EXP	corrAns_reminder_text: autoDraw = true
400.1293950000545	EXP	memory_2: autoDraw = true
400.63259499997366	EXP	fixation_target: autoDraw = false
400.63259499997366	EXP	corrAns_reminder_text: autoDraw = false
400.63259499997366	EXP	memory_2: autoDraw = false
400.63259499997366	EXP	fixation_target: autoDraw = false
400.63259499997366	EXP	corrAns_reminder_text: autoDraw = false
400.63259499997366	EXP	memory_2: autoDraw = false
400.63259499997366	EXP	target: opacity = 0
400.63259499997366	EXP	target: pos = [-300,100]
400.63259499997366	EXP	target: image = {}
400.63259499997366	EXP	dist1: opacity = 1
400.63259499997366	EXP	dist1: pos = [300,50]
400.63259499997366	EXP	dist1: image = {}
400.63259499997366	EXP	dist2: opacity = 1
400.63259499997366	EXP	dist2: pos = [-400,-50]
400.63259499997366	EXP	dist2: image = {}
400.63259499997366	EXP	dist3: opacity = 0
400.63259499997366	EXP	dist3: pos = [-200,-100]
400.63259499997366	EXP	dist3: image = {}
400.63259499997366	EXP	dist4: opacity = 0
400.63259499997366	EXP	dist4: pos = [400,-200]
400.63259499997366	EXP	dist4: image = {}
400.63259499997366	EXP	dist5: opacity = 0
400.63259499997366	EXP	dist5: pos = [0,0]
400.63259499997366	EXP	dist5: image = {}
400.63259499997366	EXP	dist6: opacity = 0
400.63259499997366	EXP	dist6: pos = [200,150]
400.63259499997366	EXP	dist6: image = {}
400.63259499997366	EXP	dist7: opacity = 0
400.63259499997366	EXP	dist7: pos = [100,-150]
400.63259499997366	EXP	dist7: image = {}
400.63259499997366	EXP	dist8: opacity = 0
400.63259499997366	EXP	dist8: pos = [-100,200]
400.63259499997366	EXP	dist8: image = {}
400.63259499997366	EXP	memory: autoDraw = true
400.63259499997366	EXP	target: autoDraw = true
400.63259499997366	EXP	dist1: autoDraw = true
400.63259499997366	EXP	dist2: autoDraw = true
400.63259499997366	EXP	dist3: autoDraw = true
400.63259499997366	EXP	dist4: autoDraw = true
400.63259499997366	EXP	dist5: autoDraw = true
400.63259499997366	EXP	dist6: autoDraw = true
400.63259499997366	EXP	dist7: autoDraw = true
400.63259499997366	EXP	dist8: autoDraw = true
402.62629499996547	EXP	memory: autoDraw = false
402.62629499996547	EXP	target: autoDraw = false
402.62629499996547	EXP	dist1: autoDraw = false
402.62629499996547	EXP	dist2: autoDraw = false
402.62629499996547	EXP	dist3: autoDraw = false
402.62629499996547	EXP	dist4: autoDraw = false
402.62629499996547	EXP	dist5: autoDraw = false
402.62629499996547	EXP	dist6: autoDraw = false
402.62629499996547	EXP	dist7: autoDraw = false
402.62629499996547	EXP	dist8: autoDraw = false
402.62629499996547	EXP	memory: autoDraw = false
402.62629499996547	EXP	target: autoDraw = false
402.62629499996547	EXP	dist1: autoDraw = false
402.62629499996547	EXP	dist2: autoDraw = false
402.62629499996547	EXP	dist3: autoDraw = false
402.62629499996547	EXP	dist4: autoDraw = false
402.62629499996547	EXP	dist5: autoDraw = false
402.62629499996547	EXP	dist6: autoDraw = false
402.62629499996547	EXP	dist7: autoDraw = false
402.62629499996547	EXP	dist8: autoDraw = false
402.62629499996547	EXP	fixation_target_2: autoDraw = true
402.62629499996547	EXP	corrAns_reminder_text_2: autoDraw = true
402.62629499996547	EXP	search_txt_2: autoDraw = true
403.16135499998927	EXP	fixation_target_2: autoDraw = false
403.16135499998927	EXP	corrAns_reminder_text_2: autoDraw = false
403.16135499998927	EXP	search_txt_2: autoDraw = false
403.16135499998927	EXP	fixation_target_2: autoDraw = false
403.16135499998927	EXP	corrAns_reminder_text_2: autoDraw = false
403.16135499998927	EXP	search_txt_2: autoDraw = false
403.16135499998927	EXP	search_img: opacity = 1
403.16135499998927	EXP	search_img: image = {}
403.16135499998927	EXP	search_txt: autoDraw = true
403.16135499998927	EXP	search_img: autoDraw = true
404.9630950000137	DATA	Keydown: m
404.9736199999461	EXP	search_txt: autoDraw = false
404.9736199999461	EXP	search_img: autoDraw = false
404.9736199999461	EXP	text_2: autoDraw = true
404.9736199999461	EXP	text_2: autoDraw = false
404.9906450000126	EXP	text_2: autoDraw = false
404.9906450000126	EXP	fixation_target: autoDraw = true
404.9906450000126	EXP	corrAns_reminder_text: autoDraw = true
404.9906450000126	EXP	memory_2: autoDraw = true
405.4943300000159	EXP	fixation_target: autoDraw = false
405.4943300000159	EXP	corrAns_reminder_text: autoDraw = false
405.4943300000159	EXP	memory_2: autoDraw = false
405.4943300000159	EXP	fixation_target: autoDraw = false
405.4943300000159	EXP	corrAns_reminder_text: autoDraw = false
405.4943300000159	EXP	memory_2: autoDraw = false
405.4943300000159	EXP	target: opacity = 0
405.4943300000159	EXP	target: pos = [0,50]
405.4943300000159	EXP	target: image = {}
405.4943300000159	EXP	dist1: opacity = 1
405.4943300000159	EXP	dist1: pos = [-300,100]
405.4943300000159	EXP	dist1: image = {}
405.4943300000159	EXP	dist2: opacity = 1
405.4943300000159	EXP	dist2: pos = [300,0]
405.4943300000159	EXP	dist2: image = {}
405.4943300000159	EXP	dist3: opacity = 1
405.4943300000159	EXP	dist3: pos = [400,150]
405.4943300000159	EXP	dist3: image = {}
405.4943300000159	EXP	dist4: opacity = 1
405.4943300000159	EXP	dist4: pos = [200,250]
405.4943300000159	EXP	dist4: image = {}
405.4943300000159	EXP	dist5: opacity = 0
405.4943300000159	EXP	dist5: pos = [100,200]
405.4943300000159	EXP	dist5: image = {}
405.4943300000159	EXP	dist6: opacity = 0
405.4943300000159	EXP	dist6: pos = [-200,-50]
405.4943300000159	EXP	dist6: image = {}
405.4943300000159	EXP	dist7: opacity = 0
405.4943300000159	EXP	dist7: pos = [-400,-100]
405.4943300000159	EXP	dist7: image = {}
405.4943300000159	EXP	dist8: opacity = 0
405.4943300000159	EXP	dist8: pos = [-100,-150]
405.4943300000159	EXP	dist8: image = {}
405.4943300000159	EXP	memory: autoDraw = true
405.4943300000159	EXP	target: autoDraw = true
405.4943300000159	EXP	dist1: autoDraw = true
405.4943300000159	EXP	dist2: autoDraw = true
405.4943300000159	EXP	dist3: autoDraw = true
405.4943300000159	EXP	dist4: autoDraw = true
405.4943300000159	EXP	dist5: autoDraw = true
405.4943300000159	EXP	dist6: autoDraw = true
405.4943300000159	EXP	dist7: autoDraw = true
405.4943300000159	EXP	dist8: autoDraw = true
409.4851550000021	EXP	memory: autoDraw = false
409.4851550000021	EXP	target: autoDraw = false
409.4851550000021	EXP	dist1: autoDraw = false
409.4851550000021	EXP	dist2: autoDraw = false
409.4851550000021	EXP	dist3: autoDraw = false
409.4851550000021	EXP	dist4: autoDraw = false
409.4851550000021	EXP	dist5: autoDraw = false
409.4851550000021	EXP	dist6: autoDraw = false
409.4851550000021	EXP	dist7: autoDraw = false
409.4851550000021	EXP	dist8: autoDraw = false
409.4851550000021	EXP	memory: autoDraw = false
409.4851550000021	EXP	target: autoDraw = false
409.4851550000021	EXP	dist1: autoDraw = false
409.4851550000021	EXP	dist2: autoDraw = false
409.4851550000021	EXP	dist3: autoDraw = false
409.4851550000021	EXP	dist4: autoDraw = false
409.4851550000021	EXP	dist5: autoDraw = false
409.4851550000021	EXP	dist6: autoDraw = false
409.4851550000021	EXP	dist7: autoDraw = false
409.4851550000021	EXP	dist8: autoDraw = false
409.4851550000021	EXP	fixation_target_2: autoDraw = true
409.4851550000021	EXP	corrAns_reminder_text_2: autoDraw = true
409.4851550000021	EXP	search_txt_2: autoDraw = true
410.05578000005335	EXP	fixation_target_2: autoDraw = false
410.05578000005335	EXP	corrAns_reminder_text_2: autoDraw = false
410.05578000005335	EXP	search_txt_2: autoDraw = false
410.05578000005335	EXP	fixation_target_2: autoDraw = false
410.05578000005335	EXP	corrAns_reminder_text_2: autoDraw = false
410.05578000005335	EXP	search_txt_2: autoDraw = false
410.05578000005335	EXP	search_img: opacity = 1
410.05578000005335	EXP	search_img: image = {}
410.05578000005335	EXP	search_txt: autoDraw = true
410.05578000005335	EXP	search_img: autoDraw = true
412.48722500004806	DATA	Keydown: m
412.49787500000093	EXP	search_txt: autoDraw = false
412.49787500000093	EXP	search_img: autoDraw = false
412.49787500000093	EXP	text_2: autoDraw = true
412.49787500000093	EXP	text_2: autoDraw = false
412.5155800000066	EXP	text_2: autoDraw = false
412.5155800000066	EXP	fixation_target: autoDraw = true
412.5155800000066	EXP	corrAns_reminder_text: autoDraw = true
412.5155800000066	EXP	memory_2: autoDraw = true
413.01789500005543	EXP	fixation_target: autoDraw = false
413.01789500005543	EXP	corrAns_reminder_text: autoDraw = false
413.01789500005543	EXP	memory_2: autoDraw = false
413.01789500005543	EXP	fixation_target: autoDraw = false
413.01789500005543	EXP	corrAns_reminder_text: autoDraw = false
413.01789500005543	EXP	memory_2: autoDraw = false
413.01789500005543	EXP	target: opacity = 1
413.01789500005543	EXP	target: pos = [-300,100]
413.01789500005543	EXP	target: image = {}
413.01789500005543	EXP	dist1: opacity = 0
413.01789500005543	EXP	dist1: pos = [400,200]
413.01789500005543	EXP	dist1: image = {}
413.01789500005543	EXP	dist2: opacity = 0
413.01789500005543	EXP	dist2: pos = [200,50]
413.01789500005543	EXP	dist2: image = {}
413.01789500005543	EXP	dist3: opacity = 0
413.01789500005543	EXP	dist3: pos = [-200,150]
413.01789500005543	EXP	dist3: image = {}
413.01789500005543	EXP	dist4: opacity = 0
413.01789500005543	EXP	dist4: pos = [0,0]
413.01789500005543	EXP	dist4: image = {}
413.01789500005543	EXP	dist5: opacity = 0
413.01789500005543	EXP	dist5: pos = [300,-150]
413.01789500005543	EXP	dist5: image = {}
413.01789500005543	EXP	dist6: opacity = 0
413.01789500005543	EXP	dist6: pos = [-100,-200]
413.01789500005543	EXP	dist6: image = {}
413.01789500005543	EXP	dist7: opacity = 0
413.01789500005543	EXP	dist7: pos = [-400,250]
413.01789500005543	EXP	dist7: image = {}
413.01789500005543	EXP	dist8: opacity = 0
413.01789500005543	EXP	dist8: pos = [100,-50]
413.01789500005543	EXP	dist8: image = {}
413.01789500005543	EXP	memory: autoDraw = true
413.01789500005543	EXP	target: autoDraw = true
413.01789500005543	EXP	dist1: autoDraw = true
413.01789500005543	EXP	dist2: autoDraw = true
413.01789500005543	EXP	dist3: autoDraw = true
413.01789500005543	EXP	dist4: autoDraw = true
413.01789500005543	EXP	dist5: autoDraw = true
413.01789500005543	EXP	dist6: autoDraw = true
413.01789500005543	EXP	dist7: autoDraw = true
413.01789500005543	EXP	dist8: autoDraw = true
414.01332999998704	EXP	memory: autoDraw = false
414.01332999998704	EXP	target: autoDraw = false
414.01332999998704	EXP	dist1: autoDraw = false
414.01332999998704	EXP	dist2: autoDraw = false
414.01332999998704	EXP	dist3: autoDraw = false
414.01332999998704	EXP	dist4: autoDraw = false
414.01332999998704	EXP	dist5: autoDraw = false
414.01332999998704	EXP	dist6: autoDraw = false
414.01332999998704	EXP	dist7: autoDraw = false
414.01332999998704	EXP	dist8: autoDraw = false
414.01332999998704	EXP	memory: autoDraw = false
414.01332999998704	EXP	target: autoDraw = false
414.01332999998704	EXP	dist1: autoDraw = false
414.01332999998704	EXP	dist2: autoDraw = false
414.01332999998704	EXP	dist3: autoDraw = false
414.01332999998704	EXP	dist4: autoDraw = false
414.01332999998704	EXP	dist5: autoDraw = false
414.01332999998704	EXP	dist6: autoDraw = false
414.01332999998704	EXP	dist7: autoDraw = false
414.01332999998704	EXP	dist8: autoDraw = false
414.01332999998704	EXP	fixation_target_2: autoDraw = true
414.01332999998704	EXP	corrAns_reminder_text_2: autoDraw = true
414.01332999998704	EXP	search_txt_2: autoDraw = true
414.54839000001084	EXP	fixation_target_2: autoDraw = false
414.54839000001084	EXP	corrAns_reminder_text_2: autoDraw = false
414.54839000001084	EXP	search_txt_2: autoDraw = false
414.54839000001084	EXP	fixation_target_2: autoDraw = false
414.54839000001084	EXP	corrAns_reminder_text_2: autoDraw = false
414.54839000001084	EXP	search_txt_2: autoDraw = false
414.54839000001084	EXP	search_img: opacity = 1
414.54839000001084	EXP	search_img: image = {}
414.54839000001084	EXP	search_txt: autoDraw = true
414.54839000001084	EXP	search_img: autoDraw = true
416.3508600000059	DATA	Keydown: v
416.36014999996405	EXP	search_txt: autoDraw = false
416.36014999996405	EXP	search_img: autoDraw = false
416.36014999996405	EXP	text_2: autoDraw = true
416.36014999996405	EXP	text_2: autoDraw = false
416.37751000002027	EXP	text_2: autoDraw = false
416.37751000002027	EXP	fixation_target: autoDraw = true
416.37751000002027	EXP	corrAns_reminder_text: autoDraw = true
416.37751000002027	EXP	memory_2: autoDraw = true
416.8811099999584	EXP	fixation_target: autoDraw = false
416.8811099999584	EXP	corrAns_reminder_text: autoDraw = false
416.8811099999584	EXP	memory_2: autoDraw = false
416.8811099999584	EXP	fixation_target: autoDraw = false
416.8811099999584	EXP	corrAns_reminder_text: autoDraw = false
416.8811099999584	EXP	memory_2: autoDraw = false
416.8811099999584	EXP	target: opacity = 0
416.8811099999584	EXP	target: pos = [-300,250]
416.8811099999584	EXP	target: image = {}
416.8811099999584	EXP	dist1: opacity = 1
416.8811099999584	EXP	dist1: pos = [300,50]
416.8811099999584	EXP	dist1: image = {}
416.8811099999584	EXP	dist2: opacity = 1
416.8811099999584	EXP	dist2: pos = [200,100]
416.8811099999584	EXP	dist2: image = {}
416.8811099999584	EXP	dist3: opacity = 1
416.8811099999584	EXP	dist3: pos = [-400,-150]
416.8811099999584	EXP	dist3: image = {}
416.8811099999584	EXP	dist4: opacity = 1
416.8811099999584	EXP	dist4: pos = [100,0]
416.8811099999584	EXP	dist4: image = {}
416.8811099999584	EXP	dist5: opacity = 0
416.8811099999584	EXP	dist5: pos = [400,150]
416.8811099999584	EXP	dist5: image = {}
416.8811099999584	EXP	dist6: opacity = 0
416.8811099999584	EXP	dist6: pos = [-100,-200]
416.8811099999584	EXP	dist6: image = {}
416.8811099999584	EXP	dist7: opacity = 0
416.8811099999584	EXP	dist7: pos = [-200,200]
416.8811099999584	EXP	dist7: image = {}
416.8811099999584	EXP	dist8: opacity = 0
416.8811099999584	EXP	dist8: pos = [0,-100]
416.8811099999584	EXP	dist8: image = {}
416.8811099999584	EXP	memory: autoDraw = true
416.8811099999584	EXP	target: autoDraw = true
416.8811099999584	EXP	dist1: autoDraw = true
416.8811099999584	EXP	dist2: autoDraw = true
416.8811099999584	EXP	dist3: autoDraw = true
416.8811099999584	EXP	dist4: autoDraw = true
416.8811099999584	EXP	dist5: autoDraw = true
416.8811099999584	EXP	dist6: autoDraw = true
416.8811099999584	EXP	dist7: autoDraw = true
416.8811099999584	EXP	dist8: autoDraw = true
420.87303999997675	EXP	memory: autoDraw = false
420.87303999997675	EXP	target: autoDraw = false
420.87303999997675	EXP	dist1: autoDraw = false
420.87303999997675	EXP	dist2: autoDraw = false
420.87303999997675	EXP	dist3: autoDraw = false
420.87303999997675	EXP	dist4: autoDraw = false
420.87303999997675	EXP	dist5: autoDraw = false
420.87303999997675	EXP	dist6: autoDraw = false
420.87303999997675	EXP	dist7: autoDraw = false
420.87303999997675	EXP	dist8: autoDraw = false
420.87303999997675	EXP	memory: autoDraw = false
420.87303999997675	EXP	target: autoDraw = false
420.87303999997675	EXP	dist1: autoDraw = false
420.87303999997675	EXP	dist2: autoDraw = false
420.87303999997675	EXP	dist3: autoDraw = false
420.87303999997675	EXP	dist4: autoDraw = false
420.87303999997675	EXP	dist5: autoDraw = false
420.87303999997675	EXP	dist6: autoDraw = false
420.87303999997675	EXP	dist7: autoDraw = false
420.87303999997675	EXP	dist8: autoDraw = false
420.87303999997675	EXP	fixation_target_2: autoDraw = true
420.87303999997675	EXP	corrAns_reminder_text_2: autoDraw = true
420.87303999997675	EXP	search_txt_2: autoDraw = true
421.43663500004914	EXP	fixation_target_2: autoDraw = false
421.43663500004914	EXP	corrAns_reminder_text_2: autoDraw = false
421.43663500004914	EXP	search_txt_2: autoDraw = false
421.43663500004914	EXP	fixation_target_2: autoDraw = false
421.43663500004914	EXP	corrAns_reminder_text_2: autoDraw = false
421.43663500004914	EXP	search_txt_2: autoDraw = false
421.43663500004914	EXP	search_img: opacity = 1
421.43663500004914	EXP	search_img: image = {}
421.43663500004914	EXP	search_txt: autoDraw = true
421.43663500004914	EXP	search_img: autoDraw = true
423.4376400000183	DATA	Keydown: v
423.4521099999547	EXP	search_txt: autoDraw = false
423.4521099999547	EXP	search_img: autoDraw = false
423.4521099999547	EXP	text_2: autoDraw = true
423.4521099999547	EXP	text_2: autoDraw = false
423.46967999998014	EXP	text_2: autoDraw = false
423.46967999998014	EXP	fixation_target: autoDraw = true
423.46967999998014	EXP	corrAns_reminder_text: autoDraw = true
423.46967999998014	EXP	memory_2: autoDraw = true
423.9719899999909	EXP	fixation_target: autoDraw = false
423.9719899999909	EXP	corrAns_reminder_text: autoDraw = false
423.9719899999909	EXP	memory_2: autoDraw = false
423.9719899999909	EXP	fixation_target: autoDraw = false
423.9719899999909	EXP	corrAns_reminder_text: autoDraw = false
423.9719899999909	EXP	memory_2: autoDraw = false
423.9719899999909	EXP	target: opacity = 1
423.9719899999909	EXP	target: pos = [-300,50]
423.9719899999909	EXP	target: image = {}
423.9719899999909	EXP	dist1: opacity = 0
423.9719899999909	EXP	dist1: pos = [-100,-100]
423.9719899999909	EXP	dist1: image = {}
423.9719899999909	EXP	dist2: opacity = 0
423.9719899999909	EXP	dist2: pos = [100,100]
423.9719899999909	EXP	dist2: image = {}
423.9719899999909	EXP	dist3: opacity = 0
423.9719899999909	EXP	dist3: pos = [400,-150]
423.9719899999909	EXP	dist3: image = {}
423.9719899999909	EXP	dist4: opacity = 0
423.9719899999909	EXP	dist4: pos = [300,-200]
423.9719899999909	EXP	dist4: image = {}
423.9719899999909	EXP	dist5: opacity = 0
423.9719899999909	EXP	dist5: pos = [-200,150]
423.9719899999909	EXP	dist5: image = {}
423.9719899999909	EXP	dist6: opacity = 0
423.9719899999909	EXP	dist6: pos = [0,250]
423.9719899999909	EXP	dist6: image = {}
423.9719899999909	EXP	dist7: opacity = 0
423.9719899999909	EXP	dist7: pos = [200,-50]
423.9719899999909	EXP	dist7: image = {}
423.9719899999909	EXP	dist8: opacity = 0
423.9719899999909	EXP	dist8: pos = [-400,200]
423.9719899999909	EXP	dist8: image = {}
423.9719899999909	EXP	memory: autoDraw = true
423.9719899999909	EXP	target: autoDraw = true
423.9719899999909	EXP	dist1: autoDraw = true
423.9719899999909	EXP	dist2: autoDraw = true
423.9719899999909	EXP	dist3: autoDraw = true
423.9719899999909	EXP	dist4: autoDraw = true
423.9719899999909	EXP	dist5: autoDraw = true
423.9719899999909	EXP	dist6: autoDraw = true
423.9719899999909	EXP	dist7: autoDraw = true
423.9719899999909	EXP	dist8: autoDraw = true
424.9675699999789	EXP	memory: autoDraw = false
424.9675699999789	EXP	target: autoDraw = false
424.9675699999789	EXP	dist1: autoDraw = false
424.9675699999789	EXP	dist2: autoDraw = false
424.9675699999789	EXP	dist3: autoDraw = false
424.9675699999789	EXP	dist4: autoDraw = false
424.9675699999789	EXP	dist5: autoDraw = false
424.9675699999789	EXP	dist6: autoDraw = false
424.9675699999789	EXP	dist7: autoDraw = false
424.9675699999789	EXP	dist8: autoDraw = false
424.9675699999789	EXP	memory: autoDraw = false
424.9675699999789	EXP	target: autoDraw = false
424.9675699999789	EXP	dist1: autoDraw = false
424.9675699999789	EXP	dist2: autoDraw = false
424.9675699999789	EXP	dist3: autoDraw = false
424.9675699999789	EXP	dist4: autoDraw = false
424.9675699999789	EXP	dist5: autoDraw = false
424.9675699999789	EXP	dist6: autoDraw = false
424.9675699999789	EXP	dist7: autoDraw = false
424.9675699999789	EXP	dist8: autoDraw = false
424.9675699999789	EXP	fixation_target_2: autoDraw = true
424.9675699999789	EXP	corrAns_reminder_text_2: autoDraw = true
424.9675699999789	EXP	search_txt_2: autoDraw = true
425.5538350000279	EXP	fixation_target_2: autoDraw = false
425.5538350000279	EXP	corrAns_reminder_text_2: autoDraw = false
425.5538350000279	EXP	search_txt_2: autoDraw = false
425.5538350000279	EXP	fixation_target_2: autoDraw = false
425.5538350000279	EXP	corrAns_reminder_text_2: autoDraw = false
425.5538350000279	EXP	search_txt_2: autoDraw = false
425.5538350000279	EXP	search_img: opacity = 1
425.5538350000279	EXP	search_img: image = {}
425.5538350000279	EXP	search_txt: autoDraw = true
425.5538350000279	EXP	search_img: autoDraw = true
426.8263100000331	DATA	Keydown: v
426.8315400000429	EXP	search_txt: autoDraw = false
426.8315400000429	EXP	search_img: autoDraw = false
426.8315400000429	EXP	text_2: autoDraw = true
426.8315400000429	EXP	text_2: autoDraw = false
426.84911499999	EXP	text_2: autoDraw = false
426.84911499999	EXP	fixation_target: autoDraw = true
426.84911499999	EXP	corrAns_reminder_text: autoDraw = true
426.84911499999	EXP	memory_2: autoDraw = true
427.35236500005703	EXP	fixation_target: autoDraw = false
427.35236500005703	EXP	corrAns_reminder_text: autoDraw = false
427.35236500005703	EXP	memory_2: autoDraw = false
427.35236500005703	EXP	fixation_target: autoDraw = false
427.35236500005703	EXP	corrAns_reminder_text: autoDraw = false
427.35236500005703	EXP	memory_2: autoDraw = false
427.35236500005703	EXP	target: opacity = 0
427.35236500005703	EXP	target: pos = [100,50]
427.35236500005703	EXP	target: image = {}
427.35236500005703	EXP	dist1: opacity = 1
427.35236500005703	EXP	dist1: pos = [-200,-150]
427.35236500005703	EXP	dist1: image = {}
427.35236500005703	EXP	dist2: opacity = 1
427.35236500005703	EXP	dist2: pos = [-300,250]
427.35236500005703	EXP	dist2: image = {}
427.35236500005703	EXP	dist3: opacity = 1
427.35236500005703	EXP	dist3: pos = [0,-200]
427.35236500005703	EXP	dist3: image = {}
427.35236500005703	EXP	dist4: opacity = 1
427.35236500005703	EXP	dist4: pos = [300,-50]
427.35236500005703	EXP	dist4: image = {}
427.35236500005703	EXP	dist5: opacity = 0
427.35236500005703	EXP	dist5: pos = [-400,0]
427.35236500005703	EXP	dist5: image = {}
427.35236500005703	EXP	dist6: opacity = 0
427.35236500005703	EXP	dist6: pos = [200,150]
427.35236500005703	EXP	dist6: image = {}
427.35236500005703	EXP	dist7: opacity = 0
427.35236500005703	EXP	dist7: pos = [400,200]
427.35236500005703	EXP	dist7: image = {}
427.35236500005703	EXP	dist8: opacity = 0
427.35236500005703	EXP	dist8: pos = [-100,-100]
427.35236500005703	EXP	dist8: image = {}
427.35236500005703	EXP	memory: autoDraw = true
427.35236500005703	EXP	target: autoDraw = true
427.35236500005703	EXP	dist1: autoDraw = true
427.35236500005703	EXP	dist2: autoDraw = true
427.35236500005703	EXP	dist3: autoDraw = true
427.35236500005703	EXP	dist4: autoDraw = true
427.35236500005703	EXP	dist5: autoDraw = true
427.35236500005703	EXP	dist6: autoDraw = true
427.35236500005703	EXP	dist7: autoDraw = true
427.35236500005703	EXP	dist8: autoDraw = true
430.5949650000548	DATA	Keydown: Escape
