3.6676 	WARNING 	We strongly recommend you activate the PTB sound engine in PsychoPy prefs as the preferred audio engine. Its timing is vastly superior. Your prefs are currently set to use ['sounddevice', 'PTB', 'pyo', 'pygame'] (in that order).
19.8719 	WARNING 	User requested fullscreen with size [1440  900], but screen is actually [1920, 1200]. Using actual size
23.5853 	WARNING 	Couldn't measure a consistent frame rate.
  - Is your graphics card set to sync to vertical blank?
  - Are you running other processes on your computer?

23.5864 	EXP 	Created window1 = Window(allowGUI=False, allowStencil=False, args=UNKNOWN, autoLog=True, bitsMode=UNKNOWN, blendMode='avg', bpc=(8, 8, 8), color=array([1., 1., 1.]), colorSpace='rgb', depthBits=8, fullscr=<method-wrapper '__getattribute__' of attributeSetter object at 0x132867f28>, gamma=None, gammaErrorPolicy='raise', kwargs=UNKNOWN, lms=UNKNOWN, monitor=<psychopy.monitors.calibTools.Monitor object at 0x132665908>, multiSample=False, name='window1', numSamples=2, pos=[480.0, 300.0], screen=0, size=array([3840, 2400]), stencilBits=0, stereo=False, units='height', useFBO=True, useRetina=True, viewOri=0.0, viewPos=None, viewScale=None, waitBlanking=True, winType='pyglet')
23.5864 	EXP 	window1: recordFrameIntervals = False
23.8141 	EXP 	window1: recordFrameIntervals = True
23.8643 	WARNING 	t of last frame was 29.53ms (=1/33)
23.8850 	WARNING 	t of last frame was 20.71ms (=1/48)
23.9149 	WARNING 	t of last frame was 29.88ms (=1/33)
23.9371 	WARNING 	t of last frame was 22.15ms (=1/45)
23.9630 	WARNING 	Multiple dropped frames have occurred - I'll stop bothering you about them!
26.1502 	WARNING 	Couldn't measure a consistent frame rate.
  - Is your graphics card set to sync to vertical blank?
  - Are you running other processes on your computer?

26.5630 	EXP 	Created consent_1 = ImageStim(__class__=<class 'psychopy.visual.image.ImageStim'>, autoLog=True, color=array([1., 1., 1.]), colorSpace='rgb', contrast=1.0, depth=0.0, flipHoriz=False, flipVert=False, image='Slide1.jpg', interpolate=True, mask=None, maskParams=None, name='consent_1', opacity=1.0, ori=0.0, pos=array([0., 0.]), size=array([0.8533, 0.8533]), texRes=128, units='height', win=Window(...))
26.8778 	EXP 	Created text_3 = TextStim(__class__=<class 'psychopy.visual.text.TextStim'>, alignHoriz=method-wrapper(...), alignText='center', alignVert=method-wrapper(...), anchorHoriz='center', anchorVert='center', antialias=True, autoLog=True, bold=False, color='black', colorSpace='named', contrast=1.0, depth=-2.0, flipHoriz=False, flipVert=False, font='Arial', fontFiles=[], height=0.03, italic=False, languageStyle='LTR', name='text_3', opacity=1.0, ori=0, pos=array([ 0.  , -0.49]), rgb=array([0., 0., 0.]), text='After reading, press Space to continue\n\n', units='height', win=Window(...), wrapWidth=1)
26.9165 	EXP 	Created consent = ImageStim(__class__=<class 'psychopy.visual.image.ImageStim'>, autoLog=True, color=array([1., 1., 1.]), colorSpace='rgb', contrast=1.0, depth=0.0, flipHoriz=False, flipVert=False, image='Slide2.jpg', interpolate=True, mask=None, maskParams=None, name='consent', opacity=1.0, ori=0.0, pos=array([0., 0.]), size=array([0.8533, 0.8533]), texRes=128, units='height', win=Window(...))
26.9484 	EXP 	Created text_4 = TextStim(__class__=<class 'psychopy.visual.text.TextStim'>, alignHoriz=method-wrapper(...), alignText='center', alignVert=method-wrapper(...), anchorHoriz='center', anchorVert='center', antialias=True, autoLog=True, bold=False, color='black', colorSpace='named', contrast=1.0, depth=-2.0, flipHoriz=False, flipVert=False, font='Arial', fontFiles=[], height=0.03, italic=False, languageStyle='LTR', name='text_4', opacity=1.0, ori=0, pos=array([ 0.  , -0.49]), rgb=array([0., 0., 0.]), text='After reading, press Space to continue\n\n', units='height', win=Window(...), wrapWidth=1)
26.9851 	EXP 	Created consent_2 = ImageStim(__class__=<class 'psychopy.visual.image.ImageStim'>, autoLog=True, color=array([1., 1., 1.]), colorSpace='rgb', contrast=1.0, depth=0.0, flipHoriz=False, flipVert=False, image='Slide3.jpg', interpolate=True, mask=None, maskParams=None, name='consent_2', opacity=1.0, ori=0.0, pos=array([0., 0.]), size=array([0.8533, 0.8533]), texRes=128, units='height', win=Window(...))
27.0273 	EXP 	Created text_5 = TextStim(__class__=<class 'psychopy.visual.text.TextStim'>, alignHoriz=method-wrapper(...), alignText='center', alignVert=method-wrapper(...), anchorHoriz='center', anchorVert='center', antialias=True, autoLog=True, bold=False, color='black', colorSpace='named', contrast=1.0, depth=-2.0, flipHoriz=False, flipVert=False, font='Arial', fontFiles=[], height=0.03, italic=False, languageStyle='LTR', name='text_5', opacity=1.0, ori=0, pos=array([ 0.  , -0.49]), rgb=array([0., 0., 0.]), text='I consent (Y) I do not consent (Esc)\n', units='height', win=Window(...), wrapWidth=1)
27.0690 	EXP 	Created inst_text = TextStim(__class__=<class 'psychopy.visual.text.TextStim'>, alignHoriz=method-wrapper(...), alignText='center', alignVert=method-wrapper(...), anchorHoriz='center', anchorVert='center', antialias=True, autoLog=True, bold=False, color='black', colorSpace='named', contrast=1.0, depth=0.0, flipHoriz=False, flipVert=False, font='Arial', fontFiles=[], height=0.04, italic=False, languageStyle='LTR', name='inst_text', opacity=1.0, ori=0, pos=array([0., 0.]), rgb=array([0., 0., 0.]), text=str(...), units='height', win=Window(...), wrapWidth=1)
27.0995 	EXP 	Created fixation_target = ShapeStim(__class__=<class 'psychopy.visual.shape.ShapeStim'>, autoDraw=False, autoLog=True, closeShape=True, contrast=1.0, depth=0.0, fillColor=array([1., 0., 0.]), fillColorSpace='rgb', interpolate=True, lineColor=array([-1., -1., -1.]), lineColorSpace='rgb', lineWidth=1, name='fixation_target', opacity=1.0, ori=array(0.), pos=array([0., 0.]), size=array([20., 20.]), units='pix', vertices=ndarray(...), win=Window(...), windingRule=None)
27.1141 	EXP 	Created corrAns_reminder_text = TextStim(__class__=<class 'psychopy.visual.text.TextStim'>, alignHoriz=method-wrapper(...), alignText='center', alignVert=method-wrapper(...), anchorHoriz='center', anchorVert='center', antialias=True, autoLog=True, bold=False, color='black', colorSpace='named', contrast=1.0, depth=-1.0, flipHoriz=False, flipVert=False, font='Arial', fontFiles=[], height=0.1, italic=False, languageStyle='LTR', name='corrAns_reminder_text', opacity=1.0, ori=0, pos=array([0., 4.]), rgb=array([0., 0., 0.]), text='Present: m\n\nAbsent: v', units='height', win=Window(...), wrapWidth=1)
27.1207 	EXP 	Created memory_2 = TextStim(__class__=<class 'psychopy.visual.text.TextStim'>, alignHoriz=method-wrapper(...), alignText='center', alignVert=method-wrapper(...), anchorHoriz='center', anchorVert='center', antialias=True, autoLog=True, bold=False, color='red', colorSpace='named', contrast=1.0, depth=-2.0, flipHoriz=False, flipVert=False, font='Arial', fontFiles=[], height=0.03, italic=False, languageStyle='LTR', name='memory_2', opacity=1.0, ori=0, pos=array([0.  , 0.44]), rgb=array([255.,   0.,   0.]), text='Memorise...\n\n', units='height', win=Window(...), wrapWidth=1)
27.1244 	EXP 	Created memory = TextStim(__class__=<class 'psychopy.visual.text.TextStim'>, alignHoriz=method-wrapper(...), alignText='center', alignVert=method-wrapper(...), anchorHoriz='center', anchorVert='center', antialias=True, autoLog=True, bold=False, color='red', colorSpace='named', contrast=1.0, depth=-1.0, flipHoriz=False, flipVert=False, font='Arial', fontFiles=[], height=0.03, italic=False, languageStyle='LTR', name='memory', opacity=1.0, ori=0, pos=array([0.  , 0.44]), rgb=array([255.,   0.,   0.]), text='Memorise...\n\n', units='height', win=Window(...), wrapWidth=1)
27.1267 	EXP 	Created target = ImageStim(__class__=<class 'psychopy.visual.image.ImageStim'>, autoLog=True, color=array([1., 1., 1.]), colorSpace='rgb', contrast=1.0, depth=-2.0, flipHoriz=False, flipVert=False, image='sin', interpolate=False, mask=None, maskParams=None, name='target', opacity=1.0, ori=0.0, pos=array([0., 0.]), size=array([0.5, 0.5]), texRes=128, units='pix', win=Window(...))
27.1283 	EXP 	Created dist1 = ImageStim(__class__=<class 'psychopy.visual.image.ImageStim'>, autoLog=True, color=array([1., 1., 1.]), colorSpace='rgb', contrast=1.0, depth=-3.0, flipHoriz=False, flipVert=False, image='sin', interpolate=False, mask=None, maskParams=None, name='dist1', opacity=1.0, ori=0.0, pos=array([0., 0.]), size=array([0.5, 0.5]), texRes=128, units='pix', win=Window(...))
27.1300 	EXP 	Created dist2 = ImageStim(__class__=<class 'psychopy.visual.image.ImageStim'>, autoLog=True, color=array([1., 1., 1.]), colorSpace='rgb', contrast=1.0, depth=-4.0, flipHoriz=False, flipVert=False, image='sin', interpolate=False, mask=None, maskParams=None, name='dist2', opacity=1.0, ori=0.0, pos=array([0., 0.]), size=array([0.5, 0.5]), texRes=128, units='pix', win=Window(...))
27.1316 	EXP 	Created dist3 = ImageStim(__class__=<class 'psychopy.visual.image.ImageStim'>, autoLog=True, color=array([1., 1., 1.]), colorSpace='rgb', contrast=1.0, depth=-5.0, flipHoriz=False, flipVert=False, image='sin', interpolate=False, mask=None, maskParams=None, name='dist3', opacity=1.0, ori=0.0, pos=array([0., 0.]), size=array([0.5, 0.5]), texRes=128, units='pix', win=Window(...))
27.1332 	EXP 	Created dist4 = ImageStim(__class__=<class 'psychopy.visual.image.ImageStim'>, autoLog=True, color=array([1., 1., 1.]), colorSpace='rgb', contrast=1.0, depth=-6.0, flipHoriz=False, flipVert=False, image='sin', interpolate=False, mask=None, maskParams=None, name='dist4', opacity=1.0, ori=0.0, pos=array([0., 0.]), size=array([0.5, 0.5]), texRes=128, units='pix', win=Window(...))
27.1349 	EXP 	Created dist5 = ImageStim(__class__=<class 'psychopy.visual.image.ImageStim'>, autoLog=True, color=array([1., 1., 1.]), colorSpace='rgb', contrast=1.0, depth=-7.0, flipHoriz=False, flipVert=False, image='sin', interpolate=False, mask=None, maskParams=None, name='dist5', opacity=1.0, ori=0.0, pos=array([0., 0.]), size=array([0.5, 0.5]), texRes=128, units='pix', win=Window(...))
27.1366 	EXP 	Created dist6 = ImageStim(__class__=<class 'psychopy.visual.image.ImageStim'>, autoLog=True, color=array([1., 1., 1.]), colorSpace='rgb', contrast=1.0, depth=-8.0, flipHoriz=False, flipVert=False, image='sin', interpolate=False, mask=None, maskParams=None, name='dist6', opacity=1.0, ori=0.0, pos=array([0., 0.]), size=array([0.5, 0.5]), texRes=128, units='pix', win=Window(...))
27.1382 	EXP 	Created dist7 = ImageStim(__class__=<class 'psychopy.visual.image.ImageStim'>, autoLog=True, color=array([1., 1., 1.]), colorSpace='rgb', contrast=1.0, depth=-9.0, flipHoriz=False, flipVert=False, image='sin', interpolate=False, mask=None, maskParams=None, name='dist7', opacity=1.0, ori=0.0, pos=array([0., 0.]), size=array([0.5, 0.5]), texRes=128, units='pix', win=Window(...))
27.1399 	EXP 	Created dist8 = ImageStim(__class__=<class 'psychopy.visual.image.ImageStim'>, autoLog=True, color=array([1., 1., 1.]), colorSpace='rgb', contrast=1.0, depth=-10.0, flipHoriz=False, flipVert=False, image='sin', interpolate=False, mask=None, maskParams=None, name='dist8', opacity=1.0, ori=0.0, pos=array([0., 0.]), size=array([0.5, 0.5]), texRes=128, units='pix', win=Window(...))
27.1414 	EXP 	Created fixation_target_2 = ShapeStim(__class__=<class 'psychopy.visual.shape.ShapeStim'>, autoDraw=False, autoLog=True, closeShape=True, contrast=1.0, depth=0.0, fillColor=array([0., 1., 0.]), fillColorSpace='rgb', interpolate=True, lineColor=array([-1., -1., -1.]), lineColorSpace='rgb', lineWidth=1, name='fixation_target_2', opacity=1.0, ori=array(0.), pos=array([0., 0.]), size=array([1., 1.]), units='pix', vertices=ndarray(...), win=Window(...), windingRule=None)
27.1450 	EXP 	Created corrAns_reminder_text_2 = TextStim(__class__=<class 'psychopy.visual.text.TextStim'>, alignHoriz=method-wrapper(...), alignText='center', alignVert=method-wrapper(...), anchorHoriz='center', anchorVert='center', antialias=True, autoLog=True, bold=False, color='black', colorSpace='named', contrast=1.0, depth=-1.0, flipHoriz=False, flipVert=False, font='Arial', fontFiles=[], height=0.1, italic=False, languageStyle='LTR', name='corrAns_reminder_text_2', opacity=1.0, ori=0, pos=array([0., 4.]), rgb=array([0., 0., 0.]), text='Present: m\n\nAbsent: v', units='height', win=Window(...), wrapWidth=1)
27.1497 	EXP 	Created search_txt_2 = TextStim(__class__=<class 'psychopy.visual.text.TextStim'>, alignHoriz=method-wrapper(...), alignText='center', alignVert=method-wrapper(...), anchorHoriz='center', anchorVert='center', antialias=True, autoLog=True, bold=False, color='green', colorSpace='named', contrast=1.0, depth=-2.0, flipHoriz=False, flipVert=False, font='Arial', fontFiles=[], height=0.03, italic=False, languageStyle='LTR', name='search_txt_2', opacity=1.0, ori=0, pos=array([0.  , 0.44]), rgb=array([  0., 128.,   0.]), text='Search...\n\n', units='height', win=Window(...), wrapWidth=1)
27.1522 	EXP 	Created search_txt = TextStim(__class__=<class 'psychopy.visual.text.TextStim'>, alignHoriz=method-wrapper(...), alignText='center', alignVert=method-wrapper(...), anchorHoriz='center', anchorVert='center', antialias=True, autoLog=True, bold=False, color='green', colorSpace='named', contrast=1.0, depth=0.0, flipHoriz=False, flipVert=False, font='Arial', fontFiles=[], height=0.03, italic=False, languageStyle='LTR', name='search_txt', opacity=1.0, ori=0, pos=array([0.  , 0.44]), rgb=array([  0., 128.,   0.]), text='Search...\n\n', units='height', win=Window(...), wrapWidth=1)
27.1543 	EXP 	Created search_img = ImageStim(__class__=<class 'psychopy.visual.image.ImageStim'>, autoLog=True, color=array([1., 1., 1.]), colorSpace='rgb', contrast=1.0, depth=-1.0, flipHoriz=False, flipVert=False, image='sin', interpolate=False, mask=None, maskParams=None, name='search_img', opacity=1.0, ori=0.0, pos=array([0., 0.]), size=array([0.8533, 0.8533]), texRes=128, units='height', win=Window(...))
27.1972 	EXP 	Created text_2 = TextStim(__class__=<class 'psychopy.visual.text.TextStim'>, alignHoriz=method-wrapper(...), alignText='center', alignVert=method-wrapper(...), anchorHoriz='center', anchorVert='center', antialias=True, autoLog=True, bold=False, color='black', colorSpace='named', contrast=1.0, depth=-1.0, flipHoriz=False, flipVert=False, font='Arial', fontFiles=[], height=0.04, italic=False, languageStyle='LTR', name='text_2', opacity=1.0, ori=0, pos=array([0., 0.]), rgb=array([0., 0., 0.]), text="Press 'Space Bar' to continue", units='height', win=Window(...), wrapWidth=1)
27.2361 	EXP 	Created text = TextStim(__class__=<class 'psychopy.visual.text.TextStim'>, alignHoriz=method-wrapper(...), alignText='center', alignVert=method-wrapper(...), anchorHoriz='center', anchorVert='center', antialias=True, autoLog=True, bold=False, color='black', colorSpace='named', contrast=1.0, depth=-1.0, flipHoriz=False, flipVert=False, font='Arial', fontFiles=[], height=0.05, italic=False, languageStyle='LTR', name='text', opacity=1.0, ori=0, pos=array([0., 0.]), rgb=array([0., 0., 0.]), text='default text', units='height', win=Window(...), wrapWidth=1)
27.2968 	EXP 	consent_1: autoDraw = True
27.2968 	EXP 	text_3: autoDraw = True
35.9102 	DATA 	Keypress: space
35.9320 	EXP 	consent_1: autoDraw = False
35.9320 	EXP 	text_3: autoDraw = False
35.9320 	EXP 	consent: autoDraw = True
35.9320 	EXP 	text_4: autoDraw = True
36.9871 	DATA 	Keypress: space
37.0175 	EXP 	consent: autoDraw = False
37.0175 	EXP 	text_4: autoDraw = False
37.0175 	EXP 	consent_2: autoDraw = True
37.0175 	EXP 	text_5: autoDraw = True
38.8427 	DATA 	Keypress: space
40.4711 	DATA 	Keypress: space
43.1467 	DATA 	Keypress: y
43.1673 	EXP 	consent_2: autoDraw = False
43.1673 	EXP 	text_5: autoDraw = False
43.1673 	EXP 	inst_text: autoDraw = True
45.7045 	EXP 	Imported Psychopy_Exp_Params_pilot.xlsx as conditions, 4 conditions, 19 params
45.7063 	EXP 	Created sequence: random, trialTypes=4, nReps=1, seed=None
45.7070 	EXP 	New trial (rep=0, index=0): OrderedDict([('FILE_CMP_IMAGE', 'cmp_building_044_dog_012'), ('FILE_SEARCH_IMAGE', 'S1_building_044_dog_012.jpg'), ('TARGET', 1), ('TARGET_NAME', 'dog1544.png'), ('TARGET_MEM', 'dog1544.png'), ('D1', 'dog1543.png'), ('D2', 'dog1592.png'), ('D3', 'dog1560.png'), ('D4', 'blank.png'), ('D5', 'blank.png'), ('D6', 'blank.png'), ('D7', 'blank.png'), ('D8', 'blank.png'), ('CONTEXT', 1), ('VISUAL_SET_SIZE', 1), ('MEM_SET_SIZE', 4), ('stDur_Mem', 4), ('stDur_VS', 7), ('corrAns', 'm')])
45.7143 	DATA 	Keypress: space
45.7338 	EXP 	inst_text: autoDraw = False
45.7338 	EXP 	fixation_target: autoDraw = True
45.7338 	EXP 	corrAns_reminder_text: autoDraw = True
45.7338 	EXP 	memory_2: autoDraw = True
46.2673 	EXP 	fixation_target: autoDraw = False
46.2673 	EXP 	corrAns_reminder_text: autoDraw = False
46.2673 	EXP 	memory_2: autoDraw = False
46.2673 	EXP 	target: opacity = 1.0
46.2673 	EXP 	target: pos = array([-400.,  250.])
46.2673 	EXP 	target: size = array([44, 80])
46.2673 	EXP 	target: image = 'dog1544.png'
46.2673 	EXP 	dist1: opacity = 1.0
46.2673 	EXP 	dist1: pos = array([ 300., -100.])
46.2673 	EXP 	dist1: size = array([80, 62])
46.2673 	EXP 	dist1: image = 'dog1543.png'
46.2673 	EXP 	dist2: opacity = 1.0
46.2673 	EXP 	dist2: pos = array([-100., -150.])
46.2673 	EXP 	dist2: size = array([64, 80])
46.2673 	EXP 	dist2: image = 'dog1592.png'
46.2673 	EXP 	dist3: opacity = 1.0
46.2673 	EXP 	dist3: pos = array([100., 100.])
46.2673 	EXP 	dist3: size = array([38, 80])
46.2673 	EXP 	dist3: image = 'dog1560.png'
46.2673 	EXP 	dist4: opacity = 0.0
46.2673 	EXP 	dist4: pos = array([-300.,   50.])
46.2673 	EXP 	dist4: size = array([80, 80])
46.2673 	EXP 	dist4: image = 'blank.png'
46.2673 	EXP 	dist5: opacity = 0.0
46.2673 	EXP 	dist5: pos = array([ 200., -200.])
46.2673 	EXP 	dist5: size = array([80, 80])
46.2673 	EXP 	dist5: image = 'blank.png'
46.2673 	EXP 	dist6: opacity = 0.0
46.2673 	EXP 	dist6: pos = array([-200.,  200.])
46.2673 	EXP 	dist6: size = array([80, 80])
46.2673 	EXP 	dist6: image = 'blank.png'
46.2673 	EXP 	dist7: opacity = 0.0
46.2673 	EXP 	dist7: pos = array([400.,   0.])
46.2673 	EXP 	dist7: size = array([80, 80])
46.2673 	EXP 	dist7: image = 'blank.png'
46.2673 	EXP 	dist8: opacity = 0.0
46.2673 	EXP 	dist8: pos = array([  0., -50.])
46.2673 	EXP 	dist8: size = array([80, 80])
46.2673 	EXP 	dist8: image = 'blank.png'
46.2673 	EXP 	memory: autoDraw = True
46.2673 	EXP 	target: autoDraw = True
46.2673 	EXP 	dist1: autoDraw = True
46.2673 	EXP 	dist2: autoDraw = True
46.2673 	EXP 	dist3: autoDraw = True
46.2673 	EXP 	dist4: autoDraw = True
46.2673 	EXP 	dist5: autoDraw = True
46.2673 	EXP 	dist6: autoDraw = True
46.2673 	EXP 	dist7: autoDraw = True
46.2673 	EXP 	dist8: autoDraw = True
50.2851 	EXP 	memory: autoDraw = False
50.2851 	EXP 	target: autoDraw = False
50.2851 	EXP 	dist1: autoDraw = False
50.2851 	EXP 	dist2: autoDraw = False
50.2851 	EXP 	dist3: autoDraw = False
50.2851 	EXP 	dist4: autoDraw = False
50.2851 	EXP 	dist5: autoDraw = False
50.2851 	EXP 	dist6: autoDraw = False
50.2851 	EXP 	dist7: autoDraw = False
50.2851 	EXP 	dist8: autoDraw = False
50.2851 	EXP 	memory: autoDraw = False
50.2851 	EXP 	target: autoDraw = False
50.2851 	EXP 	dist1: autoDraw = False
50.2851 	EXP 	dist2: autoDraw = False
50.2851 	EXP 	dist3: autoDraw = False
50.2851 	EXP 	dist4: autoDraw = False
50.2851 	EXP 	dist5: autoDraw = False
50.2851 	EXP 	dist6: autoDraw = False
50.2851 	EXP 	dist7: autoDraw = False
50.2851 	EXP 	dist8: autoDraw = False
50.2851 	EXP 	fixation_target_2: autoDraw = True
50.2851 	EXP 	corrAns_reminder_text_2: autoDraw = True
50.2851 	EXP 	search_txt_2: autoDraw = True
50.9019 	EXP 	fixation_target_2: autoDraw = False
50.9019 	EXP 	corrAns_reminder_text_2: autoDraw = False
50.9019 	EXP 	search_txt_2: autoDraw = False
50.9019 	EXP 	search_img: opacity = 1.0
50.9019 	EXP 	search_img: image = 'S1_building_044_dog_012.jpg'
50.9019 	EXP 	search_txt: autoDraw = True
50.9019 	EXP 	search_img: autoDraw = True
51.5199 	EXP 	New trial (rep=0, index=1): OrderedDict([('FILE_CMP_IMAGE', 'cmp_building_018_cat_005'), ('FILE_SEARCH_IMAGE', 'S1_building_018_cat_005.jpg'), ('TARGET', 1), ('TARGET_NAME', 'cat1440.png'), ('TARGET_MEM', 'cat1440.png'), ('D1', 'cat1534.png'), ('D2', 'cat1396.png'), ('D3', 'cat1452.png'), ('D4', 'blank.png'), ('D5', 'blank.png'), ('D6', 'blank.png'), ('D7', 'blank.png'), ('D8', 'blank.png'), ('CONTEXT', 1), ('VISUAL_SET_SIZE', 1), ('MEM_SET_SIZE', 4), ('stDur_Mem', 4), ('stDur_VS', 7), ('corrAns', 'm')])
51.5249 	DATA 	Keypress: m
51.5522 	EXP 	search_txt: autoDraw = False
51.5522 	EXP 	search_img: autoDraw = False
51.5522 	EXP 	text_2: autoDraw = True
51.5522 	EXP 	text_2: autoDraw = False
51.5522 	EXP 	text_2: autoDraw = False
51.5522 	EXP 	fixation_target: autoDraw = True
51.5522 	EXP 	corrAns_reminder_text: autoDraw = True
51.5522 	EXP 	memory_2: autoDraw = True
52.0868 	EXP 	fixation_target: autoDraw = False
52.0868 	EXP 	corrAns_reminder_text: autoDraw = False
52.0868 	EXP 	memory_2: autoDraw = False
52.0868 	EXP 	target: opacity = 1.0
52.0868 	EXP 	target: pos = array([-400., -200.])
52.0868 	EXP 	target: size = array([58, 80])
52.0868 	EXP 	target: image = 'cat1440.png'
52.0868 	EXP 	dist1: opacity = 1.0
52.0868 	EXP 	dist1: pos = array([ 200., -100.])
52.0868 	EXP 	dist1: size = array([47, 80])
52.0868 	EXP 	dist1: image = 'cat1534.png'
52.0868 	EXP 	dist2: opacity = 1.0
52.0868 	EXP 	dist2: pos = array([-200.,  -50.])
52.0868 	EXP 	dist2: size = array([80, 40])
52.0868 	EXP 	dist2: image = 'cat1396.png'
52.0868 	EXP 	dist3: opacity = 1.0
52.0868 	EXP 	dist3: pos = array([400.,   0.])
52.0868 	EXP 	dist3: size = array([41, 80])
52.0868 	EXP 	dist3: image = 'cat1452.png'
52.0868 	EXP 	dist4: opacity = 0.0
52.0868 	EXP 	dist4: pos = array([-100.,  100.])
52.0868 	EXP 	dist4: size = array([80, 80])
52.0868 	EXP 	dist4: image = 'blank.png'
52.0868 	EXP 	dist5: opacity = 0.0
52.0868 	EXP 	dist5: pos = array([-300., -150.])
52.0868 	EXP 	dist5: size = array([80, 80])
52.0868 	EXP 	dist5: image = 'blank.png'
52.0868 	EXP 	dist6: opacity = 0.0
52.0868 	EXP 	dist6: pos = array([300., 250.])
52.0868 	EXP 	dist6: size = array([80, 80])
52.0868 	EXP 	dist6: image = 'blank.png'
52.0868 	EXP 	dist7: opacity = 0.0
52.0868 	EXP 	dist7: pos = array([  0., 200.])
52.0868 	EXP 	dist7: size = array([80, 80])
52.0868 	EXP 	dist7: image = 'blank.png'
52.0868 	EXP 	dist8: opacity = 0.0
52.0868 	EXP 	dist8: pos = array([100., 150.])
52.0868 	EXP 	dist8: size = array([80, 80])
52.0868 	EXP 	dist8: image = 'blank.png'
52.0868 	EXP 	memory: autoDraw = True
52.0868 	EXP 	target: autoDraw = True
52.0868 	EXP 	dist1: autoDraw = True
52.0868 	EXP 	dist2: autoDraw = True
52.0868 	EXP 	dist3: autoDraw = True
52.0868 	EXP 	dist4: autoDraw = True
52.0868 	EXP 	dist5: autoDraw = True
52.0868 	EXP 	dist6: autoDraw = True
52.0868 	EXP 	dist7: autoDraw = True
52.0868 	EXP 	dist8: autoDraw = True
55.7944 	DATA 	Keypress: v
56.1183 	EXP 	memory: autoDraw = False
56.1183 	EXP 	target: autoDraw = False
56.1183 	EXP 	dist1: autoDraw = False
56.1183 	EXP 	dist2: autoDraw = False
56.1183 	EXP 	dist3: autoDraw = False
56.1183 	EXP 	dist4: autoDraw = False
56.1183 	EXP 	dist5: autoDraw = False
56.1183 	EXP 	dist6: autoDraw = False
56.1183 	EXP 	dist7: autoDraw = False
56.1183 	EXP 	dist8: autoDraw = False
56.1183 	EXP 	memory: autoDraw = False
56.1183 	EXP 	target: autoDraw = False
56.1183 	EXP 	dist1: autoDraw = False
56.1183 	EXP 	dist2: autoDraw = False
56.1183 	EXP 	dist3: autoDraw = False
56.1183 	EXP 	dist4: autoDraw = False
56.1183 	EXP 	dist5: autoDraw = False
56.1183 	EXP 	dist6: autoDraw = False
56.1183 	EXP 	dist7: autoDraw = False
56.1183 	EXP 	dist8: autoDraw = False
56.1183 	EXP 	fixation_target_2: autoDraw = True
56.1183 	EXP 	corrAns_reminder_text_2: autoDraw = True
56.1183 	EXP 	search_txt_2: autoDraw = True
56.7374 	EXP 	fixation_target_2: autoDraw = False
56.7374 	EXP 	corrAns_reminder_text_2: autoDraw = False
56.7374 	EXP 	search_txt_2: autoDraw = False
56.7374 	EXP 	search_img: opacity = 1.0
56.7374 	EXP 	search_img: image = 'S1_building_018_cat_005.jpg'
56.7374 	EXP 	search_txt: autoDraw = True
56.7374 	EXP 	search_img: autoDraw = True
57.1965 	EXP 	New trial (rep=0, index=2): OrderedDict([('FILE_CMP_IMAGE', 'cmp_shelves_044_toys_003'), ('FILE_SEARCH_IMAGE', 'S1_shelves_044_toys_003.jpg'), ('TARGET', 1), ('TARGET_NAME', 'motorcycle341.png'), ('TARGET_MEM', 'motorcycle341.png'), ('D1', 'truck96.png'), ('D2', 'truck83.png'), ('D3', 'airplane19.png'), ('D4', 'blank.png'), ('D5', 'blank.png'), ('D6', 'blank.png'), ('D7', 'blank.png'), ('D8', 'blank.png'), ('CONTEXT', 1), ('VISUAL_SET_SIZE', 1), ('MEM_SET_SIZE', 4), ('stDur_Mem', 4), ('stDur_VS', 7), ('corrAns', 'm')])
57.1999 	DATA 	Keypress: v
57.2186 	EXP 	search_txt: autoDraw = False
57.2186 	EXP 	search_img: autoDraw = False
57.2186 	EXP 	text_2: autoDraw = True
57.2186 	EXP 	text_2: autoDraw = False
57.2186 	EXP 	text_2: autoDraw = False
57.2186 	EXP 	fixation_target: autoDraw = True
57.2186 	EXP 	corrAns_reminder_text: autoDraw = True
57.2186 	EXP 	memory_2: autoDraw = True
57.7698 	EXP 	fixation_target: autoDraw = False
57.7698 	EXP 	corrAns_reminder_text: autoDraw = False
57.7698 	EXP 	memory_2: autoDraw = False
57.7698 	EXP 	target: opacity = 1.0
57.7698 	EXP 	target: pos = array([-400.,  100.])
57.7698 	EXP 	target: size = array([75, 80])
57.7698 	EXP 	target: image = 'motorcycle341.png'
57.7698 	EXP 	dist1: opacity = 1.0
57.7698 	EXP 	dist1: pos = array([400., 200.])
57.7698 	EXP 	dist1: size = array([80, 44])
57.7698 	EXP 	dist1: image = 'truck96.png'
57.7698 	EXP 	dist2: opacity = 1.0
57.7698 	EXP 	dist2: pos = array([-200.,  -50.])
57.7698 	EXP 	dist2: size = array([80, 61])
57.7698 	EXP 	dist2: image = 'truck83.png'
57.7698 	EXP 	dist3: opacity = 1.0
57.7698 	EXP 	dist3: pos = array([200.,  50.])
57.7698 	EXP 	dist3: size = array([80, 37])
57.7698 	EXP 	dist3: image = 'airplane19.png'
57.7698 	EXP 	dist4: opacity = 0.0
57.7698 	EXP 	dist4: pos = array([ 300., -150.])
57.7698 	EXP 	dist4: size = array([80, 80])
57.7698 	EXP 	dist4: image = 'blank.png'
57.7698 	EXP 	dist5: opacity = 0.0
57.7698 	EXP 	dist5: pos = array([100.,   0.])
57.7698 	EXP 	dist5: size = array([80, 80])
57.7698 	EXP 	dist5: image = 'blank.png'
57.7698 	EXP 	dist6: opacity = 0.0
57.7698 	EXP 	dist6: pos = array([-100.,  250.])
57.7698 	EXP 	dist6: size = array([80, 80])
57.7698 	EXP 	dist6: image = 'blank.png'
57.7698 	EXP 	dist7: opacity = 0.0
57.7698 	EXP 	dist7: pos = array([  0., 150.])
57.7698 	EXP 	dist7: size = array([80, 80])
57.7698 	EXP 	dist7: image = 'blank.png'
57.7698 	EXP 	dist8: opacity = 0.0
57.7698 	EXP 	dist8: pos = array([-300., -100.])
57.7698 	EXP 	dist8: size = array([80, 80])
57.7698 	EXP 	dist8: image = 'blank.png'
57.7698 	EXP 	memory: autoDraw = True
57.7698 	EXP 	target: autoDraw = True
57.7698 	EXP 	dist1: autoDraw = True
57.7698 	EXP 	dist2: autoDraw = True
57.7698 	EXP 	dist3: autoDraw = True
57.7698 	EXP 	dist4: autoDraw = True
57.7698 	EXP 	dist5: autoDraw = True
57.7698 	EXP 	dist6: autoDraw = True
57.7698 	EXP 	dist7: autoDraw = True
57.7698 	EXP 	dist8: autoDraw = True
61.7922 	EXP 	memory: autoDraw = False
61.7922 	EXP 	target: autoDraw = False
61.7922 	EXP 	dist1: autoDraw = False
61.7922 	EXP 	dist2: autoDraw = False
61.7922 	EXP 	dist3: autoDraw = False
61.7922 	EXP 	dist4: autoDraw = False
61.7922 	EXP 	dist5: autoDraw = False
61.7922 	EXP 	dist6: autoDraw = False
61.7922 	EXP 	dist7: autoDraw = False
61.7922 	EXP 	dist8: autoDraw = False
61.7922 	EXP 	memory: autoDraw = False
61.7922 	EXP 	target: autoDraw = False
61.7922 	EXP 	dist1: autoDraw = False
61.7922 	EXP 	dist2: autoDraw = False
61.7922 	EXP 	dist3: autoDraw = False
61.7922 	EXP 	dist4: autoDraw = False
61.7922 	EXP 	dist5: autoDraw = False
61.7922 	EXP 	dist6: autoDraw = False
61.7922 	EXP 	dist7: autoDraw = False
61.7922 	EXP 	dist8: autoDraw = False
61.7922 	EXP 	fixation_target_2: autoDraw = True
61.7922 	EXP 	corrAns_reminder_text_2: autoDraw = True
61.7922 	EXP 	search_txt_2: autoDraw = True
62.4049 	EXP 	fixation_target_2: autoDraw = False
62.4049 	EXP 	corrAns_reminder_text_2: autoDraw = False
62.4049 	EXP 	search_txt_2: autoDraw = False
62.4049 	EXP 	search_img: opacity = 1.0
62.4049 	EXP 	search_img: image = 'S1_shelves_044_toys_003.jpg'
62.4049 	EXP 	search_txt: autoDraw = True
62.4049 	EXP 	search_img: autoDraw = True
62.9978 	EXP 	New trial (rep=0, index=3): OrderedDict([('FILE_CMP_IMAGE', 'cmp_building_028_person_014'), ('FILE_SEARCH_IMAGE', 'S1_building_028_person_014.jpg'), ('TARGET', 1), ('TARGET_NAME', 'person1293.png'), ('TARGET_MEM', 'person1293.png'), ('D1', 'person1501.png'), ('D2', 'person1447.png'), ('D3', 'person1485.png'), ('D4', 'blank.png'), ('D5', 'blank.png'), ('D6', 'blank.png'), ('D7', 'blank.png'), ('D8', 'blank.png'), ('CONTEXT', 1), ('VISUAL_SET_SIZE', 1), ('MEM_SET_SIZE', 4), ('stDur_Mem', 4), ('stDur_VS', 7), ('corrAns', 'm')])
63.0020 	DATA 	Keypress: v
63.0209 	EXP 	search_txt: autoDraw = False
63.0209 	EXP 	search_img: autoDraw = False
63.0209 	EXP 	text_2: autoDraw = True
63.0209 	EXP 	text_2: autoDraw = False
63.0209 	EXP 	text_2: autoDraw = False
63.0209 	EXP 	fixation_target: autoDraw = True
63.0209 	EXP 	corrAns_reminder_text: autoDraw = True
63.0209 	EXP 	memory_2: autoDraw = True
63.5706 	EXP 	fixation_target: autoDraw = False
63.5706 	EXP 	corrAns_reminder_text: autoDraw = False
63.5706 	EXP 	memory_2: autoDraw = False
63.5706 	EXP 	target: opacity = 1.0
63.5706 	EXP 	target: pos = array([400., 200.])
63.5706 	EXP 	target: size = array([50, 80])
63.5706 	EXP 	target: image = 'person1293.png'
63.5706 	EXP 	dist1: opacity = 1.0
63.5706 	EXP 	dist1: pos = array([200., 250.])
63.5706 	EXP 	dist1: size = array([28, 80])
63.5706 	EXP 	dist1: image = 'person1501.png'
63.5706 	EXP 	dist2: opacity = 1.0
63.5706 	EXP 	dist2: pos = array([-200., -150.])
63.5706 	EXP 	dist2: size = array([31, 80])
63.5706 	EXP 	dist2: image = 'person1447.png'
63.5706 	EXP 	dist3: opacity = 1.0
63.5706 	EXP 	dist3: pos = array([ 300., -100.])
63.5706 	EXP 	dist3: size = array([35, 80])
63.5706 	EXP 	dist3: image = 'person1485.png'
63.5706 	EXP 	dist4: opacity = 0.0
63.5706 	EXP 	dist4: pos = array([-100.,    0.])
63.5706 	EXP 	dist4: size = array([80, 80])
63.5706 	EXP 	dist4: image = 'blank.png'
63.5706 	EXP 	dist5: opacity = 0.0
63.5706 	EXP 	dist5: pos = array([-300., -200.])
63.5706 	EXP 	dist5: size = array([80, 80])
63.5706 	EXP 	dist5: image = 'blank.png'
63.5706 	EXP 	dist6: opacity = 0.0
63.5706 	EXP 	dist6: pos = array([ 0., 50.])
63.5706 	EXP 	dist6: size = array([80, 80])
63.5706 	EXP 	dist6: image = 'blank.png'
63.5706 	EXP 	dist7: opacity = 0.0
63.5706 	EXP 	dist7: pos = array([-400.,  100.])
63.5706 	EXP 	dist7: size = array([80, 80])
63.5706 	EXP 	dist7: image = 'blank.png'
63.5706 	EXP 	dist8: opacity = 0.0
63.5706 	EXP 	dist8: pos = array([100., -50.])
63.5706 	EXP 	dist8: size = array([80, 80])
63.5706 	EXP 	dist8: image = 'blank.png'
63.5706 	EXP 	memory: autoDraw = True
63.5706 	EXP 	target: autoDraw = True
63.5706 	EXP 	dist1: autoDraw = True
63.5706 	EXP 	dist2: autoDraw = True
63.5706 	EXP 	dist3: autoDraw = True
63.5706 	EXP 	dist4: autoDraw = True
63.5706 	EXP 	dist5: autoDraw = True
63.5706 	EXP 	dist6: autoDraw = True
63.5706 	EXP 	dist7: autoDraw = True
63.5706 	EXP 	dist8: autoDraw = True
67.5946 	EXP 	memory: autoDraw = False
67.5946 	EXP 	target: autoDraw = False
67.5946 	EXP 	dist1: autoDraw = False
67.5946 	EXP 	dist2: autoDraw = False
67.5946 	EXP 	dist3: autoDraw = False
67.5946 	EXP 	dist4: autoDraw = False
67.5946 	EXP 	dist5: autoDraw = False
67.5946 	EXP 	dist6: autoDraw = False
67.5946 	EXP 	dist7: autoDraw = False
67.5946 	EXP 	dist8: autoDraw = False
67.5946 	EXP 	memory: autoDraw = False
67.5946 	EXP 	target: autoDraw = False
67.5946 	EXP 	dist1: autoDraw = False
67.5946 	EXP 	dist2: autoDraw = False
67.5946 	EXP 	dist3: autoDraw = False
67.5946 	EXP 	dist4: autoDraw = False
67.5946 	EXP 	dist5: autoDraw = False
67.5946 	EXP 	dist6: autoDraw = False
67.5946 	EXP 	dist7: autoDraw = False
67.5946 	EXP 	dist8: autoDraw = False
67.5946 	EXP 	fixation_target_2: autoDraw = True
67.5946 	EXP 	corrAns_reminder_text_2: autoDraw = True
67.5946 	EXP 	search_txt_2: autoDraw = True
68.2049 	EXP 	fixation_target_2: autoDraw = False
68.2049 	EXP 	corrAns_reminder_text_2: autoDraw = False
68.2049 	EXP 	search_txt_2: autoDraw = False
68.2049 	EXP 	search_img: opacity = 1.0
68.2049 	EXP 	search_img: image = 'S1_building_028_person_014.jpg'
68.2049 	EXP 	search_txt: autoDraw = True
68.2049 	EXP 	search_img: autoDraw = True
68.6343 	DATA 	Keypress: m
68.7199 	EXP 	search_txt: autoDraw = False
68.7199 	EXP 	search_img: autoDraw = False
68.7199 	EXP 	text_2: autoDraw = True
68.7199 	EXP 	text_2: autoDraw = False
68.7199 	EXP 	text_2: autoDraw = False
68.7199 	EXP 	text: text = 'Thanks for participating. Your performance was 50.00 out of 100. Well done!! \n PLEASE WRITE DOWN YOUR UNIQUE PARTICIPANT ID 8292 \n You will need it to run the second part of the experiment \n Press x to finish the experiment'
68.7199 	EXP 	text: autoDraw = True
86.8978 	DATA 	Keypress: x
86.9231 	EXP 	text: autoDraw = False
87.2285 	EXP 	window1: mouseVisible = True
