0.11999999999999966	EXP	Created Window = Window( name=Window, fullscr=true, color=#ffffff, units=height, waitBlanking=true, autoLog=true, size=[980,1472] )
26.535	DATA	Keydown: Backspace
26.732	DATA	Keydown: Backspace
26.95	DATA	Keydown: Backspace
27.268	DATA	Keydown: Backspace
27.45	DATA	Keydown: Backspace
27.632	DATA	Keydown: Backspace
29.264000000000003	DATA	Keydown: 7
29.761000000000003	DATA	Keydown: 5
30.262999999999998	DATA	Keydown: 3
30.796	DATA	Keydown: 2
31.597	DATA	Keydown: 6
32.047	DATA	Keydown: 8
48.367	DATA	Keydown: Backspace
48.412	DATA	Keydown: Shift
48.663000000000004	DATA	Keydown: Backspace
51.048	DATA	Keydown: A
51.83	DATA	Keydown: Shift
52.448	DATA	Keydown: H
56.815	DATA	Keydown: Backspace
57.128	DATA	Keydown: Backspace
93.33600000000001	DATA	Keydown: 2
93.56800000000001	DATA	Keydown: 6
97.77199999999999	DATA	Keydown: F
98.001	DATA	Keydown: e
98.33600000000001	DATA	Keydown: m
98.553	DATA	Keydown: a
98.85499999999999	DATA	Keydown: l
