0.0897	EXP	Created Window = Window( name=Window, fullscr=true, color=#ffffff, units=height, waitBlanking=true, autoLog=true, size=[1440,810] )
2.8365000000000005	DATA	Keydown: Meta
3.0173	DATA	Keydown: v
9.8814	DATA	Keydown: 2
10.670200000000001	DATA	Keydown: ArrowRight
10.9224	DATA	Keydown: ArrowRight
11.4549	DATA	Keydown: Backspace
11.5982	DATA	Keydown: Backspace
11.8547	DATA	Keydown: 0
13.2211	DATA	Keydown: f
13.498800000000001	DATA	Keydown: m
13.885	DATA	Keydown: Backspace
14.0699	DATA	Keydown: e
14.1493	DATA	Keydown: m
14.2489	DATA	Keydown: a
14.3063	DATA	Keydown: l
14.4138	DATA	Keydown: e
15.5843	DATA	Keydown: Backspace
15.7047	DATA	Keydown: Backspace
15.989600000000001	DATA	Keydown: CapsLock
16.140200000000004	DATA	Keydown: D
16.2386	DATA	Keydown: C
17.9873	DATA	Keydown: Backspace
18.182000000000002	DATA	Keydown: 1
