0.06948000000556931	EXP	Created Window = Window( name=Window, fullscr=true, color=#ffffff, units=height, waitBlanking=true, autoLog=true, size=[1920,937] )
4.7334200000041164	DATA	Keydown: Control
5.004370000009658	DATA	Keydown: v
6.627110000001267	DATA	Keydown: 2
6.7990800000116	DATA	Keydown: 3
238.19796000000497	EXP	Created contact_info1 = ImageStim( name=contact_info1, win=Window( name=Window, fullscr=true, color=#ffffff, ~), autoDraw=null, autoLog=true, units=height, ori=null, opacity=1, pos=[0,-0.2], size=[0.9,0.1], image={}, mask=undefined, color=#ffffff, contrast=1, texRes=128, interpolate=true, depth=-4, flipHoriz=null, flipVert=null )
238.1993300000031	EXP	Created consent_question = TextStim( name=consent_question, win=Window( name=Window, fullscr=true, color=#ffffff, ~), autoDraw=null, autoLog=true, units=norm, ori=null, opacity=1, pos=[0,0], size=undefined, text=default text, font=Arial, color=#000000, contrast=1, height=0.05, bold=null, italic=null, alignHoriz=left, alignVert=center, wrapWidth=1.5, flipHoriz=null, flipVert=null )
238.20038999999815	EXP	Created consent_1 = ImageStim( name=consent_1, win=Window( name=Window, fullscr=true, color=#ffffff, ~), autoDraw=null, autoLog=true, units=height, ori=null, opacity=1, pos=[0,0], size=[1,0.8533], image={}, mask=undefined, color=#ffffff, contrast=1, texRes=128, interpolate=true, depth=null, flipHoriz=null, flipVert=null )
238.20102500000212	EXP	Created text_3 = TextStim( name=text_3, win=Window( name=Window, fullscr=true, color=#ffffff, ~), autoDraw=null, autoLog=true, units=height, ori=null, opacity=1, pos=[0,-0.49], size=undefined, text=After reading, press Space to continue

, font=Arial, color=#000000, contrast=1, height=0.03, bold=null, italic=null, alignHoriz=left, alignVert=center, wrapWidth=1, flipHoriz=null, flipVert=null )
238.201939999999	EXP	Created consent = ImageStim( name=consent, win=Window( name=Window, fullscr=true, color=#ffffff, ~), autoDraw=null, autoLog=true, units=height, ori=null, opacity=1, pos=[0,0], size=[1,0.8533], image={}, mask=undefined, color=#ffffff, contrast=1, texRes=128, interpolate=true, depth=null, flipHoriz=null, flipVert=null )
238.2024250000104	EXP	Created text_4 = TextStim( name=text_4, win=Window( name=Window, fullscr=true, color=#ffffff, ~), autoDraw=null, autoLog=true, units=height, ori=null, opacity=1, pos=[0,-0.49], size=undefined, text=After reading, press Space to continue

, font=Arial, color=#000000, contrast=1, height=0.03, bold=null, italic=null, alignHoriz=left, alignVert=center, wrapWidth=1, flipHoriz=null, flipVert=null )
238.2033150000061	EXP	Created consent_2 = ImageStim( name=consent_2, win=Window( name=Window, fullscr=true, color=#ffffff, ~), autoDraw=null, autoLog=true, units=height, ori=null, opacity=1, pos=[0,0], size=[1,0.8533], image={}, mask=undefined, color=#ffffff, contrast=1, texRes=128, interpolate=true, depth=null, flipHoriz=null, flipVert=null )
238.20391999999993	EXP	Created text_5 = TextStim( name=text_5, win=Window( name=Window, fullscr=true, color=#ffffff, ~), autoDraw=null, autoLog=true, units=height, ori=null, opacity=1, pos=[0,-0.49], size=undefined, text=I consent (Y) I do not consent (Esc)
, font=Arial, color=#000000, contrast=1, height=0.03, bold=null, italic=null, alignHoriz=left, alignVert=center, wrapWidth=1, flipHoriz=null, flipVert=null )
238.20440000000235	EXP	Created gender_question = TextStim( name=gender_question, win=Window( name=Window, fullscr=true, color=#ffffff, ~), autoDraw=null, autoLog=true, units=height, ori=null, opacity=1, pos=[0,0], size=undefined, text=In order to allow us to describe our sample, we wo~), font=Arial, color=#000000, contrast=1, height=0.04, bold=null, italic=null, alignHoriz=left, alignVert=center, wrapWidth=1.5, flipHoriz=null, flipVert=null )
238.20485000000917	EXP	Created inst_text = TextStim( name=inst_text, win=Window( name=Window, fullscr=true, color=#ffffff, ~), autoDraw=null, autoLog=true, units=height, ori=null, opacity=1, pos=[0,0], size=undefined, text=The next screen shown will require you to memorize~, font=Arial, color=#000000, contrast=1, height=0.04, bold=null, italic=null, alignHoriz=left, alignVert=center, wrapWidth=1, flipHoriz=null, flipVert=null )
238.20726000001014	EXP	Created corrAns_reminder_text = TextStim( name=corrAns_reminder_text, win=Window( name=Window, fullscr=true, color=#ffffff, ~), autoDraw=null, autoLog=true, units=height, ori=null, opacity=1, pos=[0,4], size=undefined, text=Present: m

Absent: v, font=Arial, color=#000000, contrast=1, height=0.1, bold=null, italic=null, alignHoriz=left, alignVert=center, wrapWidth=1, flipHoriz=null, flipVert=null )
238.20761500000663	EXP	Created memory_2 = TextStim( name=memory_2, win=Window( name=Window, fullscr=true, color=#ffffff, ~), autoDraw=null, autoLog=true, units=height, ori=null, opacity=1, pos=[0,0.44], size=undefined, text=Memorise...

, font=Arial, color=#FF0000, contrast=1, height=0.03, bold=null, italic=null, alignHoriz=left, alignVert=center, wrapWidth=1, flipHoriz=null, flipVert=null )
238.20795999999973	EXP	Created memory = TextStim( name=memory, win=Window( name=Window, fullscr=true, color=#ffffff, ~), autoDraw=null, autoLog=true, units=height, ori=null, opacity=1, pos=[0,0.44], size=undefined, text=Memorise...

, font=Arial, color=#FF0000, contrast=1, height=0.03, bold=null, italic=null, alignHoriz=left, alignVert=center, wrapWidth=1, flipHoriz=null, flipVert=null )
238.20894000001135	EXP	Created target = ImageStim( name=target, win=Window( name=Window, fullscr=true, color=#ffffff, ~), autoDraw=null, autoLog=true, units=pix, ori=null, opacity=1, pos=[0,0], size=undefined, image=undefined, mask=undefined, color=#ffffff, contrast=1, texRes=128, interpolate=null, depth=-2, flipHoriz=null, flipVert=null )
238.20989500000724	EXP	Created dist1 = ImageStim( name=dist1, win=Window( name=Window, fullscr=true, color=#ffffff, ~), autoDraw=null, autoLog=true, units=pix, ori=null, opacity=1, pos=[0,0], size=undefined, image=undefined, mask=undefined, color=#ffffff, contrast=1, texRes=128, interpolate=null, depth=-3, flipHoriz=null, flipVert=null )
238.21086500000092	EXP	Created dist2 = ImageStim( name=dist2, win=Window( name=Window, fullscr=true, color=#ffffff, ~), autoDraw=null, autoLog=true, units=pix, ori=null, opacity=1, pos=[0,0], size=undefined, image=undefined, mask=undefined, color=#ffffff, contrast=1, texRes=128, interpolate=null, depth=-4, flipHoriz=null, flipVert=null )
238.21182500000577	EXP	Created dist3 = ImageStim( name=dist3, win=Window( name=Window, fullscr=true, color=#ffffff, ~), autoDraw=null, autoLog=true, units=pix, ori=null, opacity=1, pos=[0,0], size=undefined, image=undefined, mask=undefined, color=#ffffff, contrast=1, texRes=128, interpolate=null, depth=-5, flipHoriz=null, flipVert=null )
238.21276000000944	EXP	Created dist4 = ImageStim( name=dist4, win=Window( name=Window, fullscr=true, color=#ffffff, ~), autoDraw=null, autoLog=true, units=pix, ori=null, opacity=1, pos=[0,0], size=undefined, image=undefined, mask=undefined, color=#ffffff, contrast=1, texRes=128, interpolate=null, depth=-6, flipHoriz=null, flipVert=null )
238.21418999999878	EXP	Created dist5 = ImageStim( name=dist5, win=Window( name=Window, fullscr=true, color=#ffffff, ~), autoDraw=null, autoLog=true, units=pix, ori=null, opacity=1, pos=[0,0], size=undefined, image=undefined, mask=undefined, color=#ffffff, contrast=1, texRes=128, interpolate=null, depth=-7, flipHoriz=null, flipVert=null )
238.21523500001058	EXP	Created dist6 = ImageStim( name=dist6, win=Window( name=Window, fullscr=true, color=#ffffff, ~), autoDraw=null, autoLog=true, units=pix, ori=null, opacity=1, pos=[0,0], size=undefined, image=undefined, mask=undefined, color=#ffffff, contrast=1, texRes=128, interpolate=null, depth=-8, flipHoriz=null, flipVert=null )
238.21646000001056	EXP	Created dist7 = ImageStim( name=dist7, win=Window( name=Window, fullscr=true, color=#ffffff, ~), autoDraw=null, autoLog=true, units=pix, ori=null, opacity=1, pos=[0,0], size=undefined, image=undefined, mask=undefined, color=#ffffff, contrast=1, texRes=128, interpolate=null, depth=-9, flipHoriz=null, flipVert=null )
238.21745500000543	EXP	Created dist8 = ImageStim( name=dist8, win=Window( name=Window, fullscr=true, color=#ffffff, ~), autoDraw=null, autoLog=true, units=pix, ori=null, opacity=1, pos=[0,0], size=undefined, image=undefined, mask=undefined, color=#ffffff, contrast=1, texRes=128, interpolate=null, depth=-10, flipHoriz=null, flipVert=null )
238.2181500000006	EXP	Created corrAns_reminder_text_2 = TextStim( name=corrAns_reminder_text_2, win=Window( name=Window, fullscr=true, color=#ffffff, ~), autoDraw=null, autoLog=true, units=height, ori=null, opacity=1, pos=[0,4], size=undefined, text=Present: m

Absent: v, font=Arial, color=#000000, contrast=1, height=0.1, bold=null, italic=null, alignHoriz=left, alignVert=center, wrapWidth=1, flipHoriz=null, flipVert=null )
238.21848000001046	EXP	Created search_txt_2 = TextStim( name=search_txt_2, win=Window( name=Window, fullscr=true, color=#ffffff, ~), autoDraw=null, autoLog=true, units=height, ori=null, opacity=1, pos=[0,0.44], size=undefined, text=Search...

, font=Arial, color=#008000, contrast=1, height=0.03, bold=null, italic=null, alignHoriz=left, alignVert=center, wrapWidth=1, flipHoriz=null, flipVert=null )
238.21879500000796	EXP	Created search_txt = TextStim( name=search_txt, win=Window( name=Window, fullscr=true, color=#ffffff, ~), autoDraw=null, autoLog=true, units=height, ori=null, opacity=1, pos=[0,0.44], size=undefined, text=Search...

, font=Arial, color=#008000, contrast=1, height=0.03, bold=null, italic=null, alignHoriz=left, alignVert=center, wrapWidth=1, flipHoriz=null, flipVert=null )
238.21963000000687	EXP	Created search_img = ImageStim( name=search_img, win=Window( name=Window, fullscr=true, color=#ffffff, ~), autoDraw=null, autoLog=true, units=height, ori=null, opacity=1, pos=[0,0], size=[0.8533,0.8533], image=undefined, mask=undefined, color=#ffffff, contrast=1, texRes=128, interpolate=null, depth=-1, flipHoriz=null, flipVert=null )
238.22003500000574	EXP	Created text_2 = TextStim( name=text_2, win=Window( name=Window, fullscr=true, color=#ffffff, ~), autoDraw=null, autoLog=true, units=height, ori=null, opacity=1, pos=[0,0], size=undefined, text=Press 'Space Bar' to continue, font=Arial, color=#000000, contrast=1, height=0.04, bold=null, italic=null, alignHoriz=left, alignVert=center, wrapWidth=1, flipHoriz=null, flipVert=null )
238.220410000009	EXP	Created text = TextStim( name=text, win=Window( name=Window, fullscr=true, color=#ffffff, ~), autoDraw=null, autoLog=true, units=height, ori=null, opacity=1, pos=[0,0], size=undefined, text=default text, font=Arial, color=#000000, contrast=1, height=0.05, bold=null, italic=null, alignHoriz=left, alignVert=center, wrapWidth=1, flipHoriz=null, flipVert=null )
238.2554450000025	EXP	contact_info1: units = "height"
238.2554450000025	EXP	contact_info1: ori = 0
238.2554450000025	EXP	contact_info1: opacity = 1
238.2554450000025	EXP	contact_info1: pos = [0,-0.2]
238.2554450000025	EXP	contact_info1: size = [0.9,0.1]
238.2554450000025	EXP	contact_info1: image = {}
238.2554450000025	EXP	contact_info1: mask = undefined
238.2554450000025	EXP	contact_info1: color = {"_rgb":[1,1,1]}
238.2554450000025	EXP	contact_info1: contrast = 1
238.2554450000025	EXP	contact_info1: texRes = 128
238.2554450000025	EXP	contact_info1: interpolate = true
238.2554450000025	EXP	contact_info1: depth = -4
238.2554450000025	EXP	contact_info1: flipHoriz = false
238.2554450000025	EXP	contact_info1: flipVert = false
238.2554450000025	EXP	consent_question: units = "norm"
238.2554450000025	EXP	consent_question: ori = 0
238.2554450000025	EXP	consent_question: opacity = 1
238.2554450000025	EXP	consent_question: pos = [0,0]
238.2554450000025	EXP	consent_question: size = undefined
238.2554450000025	EXP	consent_question: text = "default text"
238.2554450000025	EXP	consent_question: font = "Arial"
238.2554450000025	EXP	consent_question: color = {"_hex":"#000000","_rgb":[0,0,0]}
238.2554450000025	EXP	consent_question: contrast = 1
238.2554450000025	EXP	consent_question: height = 0.05
238.2554450000025	EXP	consent_question: bold = false
238.2554450000025	EXP	consent_question: italic = false
238.2554450000025	EXP	consent_question: alignHoriz = "left"
238.2554450000025	EXP	consent_question: alignVert = "center"
238.2554450000025	EXP	consent_question: wrapWidth = 1.5
238.2554450000025	EXP	consent_question: flipHoriz = false
238.2554450000025	EXP	consent_question: flipVert = false
238.2554450000025	EXP	consent_1: units = "height"
238.2554450000025	EXP	consent_1: ori = 0
238.2554450000025	EXP	consent_1: opacity = 1
238.2554450000025	EXP	consent_1: pos = [0,0]
238.2554450000025	EXP	consent_1: size = [1,0.8533]
238.2554450000025	EXP	consent_1: image = {}
238.2554450000025	EXP	consent_1: mask = undefined
238.2554450000025	EXP	consent_1: color = {"_rgb":[1,1,1]}
238.2554450000025	EXP	consent_1: contrast = 1
238.2554450000025	EXP	consent_1: texRes = 128
238.2554450000025	EXP	consent_1: interpolate = true
238.2554450000025	EXP	consent_1: depth = 0
238.2554450000025	EXP	consent_1: flipHoriz = false
238.2554450000025	EXP	consent_1: flipVert = false
238.2554450000025	EXP	text_3: units = "height"
238.2554450000025	EXP	text_3: ori = 0
238.2554450000025	EXP	text_3: opacity = 1
238.2554450000025	EXP	text_3: pos = [0,-0.49]
238.2554450000025	EXP	text_3: size = undefined
238.2554450000025	EXP	text_3: text = "After reading, press Space to continue\n\n"
238.2554450000025	EXP	text_3: font = "Arial"
238.2554450000025	EXP	text_3: color = {"_hex":"#000000","_rgb":[0,0,0]}
238.2554450000025	EXP	text_3: contrast = 1
238.2554450000025	EXP	text_3: height = 0.03
238.2554450000025	EXP	text_3: bold = false
238.2554450000025	EXP	text_3: italic = false
238.2554450000025	EXP	text_3: alignHoriz = "left"
238.2554450000025	EXP	text_3: alignVert = "center"
238.2554450000025	EXP	text_3: wrapWidth = 1
238.2554450000025	EXP	text_3: flipHoriz = false
238.2554450000025	EXP	text_3: flipVert = false
238.2554450000025	EXP	consent: units = "height"
238.2554450000025	EXP	consent: ori = 0
238.2554450000025	EXP	consent: opacity = 1
238.2554450000025	EXP	consent: pos = [0,0]
238.2554450000025	EXP	consent: size = [1,0.8533]
238.2554450000025	EXP	consent: image = {}
238.2554450000025	EXP	consent: mask = undefined
238.2554450000025	EXP	consent: color = {"_rgb":[1,1,1]}
238.2554450000025	EXP	consent: contrast = 1
238.2554450000025	EXP	consent: texRes = 128
238.2554450000025	EXP	consent: interpolate = true
238.2554450000025	EXP	consent: depth = 0
238.2554450000025	EXP	consent: flipHoriz = false
238.2554450000025	EXP	consent: flipVert = false
238.2554450000025	EXP	text_4: units = "height"
238.2554450000025	EXP	text_4: ori = 0
238.2554450000025	EXP	text_4: opacity = 1
238.2554450000025	EXP	text_4: pos = [0,-0.49]
238.2554450000025	EXP	text_4: size = undefined
238.2554450000025	EXP	text_4: text = "After reading, press Space to continue\n\n"
238.2554450000025	EXP	text_4: font = "Arial"
238.2554450000025	EXP	text_4: color = {"_hex":"#000000","_rgb":[0,0,0]}
238.2554450000025	EXP	text_4: contrast = 1
238.2554450000025	EXP	text_4: height = 0.03
238.2554450000025	EXP	text_4: bold = false
238.2554450000025	EXP	text_4: italic = false
238.2554450000025	EXP	text_4: alignHoriz = "left"
238.2554450000025	EXP	text_4: alignVert = "center"
238.2554450000025	EXP	text_4: wrapWidth = 1
238.2554450000025	EXP	text_4: flipHoriz = false
238.2554450000025	EXP	text_4: flipVert = false
238.2554450000025	EXP	consent_2: units = "height"
238.2554450000025	EXP	consent_2: ori = 0
238.2554450000025	EXP	consent_2: opacity = 1
238.2554450000025	EXP	consent_2: pos = [0,0]
238.2554450000025	EXP	consent_2: size = [1,0.8533]
238.2554450000025	EXP	consent_2: image = {}
238.2554450000025	EXP	consent_2: mask = undefined
238.2554450000025	EXP	consent_2: color = {"_rgb":[1,1,1]}
238.2554450000025	EXP	consent_2: contrast = 1
238.2554450000025	EXP	consent_2: texRes = 128
238.2554450000025	EXP	consent_2: interpolate = true
238.2554450000025	EXP	consent_2: depth = 0
238.2554450000025	EXP	consent_2: flipHoriz = false
238.2554450000025	EXP	consent_2: flipVert = false
238.2554450000025	EXP	text_5: units = "height"
238.2554450000025	EXP	text_5: ori = 0
238.2554450000025	EXP	text_5: opacity = 1
238.2554450000025	EXP	text_5: pos = [0,-0.49]
238.2554450000025	EXP	text_5: size = undefined
238.2554450000025	EXP	text_5: text = "I consent (Y) I do not consent (Esc)\n"
238.2554450000025	EXP	text_5: font = "Arial"
238.2554450000025	EXP	text_5: color = {"_hex":"#000000","_rgb":[0,0,0]}
238.2554450000025	EXP	text_5: contrast = 1
238.2554450000025	EXP	text_5: height = 0.03
238.2554450000025	EXP	text_5: bold = false
238.2554450000025	EXP	text_5: italic = false
238.2554450000025	EXP	text_5: alignHoriz = "left"
238.2554450000025	EXP	text_5: alignVert = "center"
238.2554450000025	EXP	text_5: wrapWidth = 1
238.2554450000025	EXP	text_5: flipHoriz = false
238.2554450000025	EXP	text_5: flipVert = false
238.2554450000025	EXP	gender_question: units = "height"
238.2554450000025	EXP	gender_question: ori = 0
238.2554450000025	EXP	gender_question: opacity = 1
238.2554450000025	EXP	gender_question: pos = [0,0]
238.2554450000025	EXP	gender_question: size = undefined
238.2554450000025	EXP	gender_question: text = "In order to allow us to describe our sample, we would now like you to answer some demographic questions.\n\nWhat is your gender?\n\nWoman (W)\nMan(M)\nNon-binary (N)\nDifferent identity (D)\nPrefer not to say (P)"
238.2554450000025	EXP	gender_question: font = "Arial"
238.2554450000025	EXP	gender_question: color = {"_hex":"#000000","_rgb":[0,0,0]}
238.2554450000025	EXP	gender_question: contrast = 1
238.2554450000025	EXP	gender_question: height = 0.04
238.2554450000025	EXP	gender_question: bold = false
238.2554450000025	EXP	gender_question: italic = false
238.2554450000025	EXP	gender_question: alignHoriz = "left"
238.2554450000025	EXP	gender_question: alignVert = "center"
238.2554450000025	EXP	gender_question: wrapWidth = 1.5
238.2554450000025	EXP	gender_question: flipHoriz = false
238.2554450000025	EXP	gender_question: flipVert = false
238.2554450000025	EXP	inst_text: units = "height"
238.2554450000025	EXP	inst_text: ori = 0
238.2554450000025	EXP	inst_text: opacity = 1
238.2554450000025	EXP	inst_text: pos = [0,0]
238.2554450000025	EXP	inst_text: size = undefined
238.2554450000025	EXP	inst_text: text = "The next screen shown will require you to memorize the targets.\n\nThis will be followed by a 'Search' screen, \nin which you will use the keys below to indicate if a target is present or absent. \nAt most one of the targets will be present in the search screen.\n\n'M' ->present\n'V'  <-absent \n\nReady? Press 'S' \nto start \n\n"
238.2554450000025	EXP	inst_text: font = "Arial"
238.2554450000025	EXP	inst_text: color = {"_hex":"#000000","_rgb":[0,0,0]}
238.2554450000025	EXP	inst_text: contrast = 1
238.2554450000025	EXP	inst_text: height = 0.04
238.2554450000025	EXP	inst_text: bold = false
238.2554450000025	EXP	inst_text: italic = false
238.2554450000025	EXP	inst_text: alignHoriz = "left"
238.2554450000025	EXP	inst_text: alignVert = "center"
238.2554450000025	EXP	inst_text: wrapWidth = 1
238.2554450000025	EXP	inst_text: flipHoriz = false
238.2554450000025	EXP	inst_text: flipVert = false
238.2554450000025	EXP	fixation_target: units = "pix"
238.2554450000025	EXP	fixation_target: ori = 0
238.2554450000025	EXP	fixation_target: opacity = 1
238.2554450000025	EXP	fixation_target: pos = [0,0]
238.2554450000025	EXP	fixation_target: size = [20,20]
238.2554450000025	EXP	fixation_target: lineWidth = 1
238.2554450000025	EXP	fixation_target: lineColor = {"_rgb":[0,0,0]}
238.2554450000025	EXP	fixation_target: fillColor = {"_rgb":[1,0.5,0.5]}
238.2554450000025	EXP	fixation_target: vertices = [[-0.1,0.5],[0.1,0.5],[0.1,0.1],[0.5,0.1],[0.5,-0.1],[0.1,-0.1],[0.1,-0.5],[-0.1,-0.5],[-0.1,-0.1],[-0.5,-0.1],[-0.5,0.1],[-0.1,0.1]]
238.2554450000025	EXP	fixation_target: closeShape = true
238.2554450000025	EXP	fixation_target: contrast = 1
238.2554450000025	EXP	fixation_target: depth = 0
238.2554450000025	EXP	fixation_target: interpolate = true
238.2554450000025	EXP	corrAns_reminder_text: units = "height"
238.2554450000025	EXP	corrAns_reminder_text: ori = 0
238.2554450000025	EXP	corrAns_reminder_text: opacity = 1
238.2554450000025	EXP	corrAns_reminder_text: pos = [0,4]
238.2554450000025	EXP	corrAns_reminder_text: size = undefined
238.2554450000025	EXP	corrAns_reminder_text: text = "Present: m\n\nAbsent: v"
238.2554450000025	EXP	corrAns_reminder_text: font = "Arial"
238.2554450000025	EXP	corrAns_reminder_text: color = {"_hex":"#000000","_rgb":[0,0,0]}
238.2554450000025	EXP	corrAns_reminder_text: contrast = 1
238.2554450000025	EXP	corrAns_reminder_text: height = 0.1
238.2554450000025	EXP	corrAns_reminder_text: bold = false
238.2554450000025	EXP	corrAns_reminder_text: italic = false
238.2554450000025	EXP	corrAns_reminder_text: alignHoriz = "left"
238.2554450000025	EXP	corrAns_reminder_text: alignVert = "center"
238.2554450000025	EXP	corrAns_reminder_text: wrapWidth = 1
238.2554450000025	EXP	corrAns_reminder_text: flipHoriz = false
238.2554450000025	EXP	corrAns_reminder_text: flipVert = false
238.2554450000025	EXP	memory_2: units = "height"
238.2554450000025	EXP	memory_2: ori = 0
238.2554450000025	EXP	memory_2: opacity = 1
238.2554450000025	EXP	memory_2: pos = [0,0.44]
238.2554450000025	EXP	memory_2: size = undefined
238.2554450000025	EXP	memory_2: text = "Memorise...\n\n"
238.2554450000025	EXP	memory_2: font = "Arial"
238.2554450000025	EXP	memory_2: color = {"_hex":"#FF0000","_rgb":[1,0,0]}
238.2554450000025	EXP	memory_2: contrast = 1
238.2554450000025	EXP	memory_2: height = 0.03
238.2554450000025	EXP	memory_2: bold = false
238.2554450000025	EXP	memory_2: italic = false
238.2554450000025	EXP	memory_2: alignHoriz = "left"
238.2554450000025	EXP	memory_2: alignVert = "center"
238.2554450000025	EXP	memory_2: wrapWidth = 1
238.2554450000025	EXP	memory_2: flipHoriz = false
238.2554450000025	EXP	memory_2: flipVert = false
238.2554450000025	EXP	memory: units = "height"
238.2554450000025	EXP	memory: ori = 0
238.2554450000025	EXP	memory: opacity = 1
238.2554450000025	EXP	memory: pos = [0,0.44]
238.2554450000025	EXP	memory: size = undefined
238.2554450000025	EXP	memory: text = "Memorise...\n\n"
238.2554450000025	EXP	memory: font = "Arial"
238.2554450000025	EXP	memory: color = {"_hex":"#FF0000","_rgb":[1,0,0]}
238.2554450000025	EXP	memory: contrast = 1
238.2554450000025	EXP	memory: height = 0.03
238.2554450000025	EXP	memory: bold = false
238.2554450000025	EXP	memory: italic = false
238.2554450000025	EXP	memory: alignHoriz = "left"
238.2554450000025	EXP	memory: alignVert = "center"
238.2554450000025	EXP	memory: wrapWidth = 1
238.2554450000025	EXP	memory: flipHoriz = false
238.2554450000025	EXP	memory: flipVert = false
238.2554450000025	EXP	target: units = "pix"
238.2554450000025	EXP	target: ori = 0
238.2554450000025	EXP	target: opacity = 1
238.2554450000025	EXP	target: pos = [0,0]
238.2554450000025	EXP	target: size = undefined
238.2554450000025	EXP	target: image = undefined
238.2554450000025	EXP	target: mask = undefined
238.2554450000025	EXP	target: color = {"_rgb":[1,1,1]}
238.2554450000025	EXP	target: contrast = 1
238.2554450000025	EXP	target: texRes = 128
238.2554450000025	EXP	target: interpolate = false
238.2554450000025	EXP	target: depth = -2
238.2554450000025	EXP	target: flipHoriz = false
238.2554450000025	EXP	target: flipVert = false
238.2554450000025	EXP	dist1: units = "pix"
238.2554450000025	EXP	dist1: ori = 0
238.2554450000025	EXP	dist1: opacity = 1
238.2554450000025	EXP	dist1: pos = [0,0]
238.2554450000025	EXP	dist1: size = undefined
238.2554450000025	EXP	dist1: image = undefined
238.2554450000025	EXP	dist1: mask = undefined
238.2554450000025	EXP	dist1: color = {"_rgb":[1,1,1]}
238.2554450000025	EXP	dist1: contrast = 1
238.2554450000025	EXP	dist1: texRes = 128
238.2554450000025	EXP	dist1: interpolate = false
238.2554450000025	EXP	dist1: depth = -3
238.2554450000025	EXP	dist1: flipHoriz = false
238.2554450000025	EXP	dist1: flipVert = false
238.2554450000025	EXP	dist2: units = "pix"
238.2554450000025	EXP	dist2: ori = 0
238.2554450000025	EXP	dist2: opacity = 1
238.2554450000025	EXP	dist2: pos = [0,0]
238.2554450000025	EXP	dist2: size = undefined
238.2554450000025	EXP	dist2: image = undefined
238.2554450000025	EXP	dist2: mask = undefined
238.2554450000025	EXP	dist2: color = {"_rgb":[1,1,1]}
238.2554450000025	EXP	dist2: contrast = 1
238.2554450000025	EXP	dist2: texRes = 128
238.2554450000025	EXP	dist2: interpolate = false
238.2554450000025	EXP	dist2: depth = -4
238.2554450000025	EXP	dist2: flipHoriz = false
238.2554450000025	EXP	dist2: flipVert = false
238.2554450000025	EXP	dist3: units = "pix"
238.2554450000025	EXP	dist3: ori = 0
238.2554450000025	EXP	dist3: opacity = 1
238.2554450000025	EXP	dist3: pos = [0,0]
238.2554450000025	EXP	dist3: size = undefined
238.2554450000025	EXP	dist3: image = undefined
238.2554450000025	EXP	dist3: mask = undefined
238.2554450000025	EXP	dist3: color = {"_rgb":[1,1,1]}
238.2554450000025	EXP	dist3: contrast = 1
238.2554450000025	EXP	dist3: texRes = 128
238.2554450000025	EXP	dist3: interpolate = false
238.2554450000025	EXP	dist3: depth = -5
238.2554450000025	EXP	dist3: flipHoriz = false
238.2554450000025	EXP	dist3: flipVert = false
238.2554450000025	EXP	dist4: units = "pix"
238.2554450000025	EXP	dist4: ori = 0
238.2554450000025	EXP	dist4: opacity = 1
238.2554450000025	EXP	dist4: pos = [0,0]
238.2554450000025	EXP	dist4: size = undefined
238.2554450000025	EXP	dist4: image = undefined
238.2554450000025	EXP	dist4: mask = undefined
238.2554450000025	EXP	dist4: color = {"_rgb":[1,1,1]}
238.2554450000025	EXP	dist4: contrast = 1
238.2554450000025	EXP	dist4: texRes = 128
238.2554450000025	EXP	dist4: interpolate = false
238.2554450000025	EXP	dist4: depth = -6
238.2554450000025	EXP	dist4: flipHoriz = false
238.2554450000025	EXP	dist4: flipVert = false
238.2554450000025	EXP	dist5: units = "pix"
238.2554450000025	EXP	dist5: ori = 0
238.2554450000025	EXP	dist5: opacity = 1
238.2554450000025	EXP	dist5: pos = [0,0]
238.2554450000025	EXP	dist5: size = undefined
238.2554450000025	EXP	dist5: image = undefined
238.2554450000025	EXP	dist5: mask = undefined
238.2554450000025	EXP	dist5: color = {"_rgb":[1,1,1]}
238.2554450000025	EXP	dist5: contrast = 1
238.2554450000025	EXP	dist5: texRes = 128
238.2554450000025	EXP	dist5: interpolate = false
238.2554450000025	EXP	dist5: depth = -7
238.2554450000025	EXP	dist5: flipHoriz = false
238.2554450000025	EXP	dist5: flipVert = false
238.2554450000025	EXP	dist6: units = "pix"
238.2554450000025	EXP	dist6: ori = 0
238.2554450000025	EXP	dist6: opacity = 1
238.2554450000025	EXP	dist6: pos = [0,0]
238.2554450000025	EXP	dist6: size = undefined
238.2554450000025	EXP	dist6: image = undefined
238.2554450000025	EXP	dist6: mask = undefined
238.2554450000025	EXP	dist6: color = {"_rgb":[1,1,1]}
238.2554450000025	EXP	dist6: contrast = 1
238.2554450000025	EXP	dist6: texRes = 128
238.2554450000025	EXP	dist6: interpolate = false
238.2554450000025	EXP	dist6: depth = -8
238.2554450000025	EXP	dist6: flipHoriz = false
238.2554450000025	EXP	dist6: flipVert = false
238.2554450000025	EXP	dist7: units = "pix"
238.2554450000025	EXP	dist7: ori = 0
238.2554450000025	EXP	dist7: opacity = 1
238.2554450000025	EXP	dist7: pos = [0,0]
238.2554450000025	EXP	dist7: size = undefined
238.2554450000025	EXP	dist7: image = undefined
238.2554450000025	EXP	dist7: mask = undefined
238.2554450000025	EXP	dist7: color = {"_rgb":[1,1,1]}
238.2554450000025	EXP	dist7: contrast = 1
238.2554450000025	EXP	dist7: texRes = 128
238.2554450000025	EXP	dist7: interpolate = false
238.2554450000025	EXP	dist7: depth = -9
238.2554450000025	EXP	dist7: flipHoriz = false
238.2554450000025	EXP	dist7: flipVert = false
238.2554450000025	EXP	dist8: units = "pix"
238.2554450000025	EXP	dist8: ori = 0
238.2554450000025	EXP	dist8: opacity = 1
238.2554450000025	EXP	dist8: pos = [0,0]
238.2554450000025	EXP	dist8: size = undefined
238.2554450000025	EXP	dist8: image = undefined
238.2554450000025	EXP	dist8: mask = undefined
238.2554450000025	EXP	dist8: color = {"_rgb":[1,1,1]}
238.2554450000025	EXP	dist8: contrast = 1
238.2554450000025	EXP	dist8: texRes = 128
238.2554450000025	EXP	dist8: interpolate = false
238.2554450000025	EXP	dist8: depth = -10
238.2554450000025	EXP	dist8: flipHoriz = false
238.2554450000025	EXP	dist8: flipVert = false
238.2554450000025	EXP	fixation_target_2: units = "pix"
238.2554450000025	EXP	fixation_target_2: ori = 0
238.2554450000025	EXP	fixation_target_2: opacity = 1
238.2554450000025	EXP	fixation_target_2: pos = [0,0]
238.2554450000025	EXP	fixation_target_2: size = [1,1]
238.2554450000025	EXP	fixation_target_2: lineWidth = 1
238.2554450000025	EXP	fixation_target_2: lineColor = {"_rgb":[0,0,0]}
238.2554450000025	EXP	fixation_target_2: fillColor = {"_rgb":[0.5,1,0.5]}
238.2554450000025	EXP	fixation_target_2: vertices = [[-10,-10],[10,-10],[0,10]]
238.2554450000025	EXP	fixation_target_2: closeShape = true
238.2554450000025	EXP	fixation_target_2: contrast = 1
238.2554450000025	EXP	fixation_target_2: depth = 0
238.2554450000025	EXP	fixation_target_2: interpolate = true
238.2554450000025	EXP	corrAns_reminder_text_2: units = "height"
238.2554450000025	EXP	corrAns_reminder_text_2: ori = 0
238.2554450000025	EXP	corrAns_reminder_text_2: opacity = 1
238.2554450000025	EXP	corrAns_reminder_text_2: pos = [0,4]
238.2554450000025	EXP	corrAns_reminder_text_2: size = undefined
238.2554450000025	EXP	corrAns_reminder_text_2: text = "Present: m\n\nAbsent: v"
238.2554450000025	EXP	corrAns_reminder_text_2: font = "Arial"
238.2554450000025	EXP	corrAns_reminder_text_2: color = {"_hex":"#000000","_rgb":[0,0,0]}
238.2554450000025	EXP	corrAns_reminder_text_2: contrast = 1
238.2554450000025	EXP	corrAns_reminder_text_2: height = 0.1
238.2554450000025	EXP	corrAns_reminder_text_2: bold = false
238.2554450000025	EXP	corrAns_reminder_text_2: italic = false
238.2554450000025	EXP	corrAns_reminder_text_2: alignHoriz = "left"
238.2554450000025	EXP	corrAns_reminder_text_2: alignVert = "center"
238.2554450000025	EXP	corrAns_reminder_text_2: wrapWidth = 1
238.2554450000025	EXP	corrAns_reminder_text_2: flipHoriz = false
238.2554450000025	EXP	corrAns_reminder_text_2: flipVert = false
238.2554450000025	EXP	search_txt_2: units = "height"
238.2554450000025	EXP	search_txt_2: ori = 0
238.2554450000025	EXP	search_txt_2: opacity = 1
238.2554450000025	EXP	search_txt_2: pos = [0,0.44]
238.2554450000025	EXP	search_txt_2: size = undefined
238.2554450000025	EXP	search_txt_2: text = "Search...\n\n"
238.2554450000025	EXP	search_txt_2: font = "Arial"
238.2554450000025	EXP	search_txt_2: color = {"_hex":"#008000","_rgb":[0,0.5019607843137255,0]}
238.2554450000025	EXP	search_txt_2: contrast = 1
238.2554450000025	EXP	search_txt_2: height = 0.03
238.2554450000025	EXP	search_txt_2: bold = false
238.2554450000025	EXP	search_txt_2: italic = false
238.2554450000025	EXP	search_txt_2: alignHoriz = "left"
238.2554450000025	EXP	search_txt_2: alignVert = "center"
238.2554450000025	EXP	search_txt_2: wrapWidth = 1
238.2554450000025	EXP	search_txt_2: flipHoriz = false
238.2554450000025	EXP	search_txt_2: flipVert = false
238.2554450000025	EXP	search_txt: units = "height"
238.2554450000025	EXP	search_txt: ori = 0
238.2554450000025	EXP	search_txt: opacity = 1
238.2554450000025	EXP	search_txt: pos = [0,0.44]
238.2554450000025	EXP	search_txt: size = undefined
238.2554450000025	EXP	search_txt: text = "Search...\n\n"
238.2554450000025	EXP	search_txt: font = "Arial"
238.2554450000025	EXP	search_txt: color = {"_hex":"#008000","_rgb":[0,0.5019607843137255,0]}
238.2554450000025	EXP	search_txt: contrast = 1
238.2554450000025	EXP	search_txt: height = 0.03
238.2554450000025	EXP	search_txt: bold = false
238.2554450000025	EXP	search_txt: italic = false
238.2554450000025	EXP	search_txt: alignHoriz = "left"
238.2554450000025	EXP	search_txt: alignVert = "center"
238.2554450000025	EXP	search_txt: wrapWidth = 1
238.2554450000025	EXP	search_txt: flipHoriz = false
238.2554450000025	EXP	search_txt: flipVert = false
238.2554450000025	EXP	search_img: units = "height"
238.2554450000025	EXP	search_img: ori = 0
238.2554450000025	EXP	search_img: opacity = 1
238.2554450000025	EXP	search_img: pos = [0,0]
238.2554450000025	EXP	search_img: size = [0.8533,0.8533]
238.2554450000025	EXP	search_img: image = undefined
238.2554450000025	EXP	search_img: mask = undefined
238.2554450000025	EXP	search_img: color = {"_rgb":[1,1,1]}
238.2554450000025	EXP	search_img: contrast = 1
238.2554450000025	EXP	search_img: texRes = 128
238.2554450000025	EXP	search_img: interpolate = false
238.2554450000025	EXP	search_img: depth = -1
238.2554450000025	EXP	search_img: flipHoriz = false
238.2554450000025	EXP	search_img: flipVert = false
238.2554450000025	EXP	text_2: units = "height"
238.2554450000025	EXP	text_2: ori = 0
238.2554450000025	EXP	text_2: opacity = 1
238.2554450000025	EXP	text_2: pos = [0,0]
238.2554450000025	EXP	text_2: size = undefined
238.2554450000025	EXP	text_2: text = "Press 'Space Bar' to continue"
238.2554450000025	EXP	text_2: font = "Arial"
238.2554450000025	EXP	text_2: color = {"_hex":"#000000","_rgb":[0,0,0]}
238.2554450000025	EXP	text_2: contrast = 1
238.2554450000025	EXP	text_2: height = 0.04
238.2554450000025	EXP	text_2: bold = false
238.2554450000025	EXP	text_2: italic = false
238.2554450000025	EXP	text_2: alignHoriz = "left"
238.2554450000025	EXP	text_2: alignVert = "center"
238.2554450000025	EXP	text_2: wrapWidth = 1
238.2554450000025	EXP	text_2: flipHoriz = false
238.2554450000025	EXP	text_2: flipVert = false
238.2554450000025	EXP	text: units = "height"
238.2554450000025	EXP	text: ori = 0
238.2554450000025	EXP	text: opacity = 1
238.2554450000025	EXP	text: pos = [0,0]
238.2554450000025	EXP	text: size = undefined
238.2554450000025	EXP	text: text = "default text"
238.2554450000025	EXP	text: font = "Arial"
238.2554450000025	EXP	text: color = {"_hex":"#000000","_rgb":[0,0,0]}
238.2554450000025	EXP	text: contrast = 1
238.2554450000025	EXP	text: height = 0.05
238.2554450000025	EXP	text: bold = false
238.2554450000025	EXP	text: italic = false
238.2554450000025	EXP	text: alignHoriz = "left"
238.2554450000025	EXP	text: alignVert = "center"
238.2554450000025	EXP	text: wrapWidth = 1
238.2554450000025	EXP	text: flipHoriz = false
238.2554450000025	EXP	text: flipVert = false
238.2554450000025	EXP	consent_question: text = "Welcome to the first part of the study!\n Your participant ID is: 701522\n\n Please write down this number \n Ready to start? Press the Y key when ready"
238.2554450000025	EXP	contact_info1: autoDraw = true
238.2554450000025	EXP	consent_question: autoDraw = true
246.93387500000244	DATA	Keydown: y
246.97458000000915	EXP	contact_info1: autoDraw = false
246.97458000000915	EXP	consent_question: autoDraw = false
246.97458000000915	EXP	consent_1: autoDraw = true
246.97458000000915	EXP	text_3: autoDraw = true
388.81986000000325	DATA	Keydown: F11
394.8012650000019	DATA	Keydown:  
394.825245	EXP	consent_1: autoDraw = false
394.825245	EXP	text_3: autoDraw = false
394.825245	EXP	consent: autoDraw = true
394.825245	EXP	text_4: autoDraw = true
401.1396850000019	DATA	Keydown:  
401.1664400000009	EXP	consent: autoDraw = false
401.1664400000009	EXP	text_4: autoDraw = false
401.1664400000009	EXP	consent_2: autoDraw = true
401.1664400000009	EXP	text_5: autoDraw = true
413.7293500000087	DATA	Keydown: y
413.74351000000024	EXP	consent_2: autoDraw = false
413.74351000000024	EXP	text_5: autoDraw = false
413.74351000000024	EXP	gender_question: autoDraw = true
420.8769750000065	DATA	Keydown: m
420.8840049999999	EXP	gender_question: autoDraw = false
420.8840049999999	EXP	inst_text: autoDraw = true
439.62251000000106	DATA	Keydown: s
439.7181050000072	EXP	inst_text: autoDraw = false
439.7181050000072	EXP	fixation_target: autoDraw = true
439.7181050000072	EXP	corrAns_reminder_text: autoDraw = true
439.7181050000072	EXP	memory_2: autoDraw = true
440.1405650000088	EXP	fixation_target: autoDraw = false
440.1405650000088	EXP	corrAns_reminder_text: autoDraw = false
440.1405650000088	EXP	memory_2: autoDraw = false
440.1405650000088	EXP	target: opacity = 1
440.1405650000088	EXP	target: pos = [400,-200]
440.1405650000088	EXP	target: image = {}
440.1405650000088	EXP	dist1: opacity = 1
440.1405650000088	EXP	dist1: pos = [100,50]
440.1405650000088	EXP	dist1: image = {}
440.1405650000088	EXP	dist2: opacity = 1
440.1405650000088	EXP	dist2: pos = [300,-100]
440.1405650000088	EXP	dist2: image = {}
440.1405650000088	EXP	dist3: opacity = 1
440.1405650000088	EXP	dist3: pos = [-200,-50]
440.1405650000088	EXP	dist3: image = {}
440.1405650000088	EXP	dist4: opacity = 0
440.1405650000088	EXP	dist4: pos = [-300,0]
440.1405650000088	EXP	dist4: image = {}
440.1405650000088	EXP	dist5: opacity = 0
440.1405650000088	EXP	dist5: pos = [-100,250]
440.1405650000088	EXP	dist5: image = {}
440.1405650000088	EXP	dist6: opacity = 0
440.1405650000088	EXP	dist6: pos = [200,200]
440.1405650000088	EXP	dist6: image = {}
440.1405650000088	EXP	dist7: opacity = 0
440.1405650000088	EXP	dist7: pos = [-400,100]
440.1405650000088	EXP	dist7: image = {}
440.1405650000088	EXP	dist8: opacity = 0
440.1405650000088	EXP	dist8: pos = [0,150]
440.1405650000088	EXP	dist8: image = {}
440.1405650000088	EXP	memory: autoDraw = true
440.1405650000088	EXP	target: autoDraw = true
440.1405650000088	EXP	dist1: autoDraw = true
440.1405650000088	EXP	dist2: autoDraw = true
440.1405650000088	EXP	dist3: autoDraw = true
440.1405650000088	EXP	dist4: autoDraw = true
440.1405650000088	EXP	dist5: autoDraw = true
440.1405650000088	EXP	dist6: autoDraw = true
440.1405650000088	EXP	dist7: autoDraw = true
440.1405650000088	EXP	dist8: autoDraw = true
444.132494999998	EXP	memory: autoDraw = false
444.132494999998	EXP	target: autoDraw = false
444.132494999998	EXP	dist1: autoDraw = false
444.132494999998	EXP	dist2: autoDraw = false
444.132494999998	EXP	dist3: autoDraw = false
444.132494999998	EXP	dist4: autoDraw = false
444.132494999998	EXP	dist5: autoDraw = false
444.132494999998	EXP	dist6: autoDraw = false
444.132494999998	EXP	dist7: autoDraw = false
444.132494999998	EXP	dist8: autoDraw = false
444.132494999998	EXP	memory: autoDraw = false
444.132494999998	EXP	target: autoDraw = false
444.132494999998	EXP	dist1: autoDraw = false
444.132494999998	EXP	dist2: autoDraw = false
444.132494999998	EXP	dist3: autoDraw = false
444.132494999998	EXP	dist4: autoDraw = false
444.132494999998	EXP	dist5: autoDraw = false
444.132494999998	EXP	dist6: autoDraw = false
444.132494999998	EXP	dist7: autoDraw = false
444.132494999998	EXP	dist8: autoDraw = false
444.132494999998	EXP	fixation_target_2: autoDraw = true
444.132494999998	EXP	corrAns_reminder_text_2: autoDraw = true
444.132494999998	EXP	search_txt_2: autoDraw = true
444.66679000000295	EXP	fixation_target_2: autoDraw = false
444.66679000000295	EXP	corrAns_reminder_text_2: autoDraw = false
444.66679000000295	EXP	search_txt_2: autoDraw = false
444.66679000000295	EXP	fixation_target_2: autoDraw = false
444.66679000000295	EXP	corrAns_reminder_text_2: autoDraw = false
444.66679000000295	EXP	search_txt_2: autoDraw = false
444.66679000000295	EXP	search_img: opacity = 1
444.66679000000295	EXP	search_img: image = {}
444.66679000000295	EXP	search_txt: autoDraw = true
444.66679000000295	EXP	search_img: autoDraw = true
452.6151150000078	EXP	search_txt: autoDraw = false
452.6151150000078	EXP	search_img: autoDraw = false
452.6151150000078	EXP	search_txt: autoDraw = false
452.6151150000078	EXP	search_img: autoDraw = false
452.6151150000078	EXP	text_2: autoDraw = true
452.6151150000078	EXP	text_2: autoDraw = false
452.6226500000048	EXP	text_2: autoDraw = false
452.6226500000048	EXP	fixation_target: autoDraw = true
452.6226500000048	EXP	corrAns_reminder_text: autoDraw = true
452.6226500000048	EXP	memory_2: autoDraw = true
453.1177400000015	EXP	fixation_target: autoDraw = false
453.1177400000015	EXP	corrAns_reminder_text: autoDraw = false
453.1177400000015	EXP	memory_2: autoDraw = false
453.1177400000015	EXP	fixation_target: autoDraw = false
453.1177400000015	EXP	corrAns_reminder_text: autoDraw = false
453.1177400000015	EXP	memory_2: autoDraw = false
453.1177400000015	EXP	target: opacity = 1
453.1177400000015	EXP	target: pos = [200,-50]
453.1177400000015	EXP	target: image = {}
453.1177400000015	EXP	dist1: opacity = 1
453.1177400000015	EXP	dist1: pos = [-300,100]
453.1177400000015	EXP	dist1: image = {}
453.1177400000015	EXP	dist2: opacity = 1
453.1177400000015	EXP	dist2: pos = [0,-200]
453.1177400000015	EXP	dist2: image = {}
453.1177400000015	EXP	dist3: opacity = 1
453.1177400000015	EXP	dist3: pos = [-100,0]
453.1177400000015	EXP	dist3: image = {}
453.1177400000015	EXP	dist4: opacity = 0
453.1177400000015	EXP	dist4: pos = [100,250]
453.1177400000015	EXP	dist4: image = {}
453.1177400000015	EXP	dist5: opacity = 0
453.1177400000015	EXP	dist5: pos = [-200,150]
453.1177400000015	EXP	dist5: image = {}
453.1177400000015	EXP	dist6: opacity = 0
453.1177400000015	EXP	dist6: pos = [-400,50]
453.1177400000015	EXP	dist6: image = {}
453.1177400000015	EXP	dist7: opacity = 0
453.1177400000015	EXP	dist7: pos = [300,200]
453.1177400000015	EXP	dist7: image = {}
453.1177400000015	EXP	dist8: opacity = 0
453.1177400000015	EXP	dist8: pos = [400,-100]
453.1177400000015	EXP	dist8: image = {}
453.1177400000015	EXP	memory: autoDraw = true
453.1177400000015	EXP	target: autoDraw = true
453.1177400000015	EXP	dist1: autoDraw = true
453.1177400000015	EXP	dist2: autoDraw = true
453.1177400000015	EXP	dist3: autoDraw = true
453.1177400000015	EXP	dist4: autoDraw = true
453.1177400000015	EXP	dist5: autoDraw = true
453.1177400000015	EXP	dist6: autoDraw = true
453.1177400000015	EXP	dist7: autoDraw = true
453.1177400000015	EXP	dist8: autoDraw = true
457.1077500000101	EXP	memory: autoDraw = false
457.1077500000101	EXP	target: autoDraw = false
457.1077500000101	EXP	dist1: autoDraw = false
457.1077500000101	EXP	dist2: autoDraw = false
457.1077500000101	EXP	dist3: autoDraw = false
457.1077500000101	EXP	dist4: autoDraw = false
457.1077500000101	EXP	dist5: autoDraw = false
457.1077500000101	EXP	dist6: autoDraw = false
457.1077500000101	EXP	dist7: autoDraw = false
457.1077500000101	EXP	dist8: autoDraw = false
457.1077500000101	EXP	memory: autoDraw = false
457.1077500000101	EXP	target: autoDraw = false
457.1077500000101	EXP	dist1: autoDraw = false
457.1077500000101	EXP	dist2: autoDraw = false
457.1077500000101	EXP	dist3: autoDraw = false
457.1077500000101	EXP	dist4: autoDraw = false
457.1077500000101	EXP	dist5: autoDraw = false
457.1077500000101	EXP	dist6: autoDraw = false
457.1077500000101	EXP	dist7: autoDraw = false
457.1077500000101	EXP	dist8: autoDraw = false
457.1077500000101	EXP	fixation_target_2: autoDraw = true
457.1077500000101	EXP	corrAns_reminder_text_2: autoDraw = true
457.1077500000101	EXP	search_txt_2: autoDraw = true
457.6220350000076	EXP	fixation_target_2: autoDraw = false
457.6220350000076	EXP	corrAns_reminder_text_2: autoDraw = false
457.6220350000076	EXP	search_txt_2: autoDraw = false
457.6220350000076	EXP	fixation_target_2: autoDraw = false
457.6220350000076	EXP	corrAns_reminder_text_2: autoDraw = false
457.6220350000076	EXP	search_txt_2: autoDraw = false
457.6220350000076	EXP	search_img: opacity = 1
457.6220350000076	EXP	search_img: image = {}
457.6220350000076	EXP	search_txt: autoDraw = true
457.6220350000076	EXP	search_img: autoDraw = true
465.59324500001094	EXP	search_txt: autoDraw = false
465.59324500001094	EXP	search_img: autoDraw = false
465.59324500001094	EXP	search_txt: autoDraw = false
465.59324500001094	EXP	search_img: autoDraw = false
465.59324500001094	EXP	text_2: autoDraw = true
465.59324500001094	EXP	text_2: autoDraw = false
465.60100000000966	EXP	text_2: autoDraw = false
465.60100000000966	EXP	fixation_target: autoDraw = true
465.60100000000966	EXP	corrAns_reminder_text: autoDraw = true
465.60100000000966	EXP	memory_2: autoDraw = true
466.0986850000045	EXP	fixation_target: autoDraw = false
466.0986850000045	EXP	corrAns_reminder_text: autoDraw = false
466.0986850000045	EXP	memory_2: autoDraw = false
466.0986850000045	EXP	fixation_target: autoDraw = false
466.0986850000045	EXP	corrAns_reminder_text: autoDraw = false
466.0986850000045	EXP	memory_2: autoDraw = false
466.0986850000045	EXP	target: opacity = 0
466.0986850000045	EXP	target: pos = [100,200]
466.0986850000045	EXP	target: image = {}
466.0986850000045	EXP	dist1: opacity = 1
466.0986850000045	EXP	dist1: pos = [-300,250]
466.0986850000045	EXP	dist1: image = {}
466.0986850000045	EXP	dist2: opacity = 1
466.0986850000045	EXP	dist2: pos = [200,50]
466.0986850000045	EXP	dist2: image = {}
466.0986850000045	EXP	dist3: opacity = 1
466.0986850000045	EXP	dist3: pos = [300,-200]
466.0986850000045	EXP	dist3: image = {}
466.0986850000045	EXP	dist4: opacity = 1
466.0986850000045	EXP	dist4: pos = [400,0]
466.0986850000045	EXP	dist4: image = {}
466.0986850000045	EXP	dist5: opacity = 1
466.0986850000045	EXP	dist5: pos = [0,-150]
466.0986850000045	EXP	dist5: image = {}
466.0986850000045	EXP	dist6: opacity = 1
466.0986850000045	EXP	dist6: pos = [-400,-50]
466.0986850000045	EXP	dist6: image = {}
466.0986850000045	EXP	dist7: opacity = 1
466.0986850000045	EXP	dist7: pos = [-200,100]
466.0986850000045	EXP	dist7: image = {}
466.0986850000045	EXP	dist8: opacity = 1
466.0986850000045	EXP	dist8: pos = [-100,-100]
466.0986850000045	EXP	dist8: image = {}
466.0986850000045	EXP	memory: autoDraw = true
466.0986850000045	EXP	target: autoDraw = true
466.0986850000045	EXP	dist1: autoDraw = true
466.0986850000045	EXP	dist2: autoDraw = true
466.0986850000045	EXP	dist3: autoDraw = true
466.0986850000045	EXP	dist4: autoDraw = true
466.0986850000045	EXP	dist5: autoDraw = true
466.0986850000045	EXP	dist6: autoDraw = true
466.0986850000045	EXP	dist7: autoDraw = true
466.0986850000045	EXP	dist8: autoDraw = true
474.08691500000714	EXP	memory: autoDraw = false
474.08691500000714	EXP	target: autoDraw = false
474.08691500000714	EXP	dist1: autoDraw = false
474.08691500000714	EXP	dist2: autoDraw = false
474.08691500000714	EXP	dist3: autoDraw = false
474.08691500000714	EXP	dist4: autoDraw = false
474.08691500000714	EXP	dist5: autoDraw = false
474.08691500000714	EXP	dist6: autoDraw = false
474.08691500000714	EXP	dist7: autoDraw = false
474.08691500000714	EXP	dist8: autoDraw = false
474.08691500000714	EXP	memory: autoDraw = false
474.08691500000714	EXP	target: autoDraw = false
474.08691500000714	EXP	dist1: autoDraw = false
474.08691500000714	EXP	dist2: autoDraw = false
474.08691500000714	EXP	dist3: autoDraw = false
474.08691500000714	EXP	dist4: autoDraw = false
474.08691500000714	EXP	dist5: autoDraw = false
474.08691500000714	EXP	dist6: autoDraw = false
474.08691500000714	EXP	dist7: autoDraw = false
474.08691500000714	EXP	dist8: autoDraw = false
474.08691500000714	EXP	fixation_target_2: autoDraw = true
474.08691500000714	EXP	corrAns_reminder_text_2: autoDraw = true
474.08691500000714	EXP	search_txt_2: autoDraw = true
474.6008600000059	EXP	fixation_target_2: autoDraw = false
474.6008600000059	EXP	corrAns_reminder_text_2: autoDraw = false
474.6008600000059	EXP	search_txt_2: autoDraw = false
474.6008600000059	EXP	fixation_target_2: autoDraw = false
474.6008600000059	EXP	corrAns_reminder_text_2: autoDraw = false
474.6008600000059	EXP	search_txt_2: autoDraw = false
474.6008600000059	EXP	search_img: opacity = 1
474.6008600000059	EXP	search_img: image = {}
474.6008600000059	EXP	search_txt: autoDraw = true
474.6008600000059	EXP	search_img: autoDraw = true
482.5719250000111	EXP	search_txt: autoDraw = false
482.5719250000111	EXP	search_img: autoDraw = false
482.5719250000111	EXP	search_txt: autoDraw = false
482.5719250000111	EXP	search_img: autoDraw = false
482.5719250000111	EXP	text_2: autoDraw = true
482.5719250000111	EXP	text_2: autoDraw = false
482.57968500000425	EXP	text_2: autoDraw = false
482.57968500000425	EXP	fixation_target: autoDraw = true
482.57968500000425	EXP	corrAns_reminder_text: autoDraw = true
482.57968500000425	EXP	memory_2: autoDraw = true
483.0748500000045	EXP	fixation_target: autoDraw = false
483.0748500000045	EXP	corrAns_reminder_text: autoDraw = false
483.0748500000045	EXP	memory_2: autoDraw = false
483.0748500000045	EXP	fixation_target: autoDraw = false
483.0748500000045	EXP	corrAns_reminder_text: autoDraw = false
483.0748500000045	EXP	memory_2: autoDraw = false
483.0748500000045	EXP	target: opacity = 1
483.0748500000045	EXP	target: pos = [100,50]
483.0748500000045	EXP	target: image = {}
483.0748500000045	EXP	dist1: opacity = 0
483.0748500000045	EXP	dist1: pos = [-200,-150]
483.0748500000045	EXP	dist1: image = {}
483.0748500000045	EXP	dist2: opacity = 0
483.0748500000045	EXP	dist2: pos = [-300,250]
483.0748500000045	EXP	dist2: image = {}
483.0748500000045	EXP	dist3: opacity = 0
483.0748500000045	EXP	dist3: pos = [-100,150]
483.0748500000045	EXP	dist3: image = {}
483.0748500000045	EXP	dist4: opacity = 0
483.0748500000045	EXP	dist4: pos = [400,100]
483.0748500000045	EXP	dist4: image = {}
483.0748500000045	EXP	dist5: opacity = 0
483.0748500000045	EXP	dist5: pos = [200,-50]
483.0748500000045	EXP	dist5: image = {}
483.0748500000045	EXP	dist6: opacity = 0
483.0748500000045	EXP	dist6: pos = [0,0]
483.0748500000045	EXP	dist6: image = {}
483.0748500000045	EXP	dist7: opacity = 0
483.0748500000045	EXP	dist7: pos = [300,-100]
483.0748500000045	EXP	dist7: image = {}
483.0748500000045	EXP	dist8: opacity = 0
483.0748500000045	EXP	dist8: pos = [-400,200]
483.0748500000045	EXP	dist8: image = {}
483.0748500000045	EXP	memory: autoDraw = true
483.0748500000045	EXP	target: autoDraw = true
483.0748500000045	EXP	dist1: autoDraw = true
483.0748500000045	EXP	dist2: autoDraw = true
483.0748500000045	EXP	dist3: autoDraw = true
483.0748500000045	EXP	dist4: autoDraw = true
483.0748500000045	EXP	dist5: autoDraw = true
483.0748500000045	EXP	dist6: autoDraw = true
483.0748500000045	EXP	dist7: autoDraw = true
483.0748500000045	EXP	dist8: autoDraw = true
484.0650750000059	EXP	memory: autoDraw = false
484.0650750000059	EXP	target: autoDraw = false
484.0650750000059	EXP	dist1: autoDraw = false
484.0650750000059	EXP	dist2: autoDraw = false
484.0650750000059	EXP	dist3: autoDraw = false
484.0650750000059	EXP	dist4: autoDraw = false
484.0650750000059	EXP	dist5: autoDraw = false
484.0650750000059	EXP	dist6: autoDraw = false
484.0650750000059	EXP	dist7: autoDraw = false
484.0650750000059	EXP	dist8: autoDraw = false
484.0650750000059	EXP	memory: autoDraw = false
484.0650750000059	EXP	target: autoDraw = false
484.0650750000059	EXP	dist1: autoDraw = false
484.0650750000059	EXP	dist2: autoDraw = false
484.0650750000059	EXP	dist3: autoDraw = false
484.0650750000059	EXP	dist4: autoDraw = false
484.0650750000059	EXP	dist5: autoDraw = false
484.0650750000059	EXP	dist6: autoDraw = false
484.0650750000059	EXP	dist7: autoDraw = false
484.0650750000059	EXP	dist8: autoDraw = false
484.0650750000059	EXP	fixation_target_2: autoDraw = true
484.0650750000059	EXP	corrAns_reminder_text_2: autoDraw = true
484.0650750000059	EXP	search_txt_2: autoDraw = true
484.5809600000066	EXP	fixation_target_2: autoDraw = false
484.5809600000066	EXP	corrAns_reminder_text_2: autoDraw = false
484.5809600000066	EXP	search_txt_2: autoDraw = false
484.5809600000066	EXP	fixation_target_2: autoDraw = false
484.5809600000066	EXP	corrAns_reminder_text_2: autoDraw = false
484.5809600000066	EXP	search_txt_2: autoDraw = false
484.5809600000066	EXP	search_img: opacity = 1
484.5809600000066	EXP	search_img: image = {}
484.5809600000066	EXP	search_txt: autoDraw = true
484.5809600000066	EXP	search_img: autoDraw = true
487.91068000000087	DATA	Keydown: Escape
