0.5086000000010245	EXP	Created Window = Window( name=Window, fullscr=true, color=#ffffff, units=height, waitBlanking=true, autoLog=true, size=[1366,657] )
158.24221499997657	DATA	Keydown: 9
159.0937949999934	DATA	Keydown: 5
160.4163149999804	DATA	Keydown: 8
160.9584399999585	DATA	Keydown: AudioVolumeMute
161.81927999999607	DATA	Keydown: 1
162.6594899999909	DATA	Keydown: 6
163.1349399999599	DATA	Keydown: 3
167.94509499997366	DATA	Keydown: AudioVolumeMute
172.01922499999637	DATA	Keydown: Delete
172.02565999998478	DATA	Keydown: Delete
179.46620500000427	DATA	Keydown: 1
180.2791299999808	DATA	Keydown: Backspace
180.56425499997567	DATA	Keydown: 2
180.61990499997046	DATA	Keydown: 3
345.46142999996664	EXP	Created contact_info1 = ImageStim( name=contact_info1, win=Window( name=Window, fullscr=true, color=#ffffff, ~), autoDraw=null, autoLog=true, units=height, ori=null, opacity=1, pos=[0,-0.2], size=[0.9,0.1], image={}, mask=undefined, color=#ffffff, contrast=1, texRes=128, interpolate=true, depth=-4, flipHoriz=null, flipVert=null )
345.4632349999738	EXP	Created consent_question = TextStim( name=consent_question, win=Window( name=Window, fullscr=true, color=#ffffff, ~), autoDraw=null, autoLog=true, units=norm, ori=null, opacity=1, pos=[0,0], size=undefined, text=default text, font=Arial, color=#000000, contrast=1, height=0.05, bold=null, italic=null, alignHoriz=left, alignVert=center, wrapWidth=1.5, flipHoriz=null, flipVert=null )
345.46429999999236	EXP	Created consent_1 = ImageStim( name=consent_1, win=Window( name=Window, fullscr=true, color=#ffffff, ~), autoDraw=null, autoLog=true, units=height, ori=null, opacity=1, pos=[0,0], size=[1,0.8533], image={}, mask=undefined, color=#ffffff, contrast=1, texRes=128, interpolate=true, depth=null, flipHoriz=null, flipVert=null )
345.4650149999652	EXP	Created text_3 = TextStim( name=text_3, win=Window( name=Window, fullscr=true, color=#ffffff, ~), autoDraw=null, autoLog=true, units=height, ori=null, opacity=1, pos=[0,-0.49], size=undefined, text=After reading, press Space to continue

, font=Arial, color=#000000, contrast=1, height=0.03, bold=null, italic=null, alignHoriz=left, alignVert=center, wrapWidth=1, flipHoriz=null, flipVert=null )
345.4660149999545	EXP	Created consent = ImageStim( name=consent, win=Window( name=Window, fullscr=true, color=#ffffff, ~), autoDraw=null, autoLog=true, units=height, ori=null, opacity=1, pos=[0,0], size=[1,0.8533], image={}, mask=undefined, color=#ffffff, contrast=1, texRes=128, interpolate=true, depth=null, flipHoriz=null, flipVert=null )
345.4665099999984	EXP	Created text_4 = TextStim( name=text_4, win=Window( name=Window, fullscr=true, color=#ffffff, ~), autoDraw=null, autoLog=true, units=height, ori=null, opacity=1, pos=[0,-0.49], size=undefined, text=After reading, press Space to continue

, font=Arial, color=#000000, contrast=1, height=0.03, bold=null, italic=null, alignHoriz=left, alignVert=center, wrapWidth=1, flipHoriz=null, flipVert=null )
345.46750999998767	EXP	Created consent_2 = ImageStim( name=consent_2, win=Window( name=Window, fullscr=true, color=#ffffff, ~), autoDraw=null, autoLog=true, units=height, ori=null, opacity=1, pos=[0,0], size=[1,0.8533], image={}, mask=undefined, color=#ffffff, contrast=1, texRes=128, interpolate=true, depth=null, flipHoriz=null, flipVert=null )
345.468824999989	EXP	Created text_5 = TextStim( name=text_5, win=Window( name=Window, fullscr=true, color=#ffffff, ~), autoDraw=null, autoLog=true, units=height, ori=null, opacity=1, pos=[0,-0.49], size=undefined, text=I consent (Y) I do not consent (Esc)
, font=Arial, color=#000000, contrast=1, height=0.03, bold=null, italic=null, alignHoriz=left, alignVert=center, wrapWidth=1, flipHoriz=null, flipVert=null )
345.4692400000058	EXP	Created gender_question = TextStim( name=gender_question, win=Window( name=Window, fullscr=true, color=#ffffff, ~), autoDraw=null, autoLog=true, units=height, ori=null, opacity=1, pos=[0,0], size=undefined, text=In order to allow us to describe our sample, we wo~), font=Arial, color=#000000, contrast=1, height=0.04, bold=null, italic=null, alignHoriz=left, alignVert=center, wrapWidth=1.5, flipHoriz=null, flipVert=null )
345.4696999999578	EXP	Created inst_text = TextStim( name=inst_text, win=Window( name=Window, fullscr=true, color=#ffffff, ~), autoDraw=null, autoLog=true, units=height, ori=null, opacity=1, pos=[0,0], size=undefined, text=The next screen shown will require you to memorize~, font=Arial, color=#000000, contrast=1, height=0.04, bold=null, italic=null, alignHoriz=left, alignVert=center, wrapWidth=1, flipHoriz=null, flipVert=null )
345.4711349999998	EXP	Created corrAns_reminder_text = TextStim( name=corrAns_reminder_text, win=Window( name=Window, fullscr=true, color=#ffffff, ~), autoDraw=null, autoLog=true, units=height, ori=null, opacity=1, pos=[0,4], size=undefined, text=Present: m

Absent: v, font=Arial, color=#000000, contrast=1, height=0.1, bold=null, italic=null, alignHoriz=left, alignVert=center, wrapWidth=1, flipHoriz=null, flipVert=null )
345.47151000000304	EXP	Created memory_2 = TextStim( name=memory_2, win=Window( name=Window, fullscr=true, color=#ffffff, ~), autoDraw=null, autoLog=true, units=height, ori=null, opacity=1, pos=[0,0.44], size=undefined, text=Memorise...

, font=Arial, color=#FF0000, contrast=1, height=0.03, bold=null, italic=null, alignHoriz=left, alignVert=center, wrapWidth=1, flipHoriz=null, flipVert=null )
345.4719099999638	EXP	Created memory = TextStim( name=memory, win=Window( name=Window, fullscr=true, color=#ffffff, ~), autoDraw=null, autoLog=true, units=height, ori=null, opacity=1, pos=[0,0.44], size=undefined, text=Memorise...

, font=Arial, color=#FF0000, contrast=1, height=0.03, bold=null, italic=null, alignHoriz=left, alignVert=center, wrapWidth=1, flipHoriz=null, flipVert=null )
345.4732499999809	EXP	Created target = ImageStim( name=target, win=Window( name=Window, fullscr=true, color=#ffffff, ~), autoDraw=null, autoLog=true, units=pix, ori=null, opacity=1, pos=[0,0], size=undefined, image=undefined, mask=undefined, color=#ffffff, contrast=1, texRes=128, interpolate=null, depth=-2, flipHoriz=null, flipVert=null )
345.47448999999324	EXP	Created dist1 = ImageStim( name=dist1, win=Window( name=Window, fullscr=true, color=#ffffff, ~), autoDraw=null, autoLog=true, units=pix, ori=null, opacity=1, pos=[0,0], size=undefined, image=undefined, mask=undefined, color=#ffffff, contrast=1, texRes=128, interpolate=null, depth=-3, flipHoriz=null, flipVert=null )
345.475615000003	EXP	Created dist2 = ImageStim( name=dist2, win=Window( name=Window, fullscr=true, color=#ffffff, ~), autoDraw=null, autoLog=true, units=pix, ori=null, opacity=1, pos=[0,0], size=undefined, image=undefined, mask=undefined, color=#ffffff, contrast=1, texRes=128, interpolate=null, depth=-4, flipHoriz=null, flipVert=null )
345.47808500000974	EXP	Created dist3 = ImageStim( name=dist3, win=Window( name=Window, fullscr=true, color=#ffffff, ~), autoDraw=null, autoLog=true, units=pix, ori=null, opacity=1, pos=[0,0], size=undefined, image=undefined, mask=undefined, color=#ffffff, contrast=1, texRes=128, interpolate=null, depth=-5, flipHoriz=null, flipVert=null )
345.4794849999598	EXP	Created dist4 = ImageStim( name=dist4, win=Window( name=Window, fullscr=true, color=#ffffff, ~), autoDraw=null, autoLog=true, units=pix, ori=null, opacity=1, pos=[0,0], size=undefined, image=undefined, mask=undefined, color=#ffffff, contrast=1, texRes=128, interpolate=null, depth=-6, flipHoriz=null, flipVert=null )
345.4811350000091	EXP	Created dist5 = ImageStim( name=dist5, win=Window( name=Window, fullscr=true, color=#ffffff, ~), autoDraw=null, autoLog=true, units=pix, ori=null, opacity=1, pos=[0,0], size=undefined, image=undefined, mask=undefined, color=#ffffff, contrast=1, texRes=128, interpolate=null, depth=-7, flipHoriz=null, flipVert=null )
345.4827749999822	EXP	Created dist6 = ImageStim( name=dist6, win=Window( name=Window, fullscr=true, color=#ffffff, ~), autoDraw=null, autoLog=true, units=pix, ori=null, opacity=1, pos=[0,0], size=undefined, image=undefined, mask=undefined, color=#ffffff, contrast=1, texRes=128, interpolate=null, depth=-8, flipHoriz=null, flipVert=null )
345.48417000001064	EXP	Created dist7 = ImageStim( name=dist7, win=Window( name=Window, fullscr=true, color=#ffffff, ~), autoDraw=null, autoLog=true, units=pix, ori=null, opacity=1, pos=[0,0], size=undefined, image=undefined, mask=undefined, color=#ffffff, contrast=1, texRes=128, interpolate=null, depth=-9, flipHoriz=null, flipVert=null )
345.4854049999849	EXP	Created dist8 = ImageStim( name=dist8, win=Window( name=Window, fullscr=true, color=#ffffff, ~), autoDraw=null, autoLog=true, units=pix, ori=null, opacity=1, pos=[0,0], size=undefined, image=undefined, mask=undefined, color=#ffffff, contrast=1, texRes=128, interpolate=null, depth=-10, flipHoriz=null, flipVert=null )
345.4862299999804	EXP	Created corrAns_reminder_text_2 = TextStim( name=corrAns_reminder_text_2, win=Window( name=Window, fullscr=true, color=#ffffff, ~), autoDraw=null, autoLog=true, units=height, ori=null, opacity=1, pos=[0,4], size=undefined, text=Present: m

Absent: v, font=Arial, color=#000000, contrast=1, height=0.1, bold=null, italic=null, alignHoriz=left, alignVert=center, wrapWidth=1, flipHoriz=null, flipVert=null )
345.48735999997007	EXP	Created search_txt_2 = TextStim( name=search_txt_2, win=Window( name=Window, fullscr=true, color=#ffffff, ~), autoDraw=null, autoLog=true, units=height, ori=null, opacity=1, pos=[0,0.44], size=undefined, text=Search...

, font=Arial, color=#008000, contrast=1, height=0.03, bold=null, italic=null, alignHoriz=left, alignVert=center, wrapWidth=1, flipHoriz=null, flipVert=null )
345.4878649999737	EXP	Created search_txt = TextStim( name=search_txt, win=Window( name=Window, fullscr=true, color=#ffffff, ~), autoDraw=null, autoLog=true, units=height, ori=null, opacity=1, pos=[0,0.44], size=undefined, text=Search...

, font=Arial, color=#008000, contrast=1, height=0.03, bold=null, italic=null, alignHoriz=left, alignVert=center, wrapWidth=1, flipHoriz=null, flipVert=null )
345.4889499999699	EXP	Created search_img = ImageStim( name=search_img, win=Window( name=Window, fullscr=true, color=#ffffff, ~), autoDraw=null, autoLog=true, units=height, ori=null, opacity=1, pos=[0,0], size=[0.8533,0.8533], image=undefined, mask=undefined, color=#ffffff, contrast=1, texRes=128, interpolate=null, depth=-1, flipHoriz=null, flipVert=null )
345.48941999999806	EXP	Created text_2 = TextStim( name=text_2, win=Window( name=Window, fullscr=true, color=#ffffff, ~), autoDraw=null, autoLog=true, units=height, ori=null, opacity=1, pos=[0,0], size=undefined, text=Press 'Space Bar' to continue, font=Arial, color=#000000, contrast=1, height=0.04, bold=null, italic=null, alignHoriz=left, alignVert=center, wrapWidth=1, flipHoriz=null, flipVert=null )
345.4898299999768	EXP	Created text = TextStim( name=text, win=Window( name=Window, fullscr=true, color=#ffffff, ~), autoDraw=null, autoLog=true, units=height, ori=null, opacity=1, pos=[0,0], size=undefined, text=default text, font=Arial, color=#000000, contrast=1, height=0.05, bold=null, italic=null, alignHoriz=left, alignVert=center, wrapWidth=1, flipHoriz=null, flipVert=null )
346.01032000000123	EXP	contact_info1: units = "height"
346.01032000000123	EXP	contact_info1: ori = 0
346.01032000000123	EXP	contact_info1: opacity = 1
346.01032000000123	EXP	contact_info1: pos = [0,-0.2]
346.01032000000123	EXP	contact_info1: size = [0.9,0.1]
346.01032000000123	EXP	contact_info1: image = {}
346.01032000000123	EXP	contact_info1: mask = undefined
346.01032000000123	EXP	contact_info1: color = {"_rgb":[1,1,1]}
346.01032000000123	EXP	contact_info1: contrast = 1
346.01032000000123	EXP	contact_info1: texRes = 128
346.01032000000123	EXP	contact_info1: interpolate = true
346.01032000000123	EXP	contact_info1: depth = -4
346.01032000000123	EXP	contact_info1: flipHoriz = false
346.01032000000123	EXP	contact_info1: flipVert = false
346.01032000000123	EXP	consent_question: units = "norm"
346.01032000000123	EXP	consent_question: ori = 0
346.01032000000123	EXP	consent_question: opacity = 1
346.01032000000123	EXP	consent_question: pos = [0,0]
346.01032000000123	EXP	consent_question: size = undefined
346.01032000000123	EXP	consent_question: text = "default text"
346.01032000000123	EXP	consent_question: font = "Arial"
346.01032000000123	EXP	consent_question: color = {"_hex":"#000000","_rgb":[0,0,0]}
346.01032000000123	EXP	consent_question: contrast = 1
346.01032000000123	EXP	consent_question: height = 0.05
346.01032000000123	EXP	consent_question: bold = false
346.01032000000123	EXP	consent_question: italic = false
346.01032000000123	EXP	consent_question: alignHoriz = "left"
346.01032000000123	EXP	consent_question: alignVert = "center"
346.01032000000123	EXP	consent_question: wrapWidth = 1.5
346.01032000000123	EXP	consent_question: flipHoriz = false
346.01032000000123	EXP	consent_question: flipVert = false
346.01032000000123	EXP	consent_1: units = "height"
346.01032000000123	EXP	consent_1: ori = 0
346.01032000000123	EXP	consent_1: opacity = 1
346.01032000000123	EXP	consent_1: pos = [0,0]
346.01032000000123	EXP	consent_1: size = [1,0.8533]
346.01032000000123	EXP	consent_1: image = {}
346.01032000000123	EXP	consent_1: mask = undefined
346.01032000000123	EXP	consent_1: color = {"_rgb":[1,1,1]}
346.01032000000123	EXP	consent_1: contrast = 1
346.01032000000123	EXP	consent_1: texRes = 128
346.01032000000123	EXP	consent_1: interpolate = true
346.01032000000123	EXP	consent_1: depth = 0
346.01032000000123	EXP	consent_1: flipHoriz = false
346.01032000000123	EXP	consent_1: flipVert = false
346.01032000000123	EXP	text_3: units = "height"
346.01032000000123	EXP	text_3: ori = 0
346.01032000000123	EXP	text_3: opacity = 1
346.01032000000123	EXP	text_3: pos = [0,-0.49]
346.01032000000123	EXP	text_3: size = undefined
346.01032000000123	EXP	text_3: text = "After reading, press Space to continue\n\n"
346.01032000000123	EXP	text_3: font = "Arial"
346.01032000000123	EXP	text_3: color = {"_hex":"#000000","_rgb":[0,0,0]}
346.01032000000123	EXP	text_3: contrast = 1
346.01032000000123	EXP	text_3: height = 0.03
346.01032000000123	EXP	text_3: bold = false
346.01032000000123	EXP	text_3: italic = false
346.01032000000123	EXP	text_3: alignHoriz = "left"
346.01032000000123	EXP	text_3: alignVert = "center"
346.01032000000123	EXP	text_3: wrapWidth = 1
346.01032000000123	EXP	text_3: flipHoriz = false
346.01032000000123	EXP	text_3: flipVert = false
346.01032000000123	EXP	consent: units = "height"
346.01032000000123	EXP	consent: ori = 0
346.01032000000123	EXP	consent: opacity = 1
346.01032000000123	EXP	consent: pos = [0,0]
346.01032000000123	EXP	consent: size = [1,0.8533]
346.01032000000123	EXP	consent: image = {}
346.01032000000123	EXP	consent: mask = undefined
346.01032000000123	EXP	consent: color = {"_rgb":[1,1,1]}
346.01032000000123	EXP	consent: contrast = 1
346.01032000000123	EXP	consent: texRes = 128
346.01032000000123	EXP	consent: interpolate = true
346.01032000000123	EXP	consent: depth = 0
346.01032000000123	EXP	consent: flipHoriz = false
346.01032000000123	EXP	consent: flipVert = false
346.01032000000123	EXP	text_4: units = "height"
346.01032000000123	EXP	text_4: ori = 0
346.01032000000123	EXP	text_4: opacity = 1
346.01032000000123	EXP	text_4: pos = [0,-0.49]
346.01032000000123	EXP	text_4: size = undefined
346.01032000000123	EXP	text_4: text = "After reading, press Space to continue\n\n"
346.01032000000123	EXP	text_4: font = "Arial"
346.01032000000123	EXP	text_4: color = {"_hex":"#000000","_rgb":[0,0,0]}
346.01032000000123	EXP	text_4: contrast = 1
346.01032000000123	EXP	text_4: height = 0.03
346.01032000000123	EXP	text_4: bold = false
346.01032000000123	EXP	text_4: italic = false
346.01032000000123	EXP	text_4: alignHoriz = "left"
346.01032000000123	EXP	text_4: alignVert = "center"
346.01032000000123	EXP	text_4: wrapWidth = 1
346.01032000000123	EXP	text_4: flipHoriz = false
346.01032000000123	EXP	text_4: flipVert = false
346.01032000000123	EXP	consent_2: units = "height"
346.01032000000123	EXP	consent_2: ori = 0
346.01032000000123	EXP	consent_2: opacity = 1
346.01032000000123	EXP	consent_2: pos = [0,0]
346.01032000000123	EXP	consent_2: size = [1,0.8533]
346.01032000000123	EXP	consent_2: image = {}
346.01032000000123	EXP	consent_2: mask = undefined
346.01032000000123	EXP	consent_2: color = {"_rgb":[1,1,1]}
346.01032000000123	EXP	consent_2: contrast = 1
346.01032000000123	EXP	consent_2: texRes = 128
346.01032000000123	EXP	consent_2: interpolate = true
346.01032000000123	EXP	consent_2: depth = 0
346.01032000000123	EXP	consent_2: flipHoriz = false
346.01032000000123	EXP	consent_2: flipVert = false
346.01032000000123	EXP	text_5: units = "height"
346.01032000000123	EXP	text_5: ori = 0
346.01032000000123	EXP	text_5: opacity = 1
346.01032000000123	EXP	text_5: pos = [0,-0.49]
346.01032000000123	EXP	text_5: size = undefined
346.01032000000123	EXP	text_5: text = "I consent (Y) I do not consent (Esc)\n"
346.01032000000123	EXP	text_5: font = "Arial"
346.01032000000123	EXP	text_5: color = {"_hex":"#000000","_rgb":[0,0,0]}
346.01032000000123	EXP	text_5: contrast = 1
346.01032000000123	EXP	text_5: height = 0.03
346.01032000000123	EXP	text_5: bold = false
346.01032000000123	EXP	text_5: italic = false
346.01032000000123	EXP	text_5: alignHoriz = "left"
346.01032000000123	EXP	text_5: alignVert = "center"
346.01032000000123	EXP	text_5: wrapWidth = 1
346.01032000000123	EXP	text_5: flipHoriz = false
346.01032000000123	EXP	text_5: flipVert = false
346.01032000000123	EXP	gender_question: units = "height"
346.01032000000123	EXP	gender_question: ori = 0
346.01032000000123	EXP	gender_question: opacity = 1
346.01032000000123	EXP	gender_question: pos = [0,0]
346.01032000000123	EXP	gender_question: size = undefined
346.01032000000123	EXP	gender_question: text = "In order to allow us to describe our sample, we would now like you to answer some demographic questions.\n\nWhat is your gender?\n\nWoman (W)\nMan(M)\nNon-binary (N)\nDifferent identity (D)\nPrefer not to say (P)"
346.01032000000123	EXP	gender_question: font = "Arial"
346.01032000000123	EXP	gender_question: color = {"_hex":"#000000","_rgb":[0,0,0]}
346.01032000000123	EXP	gender_question: contrast = 1
346.01032000000123	EXP	gender_question: height = 0.04
346.01032000000123	EXP	gender_question: bold = false
346.01032000000123	EXP	gender_question: italic = false
346.01032000000123	EXP	gender_question: alignHoriz = "left"
346.01032000000123	EXP	gender_question: alignVert = "center"
346.01032000000123	EXP	gender_question: wrapWidth = 1.5
346.01032000000123	EXP	gender_question: flipHoriz = false
346.01032000000123	EXP	gender_question: flipVert = false
346.01032000000123	EXP	inst_text: units = "height"
346.01032000000123	EXP	inst_text: ori = 0
346.01032000000123	EXP	inst_text: opacity = 1
346.01032000000123	EXP	inst_text: pos = [0,0]
346.01032000000123	EXP	inst_text: size = undefined
346.01032000000123	EXP	inst_text: text = "The next screen shown will require you to memorize the targets.\n\nThis will be followed by a 'Search' screen, \nin which you will use the keys below to indicate if a target is present or absent. \nAt most one of the targets will be present in the search screen.\n\n'M' ->present\n'V'  <-absent \n\nReady? Press 'S' \nto start \n\n"
346.01032000000123	EXP	inst_text: font = "Arial"
346.01032000000123	EXP	inst_text: color = {"_hex":"#000000","_rgb":[0,0,0]}
346.01032000000123	EXP	inst_text: contrast = 1
346.01032000000123	EXP	inst_text: height = 0.04
346.01032000000123	EXP	inst_text: bold = false
346.01032000000123	EXP	inst_text: italic = false
346.01032000000123	EXP	inst_text: alignHoriz = "left"
346.01032000000123	EXP	inst_text: alignVert = "center"
346.01032000000123	EXP	inst_text: wrapWidth = 1
346.01032000000123	EXP	inst_text: flipHoriz = false
346.01032000000123	EXP	inst_text: flipVert = false
346.01032000000123	EXP	fixation_target: units = "pix"
346.01032000000123	EXP	fixation_target: ori = 0
346.01032000000123	EXP	fixation_target: opacity = 1
346.01032000000123	EXP	fixation_target: pos = [0,0]
346.01032000000123	EXP	fixation_target: size = [20,20]
346.01032000000123	EXP	fixation_target: lineWidth = 1
346.01032000000123	EXP	fixation_target: lineColor = {"_rgb":[0,0,0]}
346.01032000000123	EXP	fixation_target: fillColor = {"_rgb":[1,0.5,0.5]}
346.01032000000123	EXP	fixation_target: vertices = [[-0.1,0.5],[0.1,0.5],[0.1,0.1],[0.5,0.1],[0.5,-0.1],[0.1,-0.1],[0.1,-0.5],[-0.1,-0.5],[-0.1,-0.1],[-0.5,-0.1],[-0.5,0.1],[-0.1,0.1]]
346.01032000000123	EXP	fixation_target: closeShape = true
346.01032000000123	EXP	fixation_target: contrast = 1
346.01032000000123	EXP	fixation_target: depth = 0
346.01032000000123	EXP	fixation_target: interpolate = true
346.01032000000123	EXP	corrAns_reminder_text: units = "height"
346.01032000000123	EXP	corrAns_reminder_text: ori = 0
346.01032000000123	EXP	corrAns_reminder_text: opacity = 1
346.01032000000123	EXP	corrAns_reminder_text: pos = [0,4]
346.01032000000123	EXP	corrAns_reminder_text: size = undefined
346.01032000000123	EXP	corrAns_reminder_text: text = "Present: m\n\nAbsent: v"
346.01032000000123	EXP	corrAns_reminder_text: font = "Arial"
346.01032000000123	EXP	corrAns_reminder_text: color = {"_hex":"#000000","_rgb":[0,0,0]}
346.01032000000123	EXP	corrAns_reminder_text: contrast = 1
346.01032000000123	EXP	corrAns_reminder_text: height = 0.1
346.01032000000123	EXP	corrAns_reminder_text: bold = false
346.01032000000123	EXP	corrAns_reminder_text: italic = false
346.01032000000123	EXP	corrAns_reminder_text: alignHoriz = "left"
346.01032000000123	EXP	corrAns_reminder_text: alignVert = "center"
346.01032000000123	EXP	corrAns_reminder_text: wrapWidth = 1
346.01032000000123	EXP	corrAns_reminder_text: flipHoriz = false
346.01032000000123	EXP	corrAns_reminder_text: flipVert = false
346.01032000000123	EXP	memory_2: units = "height"
346.01032000000123	EXP	memory_2: ori = 0
346.01032000000123	EXP	memory_2: opacity = 1
346.01032000000123	EXP	memory_2: pos = [0,0.44]
346.01032000000123	EXP	memory_2: size = undefined
346.01032000000123	EXP	memory_2: text = "Memorise...\n\n"
346.01032000000123	EXP	memory_2: font = "Arial"
346.01032000000123	EXP	memory_2: color = {"_hex":"#FF0000","_rgb":[1,0,0]}
346.01032000000123	EXP	memory_2: contrast = 1
346.01032000000123	EXP	memory_2: height = 0.03
346.01032000000123	EXP	memory_2: bold = false
346.01032000000123	EXP	memory_2: italic = false
346.01032000000123	EXP	memory_2: alignHoriz = "left"
346.01032000000123	EXP	memory_2: alignVert = "center"
346.01032000000123	EXP	memory_2: wrapWidth = 1
346.01032000000123	EXP	memory_2: flipHoriz = false
346.01032000000123	EXP	memory_2: flipVert = false
346.01032000000123	EXP	memory: units = "height"
346.01032000000123	EXP	memory: ori = 0
346.01032000000123	EXP	memory: opacity = 1
346.01032000000123	EXP	memory: pos = [0,0.44]
346.01032000000123	EXP	memory: size = undefined
346.01032000000123	EXP	memory: text = "Memorise...\n\n"
346.01032000000123	EXP	memory: font = "Arial"
346.01032000000123	EXP	memory: color = {"_hex":"#FF0000","_rgb":[1,0,0]}
346.01032000000123	EXP	memory: contrast = 1
346.01032000000123	EXP	memory: height = 0.03
346.01032000000123	EXP	memory: bold = false
346.01032000000123	EXP	memory: italic = false
346.01032000000123	EXP	memory: alignHoriz = "left"
346.01032000000123	EXP	memory: alignVert = "center"
346.01032000000123	EXP	memory: wrapWidth = 1
346.01032000000123	EXP	memory: flipHoriz = false
346.01032000000123	EXP	memory: flipVert = false
346.01032000000123	EXP	target: units = "pix"
346.01032000000123	EXP	target: ori = 0
346.01032000000123	EXP	target: opacity = 1
346.01032000000123	EXP	target: pos = [0,0]
346.01032000000123	EXP	target: size = undefined
346.01032000000123	EXP	target: image = undefined
346.01032000000123	EXP	target: mask = undefined
346.01032000000123	EXP	target: color = {"_rgb":[1,1,1]}
346.01032000000123	EXP	target: contrast = 1
346.01032000000123	EXP	target: texRes = 128
346.01032000000123	EXP	target: interpolate = false
346.01032000000123	EXP	target: depth = -2
346.01032000000123	EXP	target: flipHoriz = false
346.01032000000123	EXP	target: flipVert = false
346.01032000000123	EXP	dist1: units = "pix"
346.01032000000123	EXP	dist1: ori = 0
346.01032000000123	EXP	dist1: opacity = 1
346.01032000000123	EXP	dist1: pos = [0,0]
346.01032000000123	EXP	dist1: size = undefined
346.01032000000123	EXP	dist1: image = undefined
346.01032000000123	EXP	dist1: mask = undefined
346.01032000000123	EXP	dist1: color = {"_rgb":[1,1,1]}
346.01032000000123	EXP	dist1: contrast = 1
346.01032000000123	EXP	dist1: texRes = 128
346.01032000000123	EXP	dist1: interpolate = false
346.01032000000123	EXP	dist1: depth = -3
346.01032000000123	EXP	dist1: flipHoriz = false
346.01032000000123	EXP	dist1: flipVert = false
346.01032000000123	EXP	dist2: units = "pix"
346.01032000000123	EXP	dist2: ori = 0
346.01032000000123	EXP	dist2: opacity = 1
346.01032000000123	EXP	dist2: pos = [0,0]
346.01032000000123	EXP	dist2: size = undefined
346.01032000000123	EXP	dist2: image = undefined
346.01032000000123	EXP	dist2: mask = undefined
346.01032000000123	EXP	dist2: color = {"_rgb":[1,1,1]}
346.01032000000123	EXP	dist2: contrast = 1
346.01032000000123	EXP	dist2: texRes = 128
346.01032000000123	EXP	dist2: interpolate = false
346.01032000000123	EXP	dist2: depth = -4
346.01032000000123	EXP	dist2: flipHoriz = false
346.01032000000123	EXP	dist2: flipVert = false
346.01032000000123	EXP	dist3: units = "pix"
346.01032000000123	EXP	dist3: ori = 0
346.01032000000123	EXP	dist3: opacity = 1
346.01032000000123	EXP	dist3: pos = [0,0]
346.01032000000123	EXP	dist3: size = undefined
346.01032000000123	EXP	dist3: image = undefined
346.01032000000123	EXP	dist3: mask = undefined
346.01032000000123	EXP	dist3: color = {"_rgb":[1,1,1]}
346.01032000000123	EXP	dist3: contrast = 1
346.01032000000123	EXP	dist3: texRes = 128
346.01032000000123	EXP	dist3: interpolate = false
346.01032000000123	EXP	dist3: depth = -5
346.01032000000123	EXP	dist3: flipHoriz = false
346.01032000000123	EXP	dist3: flipVert = false
346.01032000000123	EXP	dist4: units = "pix"
346.01032000000123	EXP	dist4: ori = 0
346.01032000000123	EXP	dist4: opacity = 1
346.01032000000123	EXP	dist4: pos = [0,0]
346.01032000000123	EXP	dist4: size = undefined
346.01032000000123	EXP	dist4: image = undefined
346.01032000000123	EXP	dist4: mask = undefined
346.01032000000123	EXP	dist4: color = {"_rgb":[1,1,1]}
346.01032000000123	EXP	dist4: contrast = 1
346.01032000000123	EXP	dist4: texRes = 128
346.01032000000123	EXP	dist4: interpolate = false
346.01032000000123	EXP	dist4: depth = -6
346.01032000000123	EXP	dist4: flipHoriz = false
346.01032000000123	EXP	dist4: flipVert = false
346.01032000000123	EXP	dist5: units = "pix"
346.01032000000123	EXP	dist5: ori = 0
346.01032000000123	EXP	dist5: opacity = 1
346.01032000000123	EXP	dist5: pos = [0,0]
346.01032000000123	EXP	dist5: size = undefined
346.01032000000123	EXP	dist5: image = undefined
346.01032000000123	EXP	dist5: mask = undefined
346.01032000000123	EXP	dist5: color = {"_rgb":[1,1,1]}
346.01032000000123	EXP	dist5: contrast = 1
346.01032000000123	EXP	dist5: texRes = 128
346.01032000000123	EXP	dist5: interpolate = false
346.01032000000123	EXP	dist5: depth = -7
346.01032000000123	EXP	dist5: flipHoriz = false
346.01032000000123	EXP	dist5: flipVert = false
346.01032000000123	EXP	dist6: units = "pix"
346.01032000000123	EXP	dist6: ori = 0
346.01032000000123	EXP	dist6: opacity = 1
346.01032000000123	EXP	dist6: pos = [0,0]
346.01032000000123	EXP	dist6: size = undefined
346.01032000000123	EXP	dist6: image = undefined
346.01032000000123	EXP	dist6: mask = undefined
346.01032000000123	EXP	dist6: color = {"_rgb":[1,1,1]}
346.01032000000123	EXP	dist6: contrast = 1
346.01032000000123	EXP	dist6: texRes = 128
346.01032000000123	EXP	dist6: interpolate = false
346.01032000000123	EXP	dist6: depth = -8
346.01032000000123	EXP	dist6: flipHoriz = false
346.01032000000123	EXP	dist6: flipVert = false
346.01032000000123	EXP	dist7: units = "pix"
346.01032000000123	EXP	dist7: ori = 0
346.01032000000123	EXP	dist7: opacity = 1
346.01032000000123	EXP	dist7: pos = [0,0]
346.01032000000123	EXP	dist7: size = undefined
346.01032000000123	EXP	dist7: image = undefined
346.01032000000123	EXP	dist7: mask = undefined
346.01032000000123	EXP	dist7: color = {"_rgb":[1,1,1]}
346.01032000000123	EXP	dist7: contrast = 1
346.01032000000123	EXP	dist7: texRes = 128
346.01032000000123	EXP	dist7: interpolate = false
346.01032000000123	EXP	dist7: depth = -9
346.01032000000123	EXP	dist7: flipHoriz = false
346.01032000000123	EXP	dist7: flipVert = false
346.01032000000123	EXP	dist8: units = "pix"
346.01032000000123	EXP	dist8: ori = 0
346.01032000000123	EXP	dist8: opacity = 1
346.01032000000123	EXP	dist8: pos = [0,0]
346.01032000000123	EXP	dist8: size = undefined
346.01032000000123	EXP	dist8: image = undefined
346.01032000000123	EXP	dist8: mask = undefined
346.01032000000123	EXP	dist8: color = {"_rgb":[1,1,1]}
346.01032000000123	EXP	dist8: contrast = 1
346.01032000000123	EXP	dist8: texRes = 128
346.01032000000123	EXP	dist8: interpolate = false
346.01032000000123	EXP	dist8: depth = -10
346.01032000000123	EXP	dist8: flipHoriz = false
346.01032000000123	EXP	dist8: flipVert = false
346.01032000000123	EXP	fixation_target_2: units = "pix"
346.01032000000123	EXP	fixation_target_2: ori = 0
346.01032000000123	EXP	fixation_target_2: opacity = 1
346.01032000000123	EXP	fixation_target_2: pos = [0,0]
346.01032000000123	EXP	fixation_target_2: size = [1,1]
346.01032000000123	EXP	fixation_target_2: lineWidth = 1
346.01032000000123	EXP	fixation_target_2: lineColor = {"_rgb":[0,0,0]}
346.01032000000123	EXP	fixation_target_2: fillColor = {"_rgb":[0.5,1,0.5]}
346.01032000000123	EXP	fixation_target_2: vertices = [[-10,-10],[10,-10],[0,10]]
346.01032000000123	EXP	fixation_target_2: closeShape = true
346.01032000000123	EXP	fixation_target_2: contrast = 1
346.01032000000123	EXP	fixation_target_2: depth = 0
346.01032000000123	EXP	fixation_target_2: interpolate = true
346.01032000000123	EXP	corrAns_reminder_text_2: units = "height"
346.01032000000123	EXP	corrAns_reminder_text_2: ori = 0
346.01032000000123	EXP	corrAns_reminder_text_2: opacity = 1
346.01032000000123	EXP	corrAns_reminder_text_2: pos = [0,4]
346.01032000000123	EXP	corrAns_reminder_text_2: size = undefined
346.01032000000123	EXP	corrAns_reminder_text_2: text = "Present: m\n\nAbsent: v"
346.01032000000123	EXP	corrAns_reminder_text_2: font = "Arial"
346.01032000000123	EXP	corrAns_reminder_text_2: color = {"_hex":"#000000","_rgb":[0,0,0]}
346.01032000000123	EXP	corrAns_reminder_text_2: contrast = 1
346.01032000000123	EXP	corrAns_reminder_text_2: height = 0.1
346.01032000000123	EXP	corrAns_reminder_text_2: bold = false
346.01032000000123	EXP	corrAns_reminder_text_2: italic = false
346.01032000000123	EXP	corrAns_reminder_text_2: alignHoriz = "left"
346.01032000000123	EXP	corrAns_reminder_text_2: alignVert = "center"
346.01032000000123	EXP	corrAns_reminder_text_2: wrapWidth = 1
346.01032000000123	EXP	corrAns_reminder_text_2: flipHoriz = false
346.01032000000123	EXP	corrAns_reminder_text_2: flipVert = false
346.01032000000123	EXP	search_txt_2: units = "height"
346.01032000000123	EXP	search_txt_2: ori = 0
346.01032000000123	EXP	search_txt_2: opacity = 1
346.01032000000123	EXP	search_txt_2: pos = [0,0.44]
346.01032000000123	EXP	search_txt_2: size = undefined
346.01032000000123	EXP	search_txt_2: text = "Search...\n\n"
346.01032000000123	EXP	search_txt_2: font = "Arial"
346.01032000000123	EXP	search_txt_2: color = {"_hex":"#008000","_rgb":[0,0.5019607843137255,0]}
346.01032000000123	EXP	search_txt_2: contrast = 1
346.01032000000123	EXP	search_txt_2: height = 0.03
346.01032000000123	EXP	search_txt_2: bold = false
346.01032000000123	EXP	search_txt_2: italic = false
346.01032000000123	EXP	search_txt_2: alignHoriz = "left"
346.01032000000123	EXP	search_txt_2: alignVert = "center"
346.01032000000123	EXP	search_txt_2: wrapWidth = 1
346.01032000000123	EXP	search_txt_2: flipHoriz = false
346.01032000000123	EXP	search_txt_2: flipVert = false
346.01032000000123	EXP	search_txt: units = "height"
346.01032000000123	EXP	search_txt: ori = 0
346.01032000000123	EXP	search_txt: opacity = 1
346.01032000000123	EXP	search_txt: pos = [0,0.44]
346.01032000000123	EXP	search_txt: size = undefined
346.01032000000123	EXP	search_txt: text = "Search...\n\n"
346.01032000000123	EXP	search_txt: font = "Arial"
346.01032000000123	EXP	search_txt: color = {"_hex":"#008000","_rgb":[0,0.5019607843137255,0]}
346.01032000000123	EXP	search_txt: contrast = 1
346.01032000000123	EXP	search_txt: height = 0.03
346.01032000000123	EXP	search_txt: bold = false
346.01032000000123	EXP	search_txt: italic = false
346.01032000000123	EXP	search_txt: alignHoriz = "left"
346.01032000000123	EXP	search_txt: alignVert = "center"
346.01032000000123	EXP	search_txt: wrapWidth = 1
346.01032000000123	EXP	search_txt: flipHoriz = false
346.01032000000123	EXP	search_txt: flipVert = false
346.01032000000123	EXP	search_img: units = "height"
346.01032000000123	EXP	search_img: ori = 0
346.01032000000123	EXP	search_img: opacity = 1
346.01032000000123	EXP	search_img: pos = [0,0]
346.01032000000123	EXP	search_img: size = [0.8533,0.8533]
346.01032000000123	EXP	search_img: image = undefined
346.01032000000123	EXP	search_img: mask = undefined
346.01032000000123	EXP	search_img: color = {"_rgb":[1,1,1]}
346.01032000000123	EXP	search_img: contrast = 1
346.01032000000123	EXP	search_img: texRes = 128
346.01032000000123	EXP	search_img: interpolate = false
346.01032000000123	EXP	search_img: depth = -1
346.01032000000123	EXP	search_img: flipHoriz = false
346.01032000000123	EXP	search_img: flipVert = false
346.01032000000123	EXP	text_2: units = "height"
346.01032000000123	EXP	text_2: ori = 0
346.01032000000123	EXP	text_2: opacity = 1
346.01032000000123	EXP	text_2: pos = [0,0]
346.01032000000123	EXP	text_2: size = undefined
346.01032000000123	EXP	text_2: text = "Press 'Space Bar' to continue"
346.01032000000123	EXP	text_2: font = "Arial"
346.01032000000123	EXP	text_2: color = {"_hex":"#000000","_rgb":[0,0,0]}
346.01032000000123	EXP	text_2: contrast = 1
346.01032000000123	EXP	text_2: height = 0.04
346.01032000000123	EXP	text_2: bold = false
346.01032000000123	EXP	text_2: italic = false
346.01032000000123	EXP	text_2: alignHoriz = "left"
346.01032000000123	EXP	text_2: alignVert = "center"
346.01032000000123	EXP	text_2: wrapWidth = 1
346.01032000000123	EXP	text_2: flipHoriz = false
346.01032000000123	EXP	text_2: flipVert = false
346.01032000000123	EXP	text: units = "height"
346.01032000000123	EXP	text: ori = 0
346.01032000000123	EXP	text: opacity = 1
346.01032000000123	EXP	text: pos = [0,0]
346.01032000000123	EXP	text: size = undefined
346.01032000000123	EXP	text: text = "default text"
346.01032000000123	EXP	text: font = "Arial"
346.01032000000123	EXP	text: color = {"_hex":"#000000","_rgb":[0,0,0]}
346.01032000000123	EXP	text: contrast = 1
346.01032000000123	EXP	text: height = 0.05
346.01032000000123	EXP	text: bold = false
346.01032000000123	EXP	text: italic = false
346.01032000000123	EXP	text: alignHoriz = "left"
346.01032000000123	EXP	text: alignVert = "center"
346.01032000000123	EXP	text: wrapWidth = 1
346.01032000000123	EXP	text: flipHoriz = false
346.01032000000123	EXP	text: flipVert = false
346.01032000000123	EXP	consent_question: text = "Welcome to the first part of the study!\n Your participant ID is: 958163\n\n Please write down this number \n Ready to start? Press the Y key when ready"
346.01032000000123	EXP	contact_info1: autoDraw = true
346.01032000000123	EXP	consent_question: autoDraw = true
352.50456999999005	DATA	Keydown: y
352.5664349999861	EXP	contact_info1: autoDraw = false
352.5664349999861	EXP	consent_question: autoDraw = false
352.5664349999861	EXP	consent_1: autoDraw = true
352.5664349999861	EXP	text_3: autoDraw = true
412.5321450000047	DATA	Keydown:  
412.5903499999549	EXP	consent_1: autoDraw = false
412.5903499999549	EXP	text_3: autoDraw = false
412.5903499999549	EXP	consent: autoDraw = true
412.5903499999549	EXP	text_4: autoDraw = true
440.23475000000326	DATA	Keydown:  
440.3160349999671	EXP	consent: autoDraw = false
440.3160349999671	EXP	text_4: autoDraw = false
440.3160349999671	EXP	consent_2: autoDraw = true
440.3160349999671	EXP	text_5: autoDraw = true
463.6413199999952	DATA	Keydown: y
463.6876850000117	EXP	consent_2: autoDraw = false
463.6876850000117	EXP	text_5: autoDraw = false
463.6876850000117	EXP	gender_question: autoDraw = true
481.850139999995	DATA	Keydown: m
481.88682499999413	EXP	gender_question: autoDraw = false
481.88682499999413	EXP	inst_text: autoDraw = true
567.5057500000112	DATA	Keydown: s
567.6931699999841	EXP	inst_text: autoDraw = false
567.6931699999841	EXP	fixation_target: autoDraw = true
567.6931699999841	EXP	corrAns_reminder_text: autoDraw = true
567.6931699999841	EXP	memory_2: autoDraw = true
568.035979999986	EXP	fixation_target: autoDraw = false
568.035979999986	EXP	corrAns_reminder_text: autoDraw = false
568.035979999986	EXP	memory_2: autoDraw = false
568.035979999986	EXP	target: opacity = 0
568.035979999986	EXP	target: pos = [-100,-50]
568.035979999986	EXP	target: image = {}
568.035979999986	EXP	dist1: opacity = 1
568.035979999986	EXP	dist1: pos = [-300,-150]
568.035979999986	EXP	dist1: image = {}
568.035979999986	EXP	dist2: opacity = 1
568.035979999986	EXP	dist2: pos = [0,200]
568.035979999986	EXP	dist2: image = {}
568.035979999986	EXP	dist3: opacity = 1
568.035979999986	EXP	dist3: pos = [100,-100]
568.035979999986	EXP	dist3: image = {}
568.035979999986	EXP	dist4: opacity = 1
568.035979999986	EXP	dist4: pos = [-200,0]
568.035979999986	EXP	dist4: image = {}
568.035979999986	EXP	dist5: opacity = 0
568.035979999986	EXP	dist5: pos = [300,-200]
568.035979999986	EXP	dist5: image = {}
568.035979999986	EXP	dist6: opacity = 0
568.035979999986	EXP	dist6: pos = [400,100]
568.035979999986	EXP	dist6: image = {}
568.035979999986	EXP	dist7: opacity = 0
568.035979999986	EXP	dist7: pos = [-400,150]
568.035979999986	EXP	dist7: image = {}
568.035979999986	EXP	dist8: opacity = 0
568.035979999986	EXP	dist8: pos = [200,50]
568.035979999986	EXP	dist8: image = {}
568.035979999986	EXP	memory: autoDraw = true
568.035979999986	EXP	target: autoDraw = true
568.035979999986	EXP	dist1: autoDraw = true
568.035979999986	EXP	dist2: autoDraw = true
568.035979999986	EXP	dist3: autoDraw = true
568.035979999986	EXP	dist4: autoDraw = true
568.035979999986	EXP	dist5: autoDraw = true
568.035979999986	EXP	dist6: autoDraw = true
568.035979999986	EXP	dist7: autoDraw = true
568.035979999986	EXP	dist8: autoDraw = true
572.030150000006	EXP	memory: autoDraw = false
572.030150000006	EXP	target: autoDraw = false
572.030150000006	EXP	dist1: autoDraw = false
572.030150000006	EXP	dist2: autoDraw = false
572.030150000006	EXP	dist3: autoDraw = false
572.030150000006	EXP	dist4: autoDraw = false
572.030150000006	EXP	dist5: autoDraw = false
572.030150000006	EXP	dist6: autoDraw = false
572.030150000006	EXP	dist7: autoDraw = false
572.030150000006	EXP	dist8: autoDraw = false
572.030150000006	EXP	memory: autoDraw = false
572.030150000006	EXP	target: autoDraw = false
572.030150000006	EXP	dist1: autoDraw = false
572.030150000006	EXP	dist2: autoDraw = false
572.030150000006	EXP	dist3: autoDraw = false
572.030150000006	EXP	dist4: autoDraw = false
572.030150000006	EXP	dist5: autoDraw = false
572.030150000006	EXP	dist6: autoDraw = false
572.030150000006	EXP	dist7: autoDraw = false
572.030150000006	EXP	dist8: autoDraw = false
572.030150000006	EXP	fixation_target_2: autoDraw = true
572.030150000006	EXP	corrAns_reminder_text_2: autoDraw = true
572.030150000006	EXP	search_txt_2: autoDraw = true
572.5816999999806	EXP	fixation_target_2: autoDraw = false
572.5816999999806	EXP	corrAns_reminder_text_2: autoDraw = false
572.5816999999806	EXP	search_txt_2: autoDraw = false
572.5816999999806	EXP	fixation_target_2: autoDraw = false
572.5816999999806	EXP	corrAns_reminder_text_2: autoDraw = false
572.5816999999806	EXP	search_txt_2: autoDraw = false
572.5816999999806	EXP	search_img: opacity = 1
572.5816999999806	EXP	search_img: image = {}
572.5816999999806	EXP	search_txt: autoDraw = true
572.5816999999806	EXP	search_img: autoDraw = true
580.5260699999635	EXP	search_txt: autoDraw = false
580.5260699999635	EXP	search_img: autoDraw = false
580.5260699999635	EXP	search_txt: autoDraw = false
580.5260699999635	EXP	search_img: autoDraw = false
580.5260699999635	EXP	text_2: autoDraw = true
580.5260699999635	EXP	text_2: autoDraw = false
580.5399949999992	EXP	text_2: autoDraw = false
580.5399949999992	EXP	fixation_target: autoDraw = true
580.5399949999992	EXP	corrAns_reminder_text: autoDraw = true
580.5399949999992	EXP	memory_2: autoDraw = true
581.0687199999811	EXP	fixation_target: autoDraw = false
581.0687199999811	EXP	corrAns_reminder_text: autoDraw = false
581.0687199999811	EXP	memory_2: autoDraw = false
581.0687199999811	EXP	fixation_target: autoDraw = false
581.0687199999811	EXP	corrAns_reminder_text: autoDraw = false
581.0687199999811	EXP	memory_2: autoDraw = false
581.0687199999811	EXP	target: opacity = 0
581.0687199999811	EXP	target: pos = [-100,250]
581.0687199999811	EXP	target: image = {}
581.0687199999811	EXP	dist1: opacity = 1
581.0687199999811	EXP	dist1: pos = [400,200]
581.0687199999811	EXP	dist1: image = {}
581.0687199999811	EXP	dist2: opacity = 1
581.0687199999811	EXP	dist2: pos = [200,-200]
581.0687199999811	EXP	dist2: image = {}
581.0687199999811	EXP	dist3: opacity = 1
581.0687199999811	EXP	dist3: pos = [-400,0]
581.0687199999811	EXP	dist3: image = {}
581.0687199999811	EXP	dist4: opacity = 1
581.0687199999811	EXP	dist4: pos = [-300,-100]
581.0687199999811	EXP	dist4: image = {}
581.0687199999811	EXP	dist5: opacity = 1
581.0687199999811	EXP	dist5: pos = [0,150]
581.0687199999811	EXP	dist5: image = {}
581.0687199999811	EXP	dist6: opacity = 1
581.0687199999811	EXP	dist6: pos = [100,100]
581.0687199999811	EXP	dist6: image = {}
581.0687199999811	EXP	dist7: opacity = 1
581.0687199999811	EXP	dist7: pos = [-200,-150]
581.0687199999811	EXP	dist7: image = {}
581.0687199999811	EXP	dist8: opacity = 1
581.0687199999811	EXP	dist8: pos = [300,50]
581.0687199999811	EXP	dist8: image = {}
581.0687199999811	EXP	memory: autoDraw = true
581.0687199999811	EXP	target: autoDraw = true
581.0687199999811	EXP	dist1: autoDraw = true
581.0687199999811	EXP	dist2: autoDraw = true
581.0687199999811	EXP	dist3: autoDraw = true
581.0687199999811	EXP	dist4: autoDraw = true
581.0687199999811	EXP	dist5: autoDraw = true
581.0687199999811	EXP	dist6: autoDraw = true
581.0687199999811	EXP	dist7: autoDraw = true
581.0687199999811	EXP	dist8: autoDraw = true
589.0367749999859	EXP	memory: autoDraw = false
589.0367749999859	EXP	target: autoDraw = false
589.0367749999859	EXP	dist1: autoDraw = false
589.0367749999859	EXP	dist2: autoDraw = false
589.0367749999859	EXP	dist3: autoDraw = false
589.0367749999859	EXP	dist4: autoDraw = false
589.0367749999859	EXP	dist5: autoDraw = false
589.0367749999859	EXP	dist6: autoDraw = false
589.0367749999859	EXP	dist7: autoDraw = false
589.0367749999859	EXP	dist8: autoDraw = false
589.0367749999859	EXP	memory: autoDraw = false
589.0367749999859	EXP	target: autoDraw = false
589.0367749999859	EXP	dist1: autoDraw = false
589.0367749999859	EXP	dist2: autoDraw = false
589.0367749999859	EXP	dist3: autoDraw = false
589.0367749999859	EXP	dist4: autoDraw = false
589.0367749999859	EXP	dist5: autoDraw = false
589.0367749999859	EXP	dist6: autoDraw = false
589.0367749999859	EXP	dist7: autoDraw = false
589.0367749999859	EXP	dist8: autoDraw = false
589.0367749999859	EXP	fixation_target_2: autoDraw = true
589.0367749999859	EXP	corrAns_reminder_text_2: autoDraw = true
589.0367749999859	EXP	search_txt_2: autoDraw = true
589.5896749999956	EXP	fixation_target_2: autoDraw = false
589.5896749999956	EXP	corrAns_reminder_text_2: autoDraw = false
589.5896749999956	EXP	search_txt_2: autoDraw = false
589.5896749999956	EXP	fixation_target_2: autoDraw = false
589.5896749999956	EXP	corrAns_reminder_text_2: autoDraw = false
589.5896749999956	EXP	search_txt_2: autoDraw = false
589.5896749999956	EXP	search_img: opacity = 1
589.5896749999956	EXP	search_img: image = {}
589.5896749999956	EXP	search_txt: autoDraw = true
589.5896749999956	EXP	search_img: autoDraw = true
597.535189999966	EXP	search_txt: autoDraw = false
597.535189999966	EXP	search_img: autoDraw = false
597.535189999966	EXP	search_txt: autoDraw = false
597.535189999966	EXP	search_img: autoDraw = false
597.535189999966	EXP	text_2: autoDraw = true
597.535189999966	EXP	text_2: autoDraw = false
597.5548049999634	EXP	text_2: autoDraw = false
597.5548049999634	EXP	fixation_target: autoDraw = true
597.5548049999634	EXP	corrAns_reminder_text: autoDraw = true
597.5548049999634	EXP	memory_2: autoDraw = true
598.0570650000009	EXP	fixation_target: autoDraw = false
598.0570650000009	EXP	corrAns_reminder_text: autoDraw = false
598.0570650000009	EXP	memory_2: autoDraw = false
598.0570650000009	EXP	fixation_target: autoDraw = false
598.0570650000009	EXP	corrAns_reminder_text: autoDraw = false
598.0570650000009	EXP	memory_2: autoDraw = false
598.0570650000009	EXP	target: opacity = 1
598.0570650000009	EXP	target: pos = [-100,-200]
598.0570650000009	EXP	target: image = {}
598.0570650000009	EXP	dist1: opacity = 1
598.0570650000009	EXP	dist1: pos = [300,200]
598.0570650000009	EXP	dist1: image = {}
598.0570650000009	EXP	dist2: opacity = 1
598.0570650000009	EXP	dist2: pos = [100,-100]
598.0570650000009	EXP	dist2: image = {}
598.0570650000009	EXP	dist3: opacity = 1
598.0570650000009	EXP	dist3: pos = [-200,100]
598.0570650000009	EXP	dist3: image = {}
598.0570650000009	EXP	dist4: opacity = 0
598.0570650000009	EXP	dist4: pos = [200,50]
598.0570650000009	EXP	dist4: image = {}
598.0570650000009	EXP	dist5: opacity = 0
598.0570650000009	EXP	dist5: pos = [-300,-150]
598.0570650000009	EXP	dist5: image = {}
598.0570650000009	EXP	dist6: opacity = 0
598.0570650000009	EXP	dist6: pos = [-400,-50]
598.0570650000009	EXP	dist6: image = {}
598.0570650000009	EXP	dist7: opacity = 0
598.0570650000009	EXP	dist7: pos = [400,250]
598.0570650000009	EXP	dist7: image = {}
598.0570650000009	EXP	dist8: opacity = 0
598.0570650000009	EXP	dist8: pos = [0,150]
598.0570650000009	EXP	dist8: image = {}
598.0570650000009	EXP	memory: autoDraw = true
598.0570650000009	EXP	target: autoDraw = true
598.0570650000009	EXP	dist1: autoDraw = true
598.0570650000009	EXP	dist2: autoDraw = true
598.0570650000009	EXP	dist3: autoDraw = true
598.0570650000009	EXP	dist4: autoDraw = true
598.0570650000009	EXP	dist5: autoDraw = true
598.0570650000009	EXP	dist6: autoDraw = true
598.0570650000009	EXP	dist7: autoDraw = true
598.0570650000009	EXP	dist8: autoDraw = true
602.0530600000056	EXP	memory: autoDraw = false
602.0530600000056	EXP	target: autoDraw = false
602.0530600000056	EXP	dist1: autoDraw = false
602.0530600000056	EXP	dist2: autoDraw = false
602.0530600000056	EXP	dist3: autoDraw = false
602.0530600000056	EXP	dist4: autoDraw = false
602.0530600000056	EXP	dist5: autoDraw = false
602.0530600000056	EXP	dist6: autoDraw = false
602.0530600000056	EXP	dist7: autoDraw = false
602.0530600000056	EXP	dist8: autoDraw = false
602.0530600000056	EXP	memory: autoDraw = false
602.0530600000056	EXP	target: autoDraw = false
602.0530600000056	EXP	dist1: autoDraw = false
602.0530600000056	EXP	dist2: autoDraw = false
602.0530600000056	EXP	dist3: autoDraw = false
602.0530600000056	EXP	dist4: autoDraw = false
602.0530600000056	EXP	dist5: autoDraw = false
602.0530600000056	EXP	dist6: autoDraw = false
602.0530600000056	EXP	dist7: autoDraw = false
602.0530600000056	EXP	dist8: autoDraw = false
602.0530600000056	EXP	fixation_target_2: autoDraw = true
602.0530600000056	EXP	corrAns_reminder_text_2: autoDraw = true
602.0530600000056	EXP	search_txt_2: autoDraw = true
602.6238000000012	EXP	fixation_target_2: autoDraw = false
602.6238000000012	EXP	corrAns_reminder_text_2: autoDraw = false
602.6238000000012	EXP	search_txt_2: autoDraw = false
602.6238000000012	EXP	fixation_target_2: autoDraw = false
602.6238000000012	EXP	corrAns_reminder_text_2: autoDraw = false
602.6238000000012	EXP	search_txt_2: autoDraw = false
602.6238000000012	EXP	search_img: opacity = 1
602.6238000000012	EXP	search_img: image = {}
602.6238000000012	EXP	search_txt: autoDraw = true
602.6238000000012	EXP	search_img: autoDraw = true
610.5552150000003	EXP	search_txt: autoDraw = false
610.5552150000003	EXP	search_img: autoDraw = false
610.5552150000003	EXP	search_txt: autoDraw = false
610.5552150000003	EXP	search_img: autoDraw = false
610.5552150000003	EXP	text_2: autoDraw = true
610.5552150000003	EXP	text_2: autoDraw = false
610.5758149999892	EXP	text_2: autoDraw = false
610.5758149999892	EXP	fixation_target: autoDraw = true
610.5758149999892	EXP	corrAns_reminder_text: autoDraw = true
610.5758149999892	EXP	memory_2: autoDraw = true
611.0820250000106	EXP	fixation_target: autoDraw = false
611.0820250000106	EXP	corrAns_reminder_text: autoDraw = false
611.0820250000106	EXP	memory_2: autoDraw = false
611.0820250000106	EXP	fixation_target: autoDraw = false
611.0820250000106	EXP	corrAns_reminder_text: autoDraw = false
611.0820250000106	EXP	memory_2: autoDraw = false
611.0820250000106	EXP	target: opacity = 0
611.0820250000106	EXP	target: pos = [-200,150]
611.0820250000106	EXP	target: image = {}
611.0820250000106	EXP	dist1: opacity = 1
611.0820250000106	EXP	dist1: pos = [0,-200]
611.0820250000106	EXP	dist1: image = {}
611.0820250000106	EXP	dist2: opacity = 1
611.0820250000106	EXP	dist2: pos = [100,100]
611.0820250000106	EXP	dist2: image = {}
611.0820250000106	EXP	dist3: opacity = 0
611.0820250000106	EXP	dist3: pos = [200,-150]
611.0820250000106	EXP	dist3: image = {}
611.0820250000106	EXP	dist4: opacity = 0
611.0820250000106	EXP	dist4: pos = [300,250]
611.0820250000106	EXP	dist4: image = {}
611.0820250000106	EXP	dist5: opacity = 0
611.0820250000106	EXP	dist5: pos = [400,-100]
611.0820250000106	EXP	dist5: image = {}
611.0820250000106	EXP	dist6: opacity = 0
611.0820250000106	EXP	dist6: pos = [-400,-50]
611.0820250000106	EXP	dist6: image = {}
611.0820250000106	EXP	dist7: opacity = 0
611.0820250000106	EXP	dist7: pos = [-100,200]
611.0820250000106	EXP	dist7: image = {}
611.0820250000106	EXP	dist8: opacity = 0
611.0820250000106	EXP	dist8: pos = [-300,50]
611.0820250000106	EXP	dist8: image = {}
611.0820250000106	EXP	memory: autoDraw = true
611.0820250000106	EXP	target: autoDraw = true
611.0820250000106	EXP	dist1: autoDraw = true
611.0820250000106	EXP	dist2: autoDraw = true
611.0820250000106	EXP	dist3: autoDraw = true
611.0820250000106	EXP	dist4: autoDraw = true
611.0820250000106	EXP	dist5: autoDraw = true
611.0820250000106	EXP	dist6: autoDraw = true
611.0820250000106	EXP	dist7: autoDraw = true
611.0820250000106	EXP	dist8: autoDraw = true
613.0698499999708	EXP	memory: autoDraw = false
613.0698499999708	EXP	target: autoDraw = false
613.0698499999708	EXP	dist1: autoDraw = false
613.0698499999708	EXP	dist2: autoDraw = false
613.0698499999708	EXP	dist3: autoDraw = false
613.0698499999708	EXP	dist4: autoDraw = false
613.0698499999708	EXP	dist5: autoDraw = false
613.0698499999708	EXP	dist6: autoDraw = false
613.0698499999708	EXP	dist7: autoDraw = false
613.0698499999708	EXP	dist8: autoDraw = false
613.0698499999708	EXP	memory: autoDraw = false
613.0698499999708	EXP	target: autoDraw = false
613.0698499999708	EXP	dist1: autoDraw = false
613.0698499999708	EXP	dist2: autoDraw = false
613.0698499999708	EXP	dist3: autoDraw = false
613.0698499999708	EXP	dist4: autoDraw = false
613.0698499999708	EXP	dist5: autoDraw = false
613.0698499999708	EXP	dist6: autoDraw = false
613.0698499999708	EXP	dist7: autoDraw = false
613.0698499999708	EXP	dist8: autoDraw = false
613.0698499999708	EXP	fixation_target_2: autoDraw = true
613.0698499999708	EXP	corrAns_reminder_text_2: autoDraw = true
613.0698499999708	EXP	search_txt_2: autoDraw = true
613.6629700000049	EXP	fixation_target_2: autoDraw = false
613.6629700000049	EXP	corrAns_reminder_text_2: autoDraw = false
613.6629700000049	EXP	search_txt_2: autoDraw = false
613.6629700000049	EXP	fixation_target_2: autoDraw = false
613.6629700000049	EXP	corrAns_reminder_text_2: autoDraw = false
613.6629700000049	EXP	search_txt_2: autoDraw = false
613.6629700000049	EXP	search_img: opacity = 1
613.6629700000049	EXP	search_img: image = {}
613.6629700000049	EXP	search_txt: autoDraw = true
613.6629700000049	EXP	search_img: autoDraw = true
621.569840000011	EXP	search_txt: autoDraw = false
621.569840000011	EXP	search_img: autoDraw = false
621.569840000011	EXP	search_txt: autoDraw = false
621.569840000011	EXP	search_img: autoDraw = false
621.569840000011	EXP	text_2: autoDraw = true
621.569840000011	EXP	text_2: autoDraw = false
621.5874750000075	EXP	text_2: autoDraw = false
621.5874750000075	EXP	fixation_target: autoDraw = true
621.5874750000075	EXP	corrAns_reminder_text: autoDraw = true
621.5874750000075	EXP	memory_2: autoDraw = true
622.1354399999836	EXP	fixation_target: autoDraw = false
622.1354399999836	EXP	corrAns_reminder_text: autoDraw = false
622.1354399999836	EXP	memory_2: autoDraw = false
622.1354399999836	EXP	fixation_target: autoDraw = false
622.1354399999836	EXP	corrAns_reminder_text: autoDraw = false
622.1354399999836	EXP	memory_2: autoDraw = false
622.1354399999836	EXP	target: opacity = 1
622.1354399999836	EXP	target: pos = [100,200]
622.1354399999836	EXP	target: image = {}
622.1354399999836	EXP	dist1: opacity = 1
622.1354399999836	EXP	dist1: pos = [400,-200]
622.1354399999836	EXP	dist1: image = {}
622.1354399999836	EXP	dist2: opacity = 1
622.1354399999836	EXP	dist2: pos = [300,-100]
622.1354399999836	EXP	dist2: image = {}
622.1354399999836	EXP	dist3: opacity = 1
622.1354399999836	EXP	dist3: pos = [-200,250]
622.1354399999836	EXP	dist3: image = {}
622.1354399999836	EXP	dist4: opacity = 0
622.1354399999836	EXP	dist4: pos = [0,-150]
622.1354399999836	EXP	dist4: image = {}
622.1354399999836	EXP	dist5: opacity = 0
622.1354399999836	EXP	dist5: pos = [-100,150]
622.1354399999836	EXP	dist5: image = {}
622.1354399999836	EXP	dist6: opacity = 0
622.1354399999836	EXP	dist6: pos = [-300,50]
622.1354399999836	EXP	dist6: image = {}
622.1354399999836	EXP	dist7: opacity = 0
622.1354399999836	EXP	dist7: pos = [-400,0]
622.1354399999836	EXP	dist7: image = {}
622.1354399999836	EXP	dist8: opacity = 0
622.1354399999836	EXP	dist8: pos = [200,-50]
622.1354399999836	EXP	dist8: image = {}
622.1354399999836	EXP	memory: autoDraw = true
622.1354399999836	EXP	target: autoDraw = true
622.1354399999836	EXP	dist1: autoDraw = true
622.1354399999836	EXP	dist2: autoDraw = true
622.1354399999836	EXP	dist3: autoDraw = true
622.1354399999836	EXP	dist4: autoDraw = true
622.1354399999836	EXP	dist5: autoDraw = true
622.1354399999836	EXP	dist6: autoDraw = true
622.1354399999836	EXP	dist7: autoDraw = true
622.1354399999836	EXP	dist8: autoDraw = true
626.0892699999968	EXP	memory: autoDraw = false
626.0892699999968	EXP	target: autoDraw = false
626.0892699999968	EXP	dist1: autoDraw = false
626.0892699999968	EXP	dist2: autoDraw = false
626.0892699999968	EXP	dist3: autoDraw = false
626.0892699999968	EXP	dist4: autoDraw = false
626.0892699999968	EXP	dist5: autoDraw = false
626.0892699999968	EXP	dist6: autoDraw = false
626.0892699999968	EXP	dist7: autoDraw = false
626.0892699999968	EXP	dist8: autoDraw = false
626.0892699999968	EXP	memory: autoDraw = false
626.0892699999968	EXP	target: autoDraw = false
626.0892699999968	EXP	dist1: autoDraw = false
626.0892699999968	EXP	dist2: autoDraw = false
626.0892699999968	EXP	dist3: autoDraw = false
626.0892699999968	EXP	dist4: autoDraw = false
626.0892699999968	EXP	dist5: autoDraw = false
626.0892699999968	EXP	dist6: autoDraw = false
626.0892699999968	EXP	dist7: autoDraw = false
626.0892699999968	EXP	dist8: autoDraw = false
626.0892699999968	EXP	fixation_target_2: autoDraw = true
626.0892699999968	EXP	corrAns_reminder_text_2: autoDraw = true
626.0892699999968	EXP	search_txt_2: autoDraw = true
626.6715749999858	EXP	fixation_target_2: autoDraw = false
626.6715749999858	EXP	corrAns_reminder_text_2: autoDraw = false
626.6715749999858	EXP	search_txt_2: autoDraw = false
626.6715749999858	EXP	fixation_target_2: autoDraw = false
626.6715749999858	EXP	corrAns_reminder_text_2: autoDraw = false
626.6715749999858	EXP	search_txt_2: autoDraw = false
626.6715749999858	EXP	search_img: opacity = 1
626.6715749999858	EXP	search_img: image = {}
626.6715749999858	EXP	search_txt: autoDraw = true
626.6715749999858	EXP	search_img: autoDraw = true
634.5870199999772	EXP	search_txt: autoDraw = false
634.5870199999772	EXP	search_img: autoDraw = false
634.5870199999772	EXP	search_txt: autoDraw = false
634.5870199999772	EXP	search_img: autoDraw = false
634.5870199999772	EXP	text_2: autoDraw = true
634.5870199999772	EXP	text_2: autoDraw = false
634.6047099999851	EXP	text_2: autoDraw = false
634.6047099999851	EXP	fixation_target: autoDraw = true
634.6047099999851	EXP	corrAns_reminder_text: autoDraw = true
634.6047099999851	EXP	memory_2: autoDraw = true
635.1549849999719	EXP	fixation_target: autoDraw = false
635.1549849999719	EXP	corrAns_reminder_text: autoDraw = false
635.1549849999719	EXP	memory_2: autoDraw = false
635.1549849999719	EXP	fixation_target: autoDraw = false
635.1549849999719	EXP	corrAns_reminder_text: autoDraw = false
635.1549849999719	EXP	memory_2: autoDraw = false
635.1549849999719	EXP	target: opacity = 1
635.1549849999719	EXP	target: pos = [300,-200]
635.1549849999719	EXP	target: image = {}
635.1549849999719	EXP	dist1: opacity = 1
635.1549849999719	EXP	dist1: pos = [-200,0]
635.1549849999719	EXP	dist1: image = {}
635.1549849999719	EXP	dist2: opacity = 1
635.1549849999719	EXP	dist2: pos = [100,100]
635.1549849999719	EXP	dist2: image = {}
635.1549849999719	EXP	dist3: opacity = 1
635.1549849999719	EXP	dist3: pos = [-300,200]
635.1549849999719	EXP	dist3: image = {}
635.1549849999719	EXP	dist4: opacity = 0
635.1549849999719	EXP	dist4: pos = [400,250]
635.1549849999719	EXP	dist4: image = {}
635.1549849999719	EXP	dist5: opacity = 0
635.1549849999719	EXP	dist5: pos = [-100,150]
635.1549849999719	EXP	dist5: image = {}
635.1549849999719	EXP	dist6: opacity = 0
635.1549849999719	EXP	dist6: pos = [-400,-50]
635.1549849999719	EXP	dist6: image = {}
635.1549849999719	EXP	dist7: opacity = 0
635.1549849999719	EXP	dist7: pos = [200,-100]
635.1549849999719	EXP	dist7: image = {}
635.1549849999719	EXP	dist8: opacity = 0
635.1549849999719	EXP	dist8: pos = [0,-150]
635.1549849999719	EXP	dist8: image = {}
635.1549849999719	EXP	memory: autoDraw = true
635.1549849999719	EXP	target: autoDraw = true
635.1549849999719	EXP	dist1: autoDraw = true
635.1549849999719	EXP	dist2: autoDraw = true
635.1549849999719	EXP	dist3: autoDraw = true
635.1549849999719	EXP	dist4: autoDraw = true
635.1549849999719	EXP	dist5: autoDraw = true
635.1549849999719	EXP	dist6: autoDraw = true
635.1549849999719	EXP	dist7: autoDraw = true
635.1549849999719	EXP	dist8: autoDraw = true
639.106380000012	EXP	memory: autoDraw = false
639.106380000012	EXP	target: autoDraw = false
639.106380000012	EXP	dist1: autoDraw = false
639.106380000012	EXP	dist2: autoDraw = false
639.106380000012	EXP	dist3: autoDraw = false
639.106380000012	EXP	dist4: autoDraw = false
639.106380000012	EXP	dist5: autoDraw = false
639.106380000012	EXP	dist6: autoDraw = false
639.106380000012	EXP	dist7: autoDraw = false
639.106380000012	EXP	dist8: autoDraw = false
639.106380000012	EXP	memory: autoDraw = false
639.106380000012	EXP	target: autoDraw = false
639.106380000012	EXP	dist1: autoDraw = false
639.106380000012	EXP	dist2: autoDraw = false
639.106380000012	EXP	dist3: autoDraw = false
639.106380000012	EXP	dist4: autoDraw = false
639.106380000012	EXP	dist5: autoDraw = false
639.106380000012	EXP	dist6: autoDraw = false
639.106380000012	EXP	dist7: autoDraw = false
639.106380000012	EXP	dist8: autoDraw = false
639.106380000012	EXP	fixation_target_2: autoDraw = true
639.106380000012	EXP	corrAns_reminder_text_2: autoDraw = true
639.106380000012	EXP	search_txt_2: autoDraw = true
639.6531749999849	EXP	fixation_target_2: autoDraw = false
639.6531749999849	EXP	corrAns_reminder_text_2: autoDraw = false
639.6531749999849	EXP	search_txt_2: autoDraw = false
639.6531749999849	EXP	fixation_target_2: autoDraw = false
639.6531749999849	EXP	corrAns_reminder_text_2: autoDraw = false
639.6531749999849	EXP	search_txt_2: autoDraw = false
639.6531749999849	EXP	search_img: opacity = 1
639.6531749999849	EXP	search_img: image = {}
639.6531749999849	EXP	search_txt: autoDraw = true
639.6531749999849	EXP	search_img: autoDraw = true
647.6037999999826	EXP	search_txt: autoDraw = false
647.6037999999826	EXP	search_img: autoDraw = false
647.6037999999826	EXP	search_txt: autoDraw = false
647.6037999999826	EXP	search_img: autoDraw = false
647.6037999999826	EXP	text_2: autoDraw = true
647.6037999999826	EXP	text_2: autoDraw = false
647.6216249999707	EXP	text_2: autoDraw = false
647.6216249999707	EXP	fixation_target: autoDraw = true
647.6216249999707	EXP	corrAns_reminder_text: autoDraw = true
647.6216249999707	EXP	memory_2: autoDraw = true
648.1958049999666	EXP	fixation_target: autoDraw = false
648.1958049999666	EXP	corrAns_reminder_text: autoDraw = false
648.1958049999666	EXP	memory_2: autoDraw = false
648.1958049999666	EXP	fixation_target: autoDraw = false
648.1958049999666	EXP	corrAns_reminder_text: autoDraw = false
648.1958049999666	EXP	memory_2: autoDraw = false
648.1958049999666	EXP	target: opacity = 0
648.1958049999666	EXP	target: pos = [0,-100]
648.1958049999666	EXP	target: image = {}
648.1958049999666	EXP	dist1: opacity = 1
648.1958049999666	EXP	dist1: pos = [200,-200]
648.1958049999666	EXP	dist1: image = {}
648.1958049999666	EXP	dist2: opacity = 1
648.1958049999666	EXP	dist2: pos = [-300,50]
648.1958049999666	EXP	dist2: image = {}
648.1958049999666	EXP	dist3: opacity = 1
648.1958049999666	EXP	dist3: pos = [-200,150]
648.1958049999666	EXP	dist3: image = {}
648.1958049999666	EXP	dist4: opacity = 1
648.1958049999666	EXP	dist4: pos = [-100,250]
648.1958049999666	EXP	dist4: image = {}
648.1958049999666	EXP	dist5: opacity = 0
648.1958049999666	EXP	dist5: pos = [300,-50]
648.1958049999666	EXP	dist5: image = {}
648.1958049999666	EXP	dist6: opacity = 0
648.1958049999666	EXP	dist6: pos = [-400,200]
648.1958049999666	EXP	dist6: image = {}
648.1958049999666	EXP	dist7: opacity = 0
648.1958049999666	EXP	dist7: pos = [100,0]
648.1958049999666	EXP	dist7: image = {}
648.1958049999666	EXP	dist8: opacity = 0
648.1958049999666	EXP	dist8: pos = [400,-150]
648.1958049999666	EXP	dist8: image = {}
648.1958049999666	EXP	memory: autoDraw = true
648.1958049999666	EXP	target: autoDraw = true
648.1958049999666	EXP	dist1: autoDraw = true
648.1958049999666	EXP	dist2: autoDraw = true
648.1958049999666	EXP	dist3: autoDraw = true
648.1958049999666	EXP	dist4: autoDraw = true
648.1958049999666	EXP	dist5: autoDraw = true
648.1958049999666	EXP	dist6: autoDraw = true
648.1958049999666	EXP	dist7: autoDraw = true
648.1958049999666	EXP	dist8: autoDraw = true
650.5475299999816	DATA	Keydown: Escape
