0.151769999998578	EXP	Created Window = Window( name=Window, fullscr=true, color=#ffffff, units=height, waitBlanking=true, autoLog=true, size=[1552,721] )
8.219474999999875	DATA	Keydown: 5
8.782624999999825	DATA	Keydown: 0
12.766339999998308	DATA	Keydown: Shift
13.059579999999187	DATA	Keydown: L
13.772299999998722	DATA	Keydown: u
14.231784999999945	DATA	Keydown: o
14.986754999999903	DATA	Keydown:  
15.532374999998865	DATA	Keydown: w
15.76440999999977	DATA	Keydown: e
16.46688499999982	DATA	Keydown: i
16.87459999999919	DATA	Keydown: p
17.174674999998388	DATA	Keydown: i
17.477499999999054	DATA	Keydown: n
17.89719999999943	DATA	Keydown: g
1220.5700149999993	DATA	Keydown: Backspace
1221.5017449999996	DATA	Keydown: 1
10895.328230000001	DATA	Keydown: Escape
10906.037705	EXP	Created contact_info1 = ImageStim( name=contact_info1, win=Window( name=Window, fullscr=true, color=#ffffff, ~), autoDraw=null, autoLog=true, units=height, ori=null, opacity=1, pos=[0,-0.2], size=[0.9,0.1], image={}, mask=undefined, color=#ffffff, contrast=1, texRes=128, interpolate=true, depth=-4, flipHoriz=null, flipVert=null )
10906.03922	EXP	Created consent_question = TextStim( name=consent_question, win=Window( name=Window, fullscr=true, color=#ffffff, ~), autoDraw=null, autoLog=true, units=norm, ori=null, opacity=1, pos=[0,0], size=undefined, text=default text, font=Arial, color=#000000, contrast=1, height=0.05, bold=null, italic=null, alignHoriz=left, alignVert=center, wrapWidth=1.5, flipHoriz=null, flipVert=null )
10906.040685000002	EXP	Created consent_1 = ImageStim( name=consent_1, win=Window( name=Window, fullscr=true, color=#ffffff, ~), autoDraw=null, autoLog=true, units=height, ori=null, opacity=1, pos=[0,0], size=[1,0.8533], image={}, mask=undefined, color=#ffffff, contrast=1, texRes=128, interpolate=true, depth=null, flipHoriz=null, flipVert=null )
10906.041465	EXP	Created text_3 = TextStim( name=text_3, win=Window( name=Window, fullscr=true, color=#ffffff, ~), autoDraw=null, autoLog=true, units=height, ori=null, opacity=1, pos=[0,-0.49], size=undefined, text=After reading, press Space to continue

, font=Arial, color=#000000, contrast=1, height=0.03, bold=null, italic=null, alignHoriz=left, alignVert=center, wrapWidth=1, flipHoriz=null, flipVert=null )
10906.042795	EXP	Created consent = ImageStim( name=consent, win=Window( name=Window, fullscr=true, color=#ffffff, ~), autoDraw=null, autoLog=true, units=height, ori=null, opacity=1, pos=[0,0], size=[1,0.8533], image={}, mask=undefined, color=#ffffff, contrast=1, texRes=128, interpolate=true, depth=null, flipHoriz=null, flipVert=null )
10906.043640000002	EXP	Created text_4 = TextStim( name=text_4, win=Window( name=Window, fullscr=true, color=#ffffff, ~), autoDraw=null, autoLog=true, units=height, ori=null, opacity=1, pos=[0,-0.49], size=undefined, text=After reading, press Space to continue

, font=Arial, color=#000000, contrast=1, height=0.03, bold=null, italic=null, alignHoriz=left, alignVert=center, wrapWidth=1, flipHoriz=null, flipVert=null )
10906.045105	EXP	Created consent_2 = ImageStim( name=consent_2, win=Window( name=Window, fullscr=true, color=#ffffff, ~), autoDraw=null, autoLog=true, units=height, ori=null, opacity=1, pos=[0,0], size=[1,0.8533], image={}, mask=undefined, color=#ffffff, contrast=1, texRes=128, interpolate=true, depth=null, flipHoriz=null, flipVert=null )
10906.046925	EXP	Created text_5 = TextStim( name=text_5, win=Window( name=Window, fullscr=true, color=#ffffff, ~), autoDraw=null, autoLog=true, units=height, ori=null, opacity=1, pos=[0,-0.49], size=undefined, text=I consent (Y) I do not consent (Esc)
, font=Arial, color=#000000, contrast=1, height=0.03, bold=null, italic=null, alignHoriz=left, alignVert=center, wrapWidth=1, flipHoriz=null, flipVert=null )
10906.047700000001	EXP	Created gender_question = TextStim( name=gender_question, win=Window( name=Window, fullscr=true, color=#ffffff, ~), autoDraw=null, autoLog=true, units=height, ori=null, opacity=1, pos=[0,0], size=undefined, text=In order to allow us to describe our sample, we wo~), font=Arial, color=#000000, contrast=1, height=0.04, bold=null, italic=null, alignHoriz=left, alignVert=center, wrapWidth=1.5, flipHoriz=null, flipVert=null )
10906.048519999998	EXP	Created inst_text = TextStim( name=inst_text, win=Window( name=Window, fullscr=true, color=#ffffff, ~), autoDraw=null, autoLog=true, units=height, ori=null, opacity=1, pos=[0,0], size=undefined, text=The next screen shown will require you to memorize~, font=Arial, color=#000000, contrast=1, height=0.04, bold=null, italic=null, alignHoriz=left, alignVert=center, wrapWidth=1, flipHoriz=null, flipVert=null )
10906.050829999998	EXP	Created corrAns_reminder_text = TextStim( name=corrAns_reminder_text, win=Window( name=Window, fullscr=true, color=#ffffff, ~), autoDraw=null, autoLog=true, units=height, ori=null, opacity=1, pos=[0,4], size=undefined, text=Present: m

Absent: v, font=Arial, color=#000000, contrast=1, height=0.1, bold=null, italic=null, alignHoriz=left, alignVert=center, wrapWidth=1, flipHoriz=null, flipVert=null )
10906.0515	EXP	Created memory_2 = TextStim( name=memory_2, win=Window( name=Window, fullscr=true, color=#ffffff, ~), autoDraw=null, autoLog=true, units=height, ori=null, opacity=1, pos=[0,0.44], size=undefined, text=Memorise...

, font=Arial, color=#FF0000, contrast=1, height=0.03, bold=null, italic=null, alignHoriz=left, alignVert=center, wrapWidth=1, flipHoriz=null, flipVert=null )
10906.052145	EXP	Created memory = TextStim( name=memory, win=Window( name=Window, fullscr=true, color=#ffffff, ~), autoDraw=null, autoLog=true, units=height, ori=null, opacity=1, pos=[0,0.44], size=undefined, text=Memorise...

, font=Arial, color=#FF0000, contrast=1, height=0.03, bold=null, italic=null, alignHoriz=left, alignVert=center, wrapWidth=1, flipHoriz=null, flipVert=null )
10906.054075000002	EXP	Created target = ImageStim( name=target, win=Window( name=Window, fullscr=true, color=#ffffff, ~), autoDraw=null, autoLog=true, units=pix, ori=null, opacity=1, pos=[0,0], size=undefined, image=undefined, mask=undefined, color=#ffffff, contrast=1, texRes=128, interpolate=null, depth=-2, flipHoriz=null, flipVert=null )
10906.05577	EXP	Created dist1 = ImageStim( name=dist1, win=Window( name=Window, fullscr=true, color=#ffffff, ~), autoDraw=null, autoLog=true, units=pix, ori=null, opacity=1, pos=[0,0], size=undefined, image=undefined, mask=undefined, color=#ffffff, contrast=1, texRes=128, interpolate=null, depth=-3, flipHoriz=null, flipVert=null )
10906.057675000002	EXP	Created dist2 = ImageStim( name=dist2, win=Window( name=Window, fullscr=true, color=#ffffff, ~), autoDraw=null, autoLog=true, units=pix, ori=null, opacity=1, pos=[0,0], size=undefined, image=undefined, mask=undefined, color=#ffffff, contrast=1, texRes=128, interpolate=null, depth=-4, flipHoriz=null, flipVert=null )
10906.059425000001	EXP	Created dist3 = ImageStim( name=dist3, win=Window( name=Window, fullscr=true, color=#ffffff, ~), autoDraw=null, autoLog=true, units=pix, ori=null, opacity=1, pos=[0,0], size=undefined, image=undefined, mask=undefined, color=#ffffff, contrast=1, texRes=128, interpolate=null, depth=-5, flipHoriz=null, flipVert=null )
10906.060674999999	EXP	Created dist4 = ImageStim( name=dist4, win=Window( name=Window, fullscr=true, color=#ffffff, ~), autoDraw=null, autoLog=true, units=pix, ori=null, opacity=1, pos=[0,0], size=undefined, image=undefined, mask=undefined, color=#ffffff, contrast=1, texRes=128, interpolate=null, depth=-6, flipHoriz=null, flipVert=null )
10906.0637	EXP	Created dist5 = ImageStim( name=dist5, win=Window( name=Window, fullscr=true, color=#ffffff, ~), autoDraw=null, autoLog=true, units=pix, ori=null, opacity=1, pos=[0,0], size=undefined, image=undefined, mask=undefined, color=#ffffff, contrast=1, texRes=128, interpolate=null, depth=-7, flipHoriz=null, flipVert=null )
10906.06548	EXP	Created dist6 = ImageStim( name=dist6, win=Window( name=Window, fullscr=true, color=#ffffff, ~), autoDraw=null, autoLog=true, units=pix, ori=null, opacity=1, pos=[0,0], size=undefined, image=undefined, mask=undefined, color=#ffffff, contrast=1, texRes=128, interpolate=null, depth=-8, flipHoriz=null, flipVert=null )
10906.06729	EXP	Created dist7 = ImageStim( name=dist7, win=Window( name=Window, fullscr=true, color=#ffffff, ~), autoDraw=null, autoLog=true, units=pix, ori=null, opacity=1, pos=[0,0], size=undefined, image=undefined, mask=undefined, color=#ffffff, contrast=1, texRes=128, interpolate=null, depth=-9, flipHoriz=null, flipVert=null )
10906.069135	EXP	Created dist8 = ImageStim( name=dist8, win=Window( name=Window, fullscr=true, color=#ffffff, ~), autoDraw=null, autoLog=true, units=pix, ori=null, opacity=1, pos=[0,0], size=undefined, image=undefined, mask=undefined, color=#ffffff, contrast=1, texRes=128, interpolate=null, depth=-10, flipHoriz=null, flipVert=null )
10906.070525000001	EXP	Created corrAns_reminder_text_2 = TextStim( name=corrAns_reminder_text_2, win=Window( name=Window, fullscr=true, color=#ffffff, ~), autoDraw=null, autoLog=true, units=height, ori=null, opacity=1, pos=[0,4], size=undefined, text=Present: m

Absent: v, font=Arial, color=#000000, contrast=1, height=0.1, bold=null, italic=null, alignHoriz=left, alignVert=center, wrapWidth=1, flipHoriz=null, flipVert=null )
10906.071409999999	EXP	Created search_txt_2 = TextStim( name=search_txt_2, win=Window( name=Window, fullscr=true, color=#ffffff, ~), autoDraw=null, autoLog=true, units=height, ori=null, opacity=1, pos=[0,0.44], size=undefined, text=Search...

, font=Arial, color=#008000, contrast=1, height=0.03, bold=null, italic=null, alignHoriz=left, alignVert=center, wrapWidth=1, flipHoriz=null, flipVert=null )
10906.072085000002	EXP	Created search_txt = TextStim( name=search_txt, win=Window( name=Window, fullscr=true, color=#ffffff, ~), autoDraw=null, autoLog=true, units=height, ori=null, opacity=1, pos=[0,0.44], size=undefined, text=Search...

, font=Arial, color=#008000, contrast=1, height=0.03, bold=null, italic=null, alignHoriz=left, alignVert=center, wrapWidth=1, flipHoriz=null, flipVert=null )
10906.073895	EXP	Created search_img = ImageStim( name=search_img, win=Window( name=Window, fullscr=true, color=#ffffff, ~), autoDraw=null, autoLog=true, units=height, ori=null, opacity=1, pos=[0,0], size=[0.8533,0.8533], image=undefined, mask=undefined, color=#ffffff, contrast=1, texRes=128, interpolate=null, depth=-1, flipHoriz=null, flipVert=null )
10906.075025	EXP	Created text_2 = TextStim( name=text_2, win=Window( name=Window, fullscr=true, color=#ffffff, ~), autoDraw=null, autoLog=true, units=height, ori=null, opacity=1, pos=[0,0], size=undefined, text=Press 'Space Bar' to continue, font=Arial, color=#000000, contrast=1, height=0.04, bold=null, italic=null, alignHoriz=left, alignVert=center, wrapWidth=1, flipHoriz=null, flipVert=null )
10906.07593	EXP	Created text = TextStim( name=text, win=Window( name=Window, fullscr=true, color=#ffffff, ~), autoDraw=null, autoLog=true, units=height, ori=null, opacity=1, pos=[0,0], size=undefined, text=default text, font=Arial, color=#000000, contrast=1, height=0.05, bold=null, italic=null, alignHoriz=left, alignVert=center, wrapWidth=1, flipHoriz=null, flipVert=null )
