1.1190799999749288	EXP	Created Window = Window( name=Window, fullscr=true, color=#ffffff, units=height, waitBlanking=true, autoLog=true, size=[1280,699] )
28.053879999904893	DATA	Keydown: Shift
28.27554499998223	DATA	Keydown: Q
28.886799999978393	DATA	Keydown: Shift
29.04047999996692	DATA	Keydown: W
29.655614999937825	DATA	Keydown: 1
29.73225000000093	DATA	Keydown: 2
29.888109999941662	DATA	Keydown: 3
30.113629999919794	DATA	Keydown: 4
32.6193899998907	DATA	Keydown: Backspace
32.77224500000011	DATA	Keydown: Backspace
33.085204999893904	DATA	Keydown: 2
33.31806499999948	DATA	Keydown: 8
34.07340499991551	DATA	Keydown: Backspace
34.375214999890886	DATA	Keydown: 7
34.67918999993708	DATA	Keydown: CapsLock
34.82916500000283	DATA	Keydown: CapsLock
421.6847649998963	EXP	Created contact_info1 = ImageStim( name=contact_info1, win=Window( name=Window, fullscr=true, color=#ffffff, ~), autoDraw=null, autoLog=true, units=height, ori=null, opacity=1, pos=[0,-0.2], size=[0.9,0.1], image={}, mask=undefined, color=#ffffff, contrast=1, texRes=128, interpolate=true, depth=-4, flipHoriz=null, flipVert=null )
421.68838499998674	EXP	Created consent_question = TextStim( name=consent_question, win=Window( name=Window, fullscr=true, color=#ffffff, ~), autoDraw=null, autoLog=true, units=norm, ori=null, opacity=1, pos=[0,0], size=undefined, text=default text, font=Arial, color=#000000, contrast=1, height=0.05, bold=null, italic=null, alignHoriz=left, alignVert=center, wrapWidth=1.5, flipHoriz=null, flipVert=null )
421.69097499991767	EXP	Created consent_1 = ImageStim( name=consent_1, win=Window( name=Window, fullscr=true, color=#ffffff, ~), autoDraw=null, autoLog=true, units=height, ori=null, opacity=1, pos=[0,0], size=[1,0.8533], image={}, mask=undefined, color=#ffffff, contrast=1, texRes=128, interpolate=true, depth=null, flipHoriz=null, flipVert=null )
421.6924049999798	EXP	Created text_3 = TextStim( name=text_3, win=Window( name=Window, fullscr=true, color=#ffffff, ~), autoDraw=null, autoLog=true, units=height, ori=null, opacity=1, pos=[0,-0.49], size=undefined, text=After reading, press Space to continue

, font=Arial, color=#000000, contrast=1, height=0.03, bold=null, italic=null, alignHoriz=left, alignVert=center, wrapWidth=1, flipHoriz=null, flipVert=null )
421.69431499997154	EXP	Created consent = ImageStim( name=consent, win=Window( name=Window, fullscr=true, color=#ffffff, ~), autoDraw=null, autoLog=true, units=height, ori=null, opacity=1, pos=[0,0], size=[1,0.8533], image={}, mask=undefined, color=#ffffff, contrast=1, texRes=128, interpolate=true, depth=null, flipHoriz=null, flipVert=null )
421.69549499999266	EXP	Created text_4 = TextStim( name=text_4, win=Window( name=Window, fullscr=true, color=#ffffff, ~), autoDraw=null, autoLog=true, units=height, ori=null, opacity=1, pos=[0,-0.49], size=undefined, text=After reading, press Space to continue

, font=Arial, color=#000000, contrast=1, height=0.03, bold=null, italic=null, alignHoriz=left, alignVert=center, wrapWidth=1, flipHoriz=null, flipVert=null )
421.69825999997556	EXP	Created consent_2 = ImageStim( name=consent_2, win=Window( name=Window, fullscr=true, color=#ffffff, ~), autoDraw=null, autoLog=true, units=height, ori=null, opacity=1, pos=[0,0], size=[1,0.8533], image={}, mask=undefined, color=#ffffff, contrast=1, texRes=128, interpolate=true, depth=null, flipHoriz=null, flipVert=null )
421.69970499991905	EXP	Created text_5 = TextStim( name=text_5, win=Window( name=Window, fullscr=true, color=#ffffff, ~), autoDraw=null, autoLog=true, units=height, ori=null, opacity=1, pos=[0,-0.49], size=undefined, text=I consent (Y) I do not consent (Esc)
, font=Arial, color=#000000, contrast=1, height=0.03, bold=null, italic=null, alignHoriz=left, alignVert=center, wrapWidth=1, flipHoriz=null, flipVert=null )
421.7006199999014	EXP	Created gender_question = TextStim( name=gender_question, win=Window( name=Window, fullscr=true, color=#ffffff, ~), autoDraw=null, autoLog=true, units=height, ori=null, opacity=1, pos=[0,0], size=undefined, text=In order to allow us to describe our sample, we wo~), font=Arial, color=#000000, contrast=1, height=0.04, bold=null, italic=null, alignHoriz=left, alignVert=center, wrapWidth=1.5, flipHoriz=null, flipVert=null )
421.70190499990713	EXP	Created inst_text = TextStim( name=inst_text, win=Window( name=Window, fullscr=true, color=#ffffff, ~), autoDraw=null, autoLog=true, units=height, ori=null, opacity=1, pos=[0,0], size=undefined, text=The next screen shown will require you to memorize~, font=Arial, color=#000000, contrast=1, height=0.04, bold=null, italic=null, alignHoriz=left, alignVert=center, wrapWidth=1, flipHoriz=null, flipVert=null )
421.7074249999132	EXP	Created corrAns_reminder_text = TextStim( name=corrAns_reminder_text, win=Window( name=Window, fullscr=true, color=#ffffff, ~), autoDraw=null, autoLog=true, units=height, ori=null, opacity=1, pos=[0,4], size=undefined, text=Present: m

Absent: v, font=Arial, color=#000000, contrast=1, height=0.1, bold=null, italic=null, alignHoriz=left, alignVert=center, wrapWidth=1, flipHoriz=null, flipVert=null )
421.70821499999147	EXP	Created memory_2 = TextStim( name=memory_2, win=Window( name=Window, fullscr=true, color=#ffffff, ~), autoDraw=null, autoLog=true, units=height, ori=null, opacity=1, pos=[0,0.44], size=undefined, text=Memorise...

, font=Arial, color=#FF0000, contrast=1, height=0.03, bold=null, italic=null, alignHoriz=left, alignVert=center, wrapWidth=1, flipHoriz=null, flipVert=null )
421.7090099999914	EXP	Created memory = TextStim( name=memory, win=Window( name=Window, fullscr=true, color=#ffffff, ~), autoDraw=null, autoLog=true, units=height, ori=null, opacity=1, pos=[0,0.44], size=undefined, text=Memorise...

, font=Arial, color=#FF0000, contrast=1, height=0.03, bold=null, italic=null, alignHoriz=left, alignVert=center, wrapWidth=1, flipHoriz=null, flipVert=null )
421.71202499989886	EXP	Created target = ImageStim( name=target, win=Window( name=Window, fullscr=true, color=#ffffff, ~), autoDraw=null, autoLog=true, units=pix, ori=null, opacity=1, pos=[0,0], size=undefined, image=undefined, mask=undefined, color=#ffffff, contrast=1, texRes=128, interpolate=null, depth=-2, flipHoriz=null, flipVert=null )
421.7147099999711	EXP	Created dist1 = ImageStim( name=dist1, win=Window( name=Window, fullscr=true, color=#ffffff, ~), autoDraw=null, autoLog=true, units=pix, ori=null, opacity=1, pos=[0,0], size=undefined, image=undefined, mask=undefined, color=#ffffff, contrast=1, texRes=128, interpolate=null, depth=-3, flipHoriz=null, flipVert=null )
421.7176299999701	EXP	Created dist2 = ImageStim( name=dist2, win=Window( name=Window, fullscr=true, color=#ffffff, ~), autoDraw=null, autoLog=true, units=pix, ori=null, opacity=1, pos=[0,0], size=undefined, image=undefined, mask=undefined, color=#ffffff, contrast=1, texRes=128, interpolate=null, depth=-4, flipHoriz=null, flipVert=null )
421.7210249999771	EXP	Created dist3 = ImageStim( name=dist3, win=Window( name=Window, fullscr=true, color=#ffffff, ~), autoDraw=null, autoLog=true, units=pix, ori=null, opacity=1, pos=[0,0], size=undefined, image=undefined, mask=undefined, color=#ffffff, contrast=1, texRes=128, interpolate=null, depth=-5, flipHoriz=null, flipVert=null )
421.72370499989484	EXP	Created dist4 = ImageStim( name=dist4, win=Window( name=Window, fullscr=true, color=#ffffff, ~), autoDraw=null, autoLog=true, units=pix, ori=null, opacity=1, pos=[0,0], size=undefined, image=undefined, mask=undefined, color=#ffffff, contrast=1, texRes=128, interpolate=null, depth=-6, flipHoriz=null, flipVert=null )
421.72630999994	EXP	Created dist5 = ImageStim( name=dist5, win=Window( name=Window, fullscr=true, color=#ffffff, ~), autoDraw=null, autoLog=true, units=pix, ori=null, opacity=1, pos=[0,0], size=undefined, image=undefined, mask=undefined, color=#ffffff, contrast=1, texRes=128, interpolate=null, depth=-7, flipHoriz=null, flipVert=null )
421.73108999989927	EXP	Created dist6 = ImageStim( name=dist6, win=Window( name=Window, fullscr=true, color=#ffffff, ~), autoDraw=null, autoLog=true, units=pix, ori=null, opacity=1, pos=[0,0], size=undefined, image=undefined, mask=undefined, color=#ffffff, contrast=1, texRes=128, interpolate=null, depth=-8, flipHoriz=null, flipVert=null )
421.73585499997716	EXP	Created dist7 = ImageStim( name=dist7, win=Window( name=Window, fullscr=true, color=#ffffff, ~), autoDraw=null, autoLog=true, units=pix, ori=null, opacity=1, pos=[0,0], size=undefined, image=undefined, mask=undefined, color=#ffffff, contrast=1, texRes=128, interpolate=null, depth=-9, flipHoriz=null, flipVert=null )
421.739564999938	EXP	Created dist8 = ImageStim( name=dist8, win=Window( name=Window, fullscr=true, color=#ffffff, ~), autoDraw=null, autoLog=true, units=pix, ori=null, opacity=1, pos=[0,0], size=undefined, image=undefined, mask=undefined, color=#ffffff, contrast=1, texRes=128, interpolate=null, depth=-10, flipHoriz=null, flipVert=null )
421.74129499995615	EXP	Created corrAns_reminder_text_2 = TextStim( name=corrAns_reminder_text_2, win=Window( name=Window, fullscr=true, color=#ffffff, ~), autoDraw=null, autoLog=true, units=height, ori=null, opacity=1, pos=[0,4], size=undefined, text=Present: m

Absent: v, font=Arial, color=#000000, contrast=1, height=0.1, bold=null, italic=null, alignHoriz=left, alignVert=center, wrapWidth=1, flipHoriz=null, flipVert=null )
421.7420449999627	EXP	Created search_txt_2 = TextStim( name=search_txt_2, win=Window( name=Window, fullscr=true, color=#ffffff, ~), autoDraw=null, autoLog=true, units=height, ori=null, opacity=1, pos=[0,0.44], size=undefined, text=Search...

, font=Arial, color=#008000, contrast=1, height=0.03, bold=null, italic=null, alignHoriz=left, alignVert=center, wrapWidth=1, flipHoriz=null, flipVert=null )
421.74276999989524	EXP	Created search_txt = TextStim( name=search_txt, win=Window( name=Window, fullscr=true, color=#ffffff, ~), autoDraw=null, autoLog=true, units=height, ori=null, opacity=1, pos=[0,0.44], size=undefined, text=Search...

, font=Arial, color=#008000, contrast=1, height=0.03, bold=null, italic=null, alignHoriz=left, alignVert=center, wrapWidth=1, flipHoriz=null, flipVert=null )
421.74479499994777	EXP	Created search_img = ImageStim( name=search_img, win=Window( name=Window, fullscr=true, color=#ffffff, ~), autoDraw=null, autoLog=true, units=height, ori=null, opacity=1, pos=[0,0], size=[0.8533,0.8533], image=undefined, mask=undefined, color=#ffffff, contrast=1, texRes=128, interpolate=null, depth=-1, flipHoriz=null, flipVert=null )
421.7458699999843	EXP	Created text_2 = TextStim( name=text_2, win=Window( name=Window, fullscr=true, color=#ffffff, ~), autoDraw=null, autoLog=true, units=height, ori=null, opacity=1, pos=[0,0], size=undefined, text=Press 'Space Bar' to continue, font=Arial, color=#000000, contrast=1, height=0.04, bold=null, italic=null, alignHoriz=left, alignVert=center, wrapWidth=1, flipHoriz=null, flipVert=null )
421.7469849999761	EXP	Created text = TextStim( name=text, win=Window( name=Window, fullscr=true, color=#ffffff, ~), autoDraw=null, autoLog=true, units=height, ori=null, opacity=1, pos=[0,0], size=undefined, text=default text, font=Arial, color=#000000, contrast=1, height=0.05, bold=null, italic=null, alignHoriz=left, alignVert=center, wrapWidth=1, flipHoriz=null, flipVert=null )
421.92578499997035	EXP	contact_info1: units = "height"
421.92578499997035	EXP	contact_info1: ori = 0
421.92578499997035	EXP	contact_info1: opacity = 1
421.92578499997035	EXP	contact_info1: pos = [0,-0.2]
421.92578499997035	EXP	contact_info1: size = [0.9,0.1]
421.92578499997035	EXP	contact_info1: image = {}
421.92578499997035	EXP	contact_info1: mask = undefined
421.92578499997035	EXP	contact_info1: color = {"_rgb":[1,1,1]}
421.92578499997035	EXP	contact_info1: contrast = 1
421.92578499997035	EXP	contact_info1: texRes = 128
421.92578499997035	EXP	contact_info1: interpolate = true
421.92578499997035	EXP	contact_info1: depth = -4
421.92578499997035	EXP	contact_info1: flipHoriz = false
421.92578499997035	EXP	contact_info1: flipVert = false
421.92578499997035	EXP	consent_question: units = "norm"
421.92578499997035	EXP	consent_question: ori = 0
421.92578499997035	EXP	consent_question: opacity = 1
421.92578499997035	EXP	consent_question: pos = [0,0]
421.92578499997035	EXP	consent_question: size = undefined
421.92578499997035	EXP	consent_question: text = "default text"
421.92578499997035	EXP	consent_question: font = "Arial"
421.92578499997035	EXP	consent_question: color = {"_hex":"#000000","_rgb":[0,0,0]}
421.92578499997035	EXP	consent_question: contrast = 1
421.92578499997035	EXP	consent_question: height = 0.05
421.92578499997035	EXP	consent_question: bold = false
421.92578499997035	EXP	consent_question: italic = false
421.92578499997035	EXP	consent_question: alignHoriz = "left"
421.92578499997035	EXP	consent_question: alignVert = "center"
421.92578499997035	EXP	consent_question: wrapWidth = 1.5
421.92578499997035	EXP	consent_question: flipHoriz = false
421.92578499997035	EXP	consent_question: flipVert = false
421.92578499997035	EXP	consent_1: units = "height"
421.92578499997035	EXP	consent_1: ori = 0
421.92578499997035	EXP	consent_1: opacity = 1
421.92578499997035	EXP	consent_1: pos = [0,0]
421.92578499997035	EXP	consent_1: size = [1,0.8533]
421.92578499997035	EXP	consent_1: image = {}
421.92578499997035	EXP	consent_1: mask = undefined
421.92578499997035	EXP	consent_1: color = {"_rgb":[1,1,1]}
421.92578499997035	EXP	consent_1: contrast = 1
421.92578499997035	EXP	consent_1: texRes = 128
421.92578499997035	EXP	consent_1: interpolate = true
421.92578499997035	EXP	consent_1: depth = 0
421.92578499997035	EXP	consent_1: flipHoriz = false
421.92578499997035	EXP	consent_1: flipVert = false
421.92578499997035	EXP	text_3: units = "height"
421.92578499997035	EXP	text_3: ori = 0
421.92578499997035	EXP	text_3: opacity = 1
421.92578499997035	EXP	text_3: pos = [0,-0.49]
421.92578499997035	EXP	text_3: size = undefined
421.92578499997035	EXP	text_3: text = "After reading, press Space to continue\n\n"
421.92578499997035	EXP	text_3: font = "Arial"
421.92578499997035	EXP	text_3: color = {"_hex":"#000000","_rgb":[0,0,0]}
421.92578499997035	EXP	text_3: contrast = 1
421.92578499997035	EXP	text_3: height = 0.03
421.92578499997035	EXP	text_3: bold = false
421.92578499997035	EXP	text_3: italic = false
421.92578499997035	EXP	text_3: alignHoriz = "left"
421.92578499997035	EXP	text_3: alignVert = "center"
421.92578499997035	EXP	text_3: wrapWidth = 1
421.92578499997035	EXP	text_3: flipHoriz = false
421.92578499997035	EXP	text_3: flipVert = false
421.92578499997035	EXP	consent: units = "height"
421.92578499997035	EXP	consent: ori = 0
421.92578499997035	EXP	consent: opacity = 1
421.92578499997035	EXP	consent: pos = [0,0]
421.92578499997035	EXP	consent: size = [1,0.8533]
421.92578499997035	EXP	consent: image = {}
421.92578499997035	EXP	consent: mask = undefined
421.92578499997035	EXP	consent: color = {"_rgb":[1,1,1]}
421.92578499997035	EXP	consent: contrast = 1
421.92578499997035	EXP	consent: texRes = 128
421.92578499997035	EXP	consent: interpolate = true
421.92578499997035	EXP	consent: depth = 0
421.92578499997035	EXP	consent: flipHoriz = false
421.92578499997035	EXP	consent: flipVert = false
421.92578499997035	EXP	text_4: units = "height"
421.92578499997035	EXP	text_4: ori = 0
421.92578499997035	EXP	text_4: opacity = 1
421.92578499997035	EXP	text_4: pos = [0,-0.49]
421.92578499997035	EXP	text_4: size = undefined
421.92578499997035	EXP	text_4: text = "After reading, press Space to continue\n\n"
421.92578499997035	EXP	text_4: font = "Arial"
421.92578499997035	EXP	text_4: color = {"_hex":"#000000","_rgb":[0,0,0]}
421.92578499997035	EXP	text_4: contrast = 1
421.92578499997035	EXP	text_4: height = 0.03
421.92578499997035	EXP	text_4: bold = false
421.92578499997035	EXP	text_4: italic = false
421.92578499997035	EXP	text_4: alignHoriz = "left"
421.92578499997035	EXP	text_4: alignVert = "center"
421.92578499997035	EXP	text_4: wrapWidth = 1
421.92578499997035	EXP	text_4: flipHoriz = false
421.92578499997035	EXP	text_4: flipVert = false
421.92578499997035	EXP	consent_2: units = "height"
421.92578499997035	EXP	consent_2: ori = 0
421.92578499997035	EXP	consent_2: opacity = 1
421.92578499997035	EXP	consent_2: pos = [0,0]
421.92578499997035	EXP	consent_2: size = [1,0.8533]
421.92578499997035	EXP	consent_2: image = {}
421.92578499997035	EXP	consent_2: mask = undefined
421.92578499997035	EXP	consent_2: color = {"_rgb":[1,1,1]}
421.92578499997035	EXP	consent_2: contrast = 1
421.92578499997035	EXP	consent_2: texRes = 128
421.92578499997035	EXP	consent_2: interpolate = true
421.92578499997035	EXP	consent_2: depth = 0
421.92578499997035	EXP	consent_2: flipHoriz = false
421.92578499997035	EXP	consent_2: flipVert = false
421.92578499997035	EXP	text_5: units = "height"
421.92578499997035	EXP	text_5: ori = 0
421.92578499997035	EXP	text_5: opacity = 1
421.92578499997035	EXP	text_5: pos = [0,-0.49]
421.92578499997035	EXP	text_5: size = undefined
421.92578499997035	EXP	text_5: text = "I consent (Y) I do not consent (Esc)\n"
421.92578499997035	EXP	text_5: font = "Arial"
421.92578499997035	EXP	text_5: color = {"_hex":"#000000","_rgb":[0,0,0]}
421.92578499997035	EXP	text_5: contrast = 1
421.92578499997035	EXP	text_5: height = 0.03
421.92578499997035	EXP	text_5: bold = false
421.92578499997035	EXP	text_5: italic = false
421.92578499997035	EXP	text_5: alignHoriz = "left"
421.92578499997035	EXP	text_5: alignVert = "center"
421.92578499997035	EXP	text_5: wrapWidth = 1
421.92578499997035	EXP	text_5: flipHoriz = false
421.92578499997035	EXP	text_5: flipVert = false
421.92578499997035	EXP	gender_question: units = "height"
421.92578499997035	EXP	gender_question: ori = 0
421.92578499997035	EXP	gender_question: opacity = 1
421.92578499997035	EXP	gender_question: pos = [0,0]
421.92578499997035	EXP	gender_question: size = undefined
421.92578499997035	EXP	gender_question: text = "In order to allow us to describe our sample, we would now like you to answer some demographic questions.\n\nWhat is your gender?\n\nWoman (W)\nMan(M)\nNon-binary (N)\nDifferent identity (D)\nPrefer not to say (P)"
421.92578499997035	EXP	gender_question: font = "Arial"
421.92578499997035	EXP	gender_question: color = {"_hex":"#000000","_rgb":[0,0,0]}
421.92578499997035	EXP	gender_question: contrast = 1
421.92578499997035	EXP	gender_question: height = 0.04
421.92578499997035	EXP	gender_question: bold = false
421.92578499997035	EXP	gender_question: italic = false
421.92578499997035	EXP	gender_question: alignHoriz = "left"
421.92578499997035	EXP	gender_question: alignVert = "center"
421.92578499997035	EXP	gender_question: wrapWidth = 1.5
421.92578499997035	EXP	gender_question: flipHoriz = false
421.92578499997035	EXP	gender_question: flipVert = false
421.92578499997035	EXP	inst_text: units = "height"
421.92578499997035	EXP	inst_text: ori = 0
421.92578499997035	EXP	inst_text: opacity = 1
421.92578499997035	EXP	inst_text: pos = [0,0]
421.92578499997035	EXP	inst_text: size = undefined
421.92578499997035	EXP	inst_text: text = "The next screen shown will require you to memorize the targets.\n\nThis will be followed by a 'Search' screen, \nin which you will use the keys below to indicate if a target is present or absent. \nAt most one of the targets will be present in the search screen.\n\n'M' ->present\n'V'  <-absent \n\nReady? Press 'S' \nto start \n\n"
421.92578499997035	EXP	inst_text: font = "Arial"
421.92578499997035	EXP	inst_text: color = {"_hex":"#000000","_rgb":[0,0,0]}
421.92578499997035	EXP	inst_text: contrast = 1
421.92578499997035	EXP	inst_text: height = 0.04
421.92578499997035	EXP	inst_text: bold = false
421.92578499997035	EXP	inst_text: italic = false
421.92578499997035	EXP	inst_text: alignHoriz = "left"
421.92578499997035	EXP	inst_text: alignVert = "center"
421.92578499997035	EXP	inst_text: wrapWidth = 1
421.92578499997035	EXP	inst_text: flipHoriz = false
421.92578499997035	EXP	inst_text: flipVert = false
421.92578499997035	EXP	fixation_target: units = "pix"
421.92578499997035	EXP	fixation_target: ori = 0
421.92578499997035	EXP	fixation_target: opacity = 1
421.92578499997035	EXP	fixation_target: pos = [0,0]
421.92578499997035	EXP	fixation_target: size = [20,20]
421.92578499997035	EXP	fixation_target: lineWidth = 1
421.92578499997035	EXP	fixation_target: lineColor = {"_rgb":[0,0,0]}
421.92578499997035	EXP	fixation_target: fillColor = {"_rgb":[1,0.5,0.5]}
421.92578499997035	EXP	fixation_target: vertices = [[-0.1,0.5],[0.1,0.5],[0.1,0.1],[0.5,0.1],[0.5,-0.1],[0.1,-0.1],[0.1,-0.5],[-0.1,-0.5],[-0.1,-0.1],[-0.5,-0.1],[-0.5,0.1],[-0.1,0.1]]
421.92578499997035	EXP	fixation_target: closeShape = true
421.92578499997035	EXP	fixation_target: contrast = 1
421.92578499997035	EXP	fixation_target: depth = 0
421.92578499997035	EXP	fixation_target: interpolate = true
421.92578499997035	EXP	corrAns_reminder_text: units = "height"
421.92578499997035	EXP	corrAns_reminder_text: ori = 0
421.92578499997035	EXP	corrAns_reminder_text: opacity = 1
421.92578499997035	EXP	corrAns_reminder_text: pos = [0,4]
421.92578499997035	EXP	corrAns_reminder_text: size = undefined
421.92578499997035	EXP	corrAns_reminder_text: text = "Present: m\n\nAbsent: v"
421.92578499997035	EXP	corrAns_reminder_text: font = "Arial"
421.92578499997035	EXP	corrAns_reminder_text: color = {"_hex":"#000000","_rgb":[0,0,0]}
421.92578499997035	EXP	corrAns_reminder_text: contrast = 1
421.92578499997035	EXP	corrAns_reminder_text: height = 0.1
421.92578499997035	EXP	corrAns_reminder_text: bold = false
421.92578499997035	EXP	corrAns_reminder_text: italic = false
421.92578499997035	EXP	corrAns_reminder_text: alignHoriz = "left"
421.92578499997035	EXP	corrAns_reminder_text: alignVert = "center"
421.92578499997035	EXP	corrAns_reminder_text: wrapWidth = 1
421.92578499997035	EXP	corrAns_reminder_text: flipHoriz = false
421.92578499997035	EXP	corrAns_reminder_text: flipVert = false
421.92578499997035	EXP	memory_2: units = "height"
421.92578499997035	EXP	memory_2: ori = 0
421.92578499997035	EXP	memory_2: opacity = 1
421.92578499997035	EXP	memory_2: pos = [0,0.44]
421.92578499997035	EXP	memory_2: size = undefined
421.92578499997035	EXP	memory_2: text = "Memorise...\n\n"
421.92578499997035	EXP	memory_2: font = "Arial"
421.92578499997035	EXP	memory_2: color = {"_hex":"#FF0000","_rgb":[1,0,0]}
421.92578499997035	EXP	memory_2: contrast = 1
421.92578499997035	EXP	memory_2: height = 0.03
421.92578499997035	EXP	memory_2: bold = false
421.92578499997035	EXP	memory_2: italic = false
421.92578499997035	EXP	memory_2: alignHoriz = "left"
421.92578499997035	EXP	memory_2: alignVert = "center"
421.92578499997035	EXP	memory_2: wrapWidth = 1
421.92578499997035	EXP	memory_2: flipHoriz = false
421.92578499997035	EXP	memory_2: flipVert = false
421.92578499997035	EXP	memory: units = "height"
421.92578499997035	EXP	memory: ori = 0
421.92578499997035	EXP	memory: opacity = 1
421.92578499997035	EXP	memory: pos = [0,0.44]
421.92578499997035	EXP	memory: size = undefined
421.92578499997035	EXP	memory: text = "Memorise...\n\n"
421.92578499997035	EXP	memory: font = "Arial"
421.92578499997035	EXP	memory: color = {"_hex":"#FF0000","_rgb":[1,0,0]}
421.92578499997035	EXP	memory: contrast = 1
421.92578499997035	EXP	memory: height = 0.03
421.92578499997035	EXP	memory: bold = false
421.92578499997035	EXP	memory: italic = false
421.92578499997035	EXP	memory: alignHoriz = "left"
421.92578499997035	EXP	memory: alignVert = "center"
421.92578499997035	EXP	memory: wrapWidth = 1
421.92578499997035	EXP	memory: flipHoriz = false
421.92578499997035	EXP	memory: flipVert = false
421.92578499997035	EXP	target: units = "pix"
421.92578499997035	EXP	target: ori = 0
421.92578499997035	EXP	target: opacity = 1
421.92578499997035	EXP	target: pos = [0,0]
421.92578499997035	EXP	target: size = undefined
421.92578499997035	EXP	target: image = undefined
421.92578499997035	EXP	target: mask = undefined
421.92578499997035	EXP	target: color = {"_rgb":[1,1,1]}
421.92578499997035	EXP	target: contrast = 1
421.92578499997035	EXP	target: texRes = 128
421.92578499997035	EXP	target: interpolate = false
421.92578499997035	EXP	target: depth = -2
421.92578499997035	EXP	target: flipHoriz = false
421.92578499997035	EXP	target: flipVert = false
421.92578499997035	EXP	dist1: units = "pix"
421.92578499997035	EXP	dist1: ori = 0
421.92578499997035	EXP	dist1: opacity = 1
421.92578499997035	EXP	dist1: pos = [0,0]
421.92578499997035	EXP	dist1: size = undefined
421.92578499997035	EXP	dist1: image = undefined
421.92578499997035	EXP	dist1: mask = undefined
421.92578499997035	EXP	dist1: color = {"_rgb":[1,1,1]}
421.92578499997035	EXP	dist1: contrast = 1
421.92578499997035	EXP	dist1: texRes = 128
421.92578499997035	EXP	dist1: interpolate = false
421.92578499997035	EXP	dist1: depth = -3
421.92578499997035	EXP	dist1: flipHoriz = false
421.92578499997035	EXP	dist1: flipVert = false
421.92578499997035	EXP	dist2: units = "pix"
421.92578499997035	EXP	dist2: ori = 0
421.92578499997035	EXP	dist2: opacity = 1
421.92578499997035	EXP	dist2: pos = [0,0]
421.92578499997035	EXP	dist2: size = undefined
421.92578499997035	EXP	dist2: image = undefined
421.92578499997035	EXP	dist2: mask = undefined
421.92578499997035	EXP	dist2: color = {"_rgb":[1,1,1]}
421.92578499997035	EXP	dist2: contrast = 1
421.92578499997035	EXP	dist2: texRes = 128
421.92578499997035	EXP	dist2: interpolate = false
421.92578499997035	EXP	dist2: depth = -4
421.92578499997035	EXP	dist2: flipHoriz = false
421.92578499997035	EXP	dist2: flipVert = false
421.92578499997035	EXP	dist3: units = "pix"
421.92578499997035	EXP	dist3: ori = 0
421.92578499997035	EXP	dist3: opacity = 1
421.92578499997035	EXP	dist3: pos = [0,0]
421.92578499997035	EXP	dist3: size = undefined
421.92578499997035	EXP	dist3: image = undefined
421.92578499997035	EXP	dist3: mask = undefined
421.92578499997035	EXP	dist3: color = {"_rgb":[1,1,1]}
421.92578499997035	EXP	dist3: contrast = 1
421.92578499997035	EXP	dist3: texRes = 128
421.92578499997035	EXP	dist3: interpolate = false
421.92578499997035	EXP	dist3: depth = -5
421.92578499997035	EXP	dist3: flipHoriz = false
421.92578499997035	EXP	dist3: flipVert = false
421.92578499997035	EXP	dist4: units = "pix"
421.92578499997035	EXP	dist4: ori = 0
421.92578499997035	EXP	dist4: opacity = 1
421.92578499997035	EXP	dist4: pos = [0,0]
421.92578499997035	EXP	dist4: size = undefined
421.92578499997035	EXP	dist4: image = undefined
421.92578499997035	EXP	dist4: mask = undefined
421.92578499997035	EXP	dist4: color = {"_rgb":[1,1,1]}
421.92578499997035	EXP	dist4: contrast = 1
421.92578499997035	EXP	dist4: texRes = 128
421.92578499997035	EXP	dist4: interpolate = false
421.92578499997035	EXP	dist4: depth = -6
421.92578499997035	EXP	dist4: flipHoriz = false
421.92578499997035	EXP	dist4: flipVert = false
421.92578499997035	EXP	dist5: units = "pix"
421.92578499997035	EXP	dist5: ori = 0
421.92578499997035	EXP	dist5: opacity = 1
421.92578499997035	EXP	dist5: pos = [0,0]
421.92578499997035	EXP	dist5: size = undefined
421.92578499997035	EXP	dist5: image = undefined
421.92578499997035	EXP	dist5: mask = undefined
421.92578499997035	EXP	dist5: color = {"_rgb":[1,1,1]}
421.92578499997035	EXP	dist5: contrast = 1
421.92578499997035	EXP	dist5: texRes = 128
421.92578499997035	EXP	dist5: interpolate = false
421.92578499997035	EXP	dist5: depth = -7
421.92578499997035	EXP	dist5: flipHoriz = false
421.92578499997035	EXP	dist5: flipVert = false
421.92578499997035	EXP	dist6: units = "pix"
421.92578499997035	EXP	dist6: ori = 0
421.92578499997035	EXP	dist6: opacity = 1
421.92578499997035	EXP	dist6: pos = [0,0]
421.92578499997035	EXP	dist6: size = undefined
421.92578499997035	EXP	dist6: image = undefined
421.92578499997035	EXP	dist6: mask = undefined
421.92578499997035	EXP	dist6: color = {"_rgb":[1,1,1]}
421.92578499997035	EXP	dist6: contrast = 1
421.92578499997035	EXP	dist6: texRes = 128
421.92578499997035	EXP	dist6: interpolate = false
421.92578499997035	EXP	dist6: depth = -8
421.92578499997035	EXP	dist6: flipHoriz = false
421.92578499997035	EXP	dist6: flipVert = false
421.92578499997035	EXP	dist7: units = "pix"
421.92578499997035	EXP	dist7: ori = 0
421.92578499997035	EXP	dist7: opacity = 1
421.92578499997035	EXP	dist7: pos = [0,0]
421.92578499997035	EXP	dist7: size = undefined
421.92578499997035	EXP	dist7: image = undefined
421.92578499997035	EXP	dist7: mask = undefined
421.92578499997035	EXP	dist7: color = {"_rgb":[1,1,1]}
421.92578499997035	EXP	dist7: contrast = 1
421.92578499997035	EXP	dist7: texRes = 128
421.92578499997035	EXP	dist7: interpolate = false
421.92578499997035	EXP	dist7: depth = -9
421.92578499997035	EXP	dist7: flipHoriz = false
421.92578499997035	EXP	dist7: flipVert = false
421.92578499997035	EXP	dist8: units = "pix"
421.92578499997035	EXP	dist8: ori = 0
421.92578499997035	EXP	dist8: opacity = 1
421.92578499997035	EXP	dist8: pos = [0,0]
421.92578499997035	EXP	dist8: size = undefined
421.92578499997035	EXP	dist8: image = undefined
421.92578499997035	EXP	dist8: mask = undefined
421.92578499997035	EXP	dist8: color = {"_rgb":[1,1,1]}
421.92578499997035	EXP	dist8: contrast = 1
421.92578499997035	EXP	dist8: texRes = 128
421.92578499997035	EXP	dist8: interpolate = false
421.92578499997035	EXP	dist8: depth = -10
421.92578499997035	EXP	dist8: flipHoriz = false
421.92578499997035	EXP	dist8: flipVert = false
421.92578499997035	EXP	fixation_target_2: units = "pix"
421.92578499997035	EXP	fixation_target_2: ori = 0
421.92578499997035	EXP	fixation_target_2: opacity = 1
421.92578499997035	EXP	fixation_target_2: pos = [0,0]
421.92578499997035	EXP	fixation_target_2: size = [1,1]
421.92578499997035	EXP	fixation_target_2: lineWidth = 1
421.92578499997035	EXP	fixation_target_2: lineColor = {"_rgb":[0,0,0]}
421.92578499997035	EXP	fixation_target_2: fillColor = {"_rgb":[0.5,1,0.5]}
421.92578499997035	EXP	fixation_target_2: vertices = [[-10,-10],[10,-10],[0,10]]
421.92578499997035	EXP	fixation_target_2: closeShape = true
421.92578499997035	EXP	fixation_target_2: contrast = 1
421.92578499997035	EXP	fixation_target_2: depth = 0
421.92578499997035	EXP	fixation_target_2: interpolate = true
421.92578499997035	EXP	corrAns_reminder_text_2: units = "height"
421.92578499997035	EXP	corrAns_reminder_text_2: ori = 0
421.92578499997035	EXP	corrAns_reminder_text_2: opacity = 1
421.92578499997035	EXP	corrAns_reminder_text_2: pos = [0,4]
421.92578499997035	EXP	corrAns_reminder_text_2: size = undefined
421.92578499997035	EXP	corrAns_reminder_text_2: text = "Present: m\n\nAbsent: v"
421.92578499997035	EXP	corrAns_reminder_text_2: font = "Arial"
421.92578499997035	EXP	corrAns_reminder_text_2: color = {"_hex":"#000000","_rgb":[0,0,0]}
421.92578499997035	EXP	corrAns_reminder_text_2: contrast = 1
421.92578499997035	EXP	corrAns_reminder_text_2: height = 0.1
421.92578499997035	EXP	corrAns_reminder_text_2: bold = false
421.92578499997035	EXP	corrAns_reminder_text_2: italic = false
421.92578499997035	EXP	corrAns_reminder_text_2: alignHoriz = "left"
421.92578499997035	EXP	corrAns_reminder_text_2: alignVert = "center"
421.92578499997035	EXP	corrAns_reminder_text_2: wrapWidth = 1
421.92578499997035	EXP	corrAns_reminder_text_2: flipHoriz = false
421.92578499997035	EXP	corrAns_reminder_text_2: flipVert = false
421.92578499997035	EXP	search_txt_2: units = "height"
421.92578499997035	EXP	search_txt_2: ori = 0
421.92578499997035	EXP	search_txt_2: opacity = 1
421.92578499997035	EXP	search_txt_2: pos = [0,0.44]
421.92578499997035	EXP	search_txt_2: size = undefined
421.92578499997035	EXP	search_txt_2: text = "Search...\n\n"
421.92578499997035	EXP	search_txt_2: font = "Arial"
421.92578499997035	EXP	search_txt_2: color = {"_hex":"#008000","_rgb":[0,0.5019607843137255,0]}
421.92578499997035	EXP	search_txt_2: contrast = 1
421.92578499997035	EXP	search_txt_2: height = 0.03
421.92578499997035	EXP	search_txt_2: bold = false
421.92578499997035	EXP	search_txt_2: italic = false
421.92578499997035	EXP	search_txt_2: alignHoriz = "left"
421.92578499997035	EXP	search_txt_2: alignVert = "center"
421.92578499997035	EXP	search_txt_2: wrapWidth = 1
421.92578499997035	EXP	search_txt_2: flipHoriz = false
421.92578499997035	EXP	search_txt_2: flipVert = false
421.92578499997035	EXP	search_txt: units = "height"
421.92578499997035	EXP	search_txt: ori = 0
421.92578499997035	EXP	search_txt: opacity = 1
421.92578499997035	EXP	search_txt: pos = [0,0.44]
421.92578499997035	EXP	search_txt: size = undefined
421.92578499997035	EXP	search_txt: text = "Search...\n\n"
421.92578499997035	EXP	search_txt: font = "Arial"
421.92578499997035	EXP	search_txt: color = {"_hex":"#008000","_rgb":[0,0.5019607843137255,0]}
421.92578499997035	EXP	search_txt: contrast = 1
421.92578499997035	EXP	search_txt: height = 0.03
421.92578499997035	EXP	search_txt: bold = false
421.92578499997035	EXP	search_txt: italic = false
421.92578499997035	EXP	search_txt: alignHoriz = "left"
421.92578499997035	EXP	search_txt: alignVert = "center"
421.92578499997035	EXP	search_txt: wrapWidth = 1
421.92578499997035	EXP	search_txt: flipHoriz = false
421.92578499997035	EXP	search_txt: flipVert = false
421.92578499997035	EXP	search_img: units = "height"
421.92578499997035	EXP	search_img: ori = 0
421.92578499997035	EXP	search_img: opacity = 1
421.92578499997035	EXP	search_img: pos = [0,0]
421.92578499997035	EXP	search_img: size = [0.8533,0.8533]
421.92578499997035	EXP	search_img: image = undefined
421.92578499997035	EXP	search_img: mask = undefined
421.92578499997035	EXP	search_img: color = {"_rgb":[1,1,1]}
421.92578499997035	EXP	search_img: contrast = 1
421.92578499997035	EXP	search_img: texRes = 128
421.92578499997035	EXP	search_img: interpolate = false
421.92578499997035	EXP	search_img: depth = -1
421.92578499997035	EXP	search_img: flipHoriz = false
421.92578499997035	EXP	search_img: flipVert = false
421.92578499997035	EXP	text_2: units = "height"
421.92578499997035	EXP	text_2: ori = 0
421.92578499997035	EXP	text_2: opacity = 1
421.92578499997035	EXP	text_2: pos = [0,0]
421.92578499997035	EXP	text_2: size = undefined
421.92578499997035	EXP	text_2: text = "Press 'Space Bar' to continue"
421.92578499997035	EXP	text_2: font = "Arial"
421.92578499997035	EXP	text_2: color = {"_hex":"#000000","_rgb":[0,0,0]}
421.92578499997035	EXP	text_2: contrast = 1
421.92578499997035	EXP	text_2: height = 0.04
421.92578499997035	EXP	text_2: bold = false
421.92578499997035	EXP	text_2: italic = false
421.92578499997035	EXP	text_2: alignHoriz = "left"
421.92578499997035	EXP	text_2: alignVert = "center"
421.92578499997035	EXP	text_2: wrapWidth = 1
421.92578499997035	EXP	text_2: flipHoriz = false
421.92578499997035	EXP	text_2: flipVert = false
421.92578499997035	EXP	text: units = "height"
421.92578499997035	EXP	text: ori = 0
421.92578499997035	EXP	text: opacity = 1
421.92578499997035	EXP	text: pos = [0,0]
421.92578499997035	EXP	text: size = undefined
421.92578499997035	EXP	text: text = "default text"
421.92578499997035	EXP	text: font = "Arial"
421.92578499997035	EXP	text: color = {"_hex":"#000000","_rgb":[0,0,0]}
421.92578499997035	EXP	text: contrast = 1
421.92578499997035	EXP	text: height = 0.05
421.92578499997035	EXP	text: bold = false
421.92578499997035	EXP	text: italic = false
421.92578499997035	EXP	text: alignHoriz = "left"
421.92578499997035	EXP	text: alignVert = "center"
421.92578499997035	EXP	text: wrapWidth = 1
421.92578499997035	EXP	text: flipHoriz = false
421.92578499997035	EXP	text: flipVert = false
421.92578499997035	EXP	consent_question: text = "Welcome to the first part of the study!\n Your participant ID is: QW1234\n\n Please write down this number \n Ready to start? Press the Y key when ready"
421.92578499997035	EXP	contact_info1: autoDraw = true
421.92578499997035	EXP	consent_question: autoDraw = true
426.58912999997847	DATA	Keydown: y
426.7749049999984	EXP	contact_info1: autoDraw = false
426.7749049999984	EXP	consent_question: autoDraw = false
426.7749049999984	EXP	consent_1: autoDraw = true
426.7749049999984	EXP	text_3: autoDraw = true
432.207689999952	DATA	Mouse: 0 button down, pos=(778,362)
432.69057999993674	DATA	Mouse: 0 button down, pos=(887,556)
432.932654999895	DATA	Mouse: 2 button down, pos=(887,556)
433.0129799999995	DATA	Mouse: 2 button down, pos=(887,556)
433.2557749999687	DATA	Mouse: 0 button down, pos=(833,551)
433.33641499991063	DATA	Mouse: 0 button down, pos=(833,551)
433.4167899999302	DATA	Mouse: 2 button down, pos=(833,551)
433.57542499992996	DATA	Mouse: 2 button down, pos=(833,551)
433.73717499990016	DATA	Mouse: 0 button down, pos=(771,535)
433.8177199999336	DATA	Mouse: 0 button down, pos=(771,535)
433.8187649999745	DATA	Mouse: 2 button down, pos=(771,535)
433.97703999991063	DATA	Mouse: 2 button down, pos=(771,535)
434.13940499990713	DATA	Mouse: 0 button down, pos=(721,528)
434.29932499991264	DATA	Mouse: 0 button down, pos=(721,528)
434.37907499994617	DATA	Mouse: 2 button down, pos=(721,528)
434.538734999951	DATA	Mouse: 2 button down, pos=(721,528)
434.7015549999196	DATA	Mouse: 0 button down, pos=(683,521)
434.7815100000007	DATA	Mouse: 0 button down, pos=(683,521)
436.52438999991864	DATA	Keydown:  
436.66736500000115	EXP	consent_1: autoDraw = false
436.66736500000115	EXP	text_3: autoDraw = false
436.66736500000115	EXP	consent: autoDraw = true
436.66736500000115	EXP	text_4: autoDraw = true
437.9331249999814	DATA	Keydown:  
438.0694099999964	EXP	consent: autoDraw = false
438.0694099999964	EXP	text_4: autoDraw = false
438.0694099999964	EXP	consent_2: autoDraw = true
438.0694099999964	EXP	text_5: autoDraw = true
439.4179449999938	DATA	Keydown:  
440.5250999999698	DATA	Keydown: y
440.64763999998104	EXP	consent_2: autoDraw = false
440.64763999998104	EXP	text_5: autoDraw = false
440.64763999998104	EXP	gender_question: autoDraw = true
443.15213999990374	DATA	Keydown: m
443.23313499998767	EXP	gender_question: autoDraw = false
443.23313499998767	EXP	inst_text: autoDraw = true
453.4286499998998	DATA	Keydown: s
453.74740999995265	EXP	inst_text: autoDraw = false
453.74740999995265	EXP	fixation_target: autoDraw = true
453.74740999995265	EXP	corrAns_reminder_text: autoDraw = true
453.74740999995265	EXP	memory_2: autoDraw = true
454.01649499998894	EXP	fixation_target: autoDraw = false
454.01649499998894	EXP	corrAns_reminder_text: autoDraw = false
454.01649499998894	EXP	memory_2: autoDraw = false
454.01649499998894	EXP	target: opacity = 0
454.01649499998894	EXP	target: pos = [-300,100]
454.01649499998894	EXP	target: image = {}
454.01649499998894	EXP	dist1: opacity = 1
454.01649499998894	EXP	dist1: pos = [100,50]
454.01649499998894	EXP	dist1: image = {}
454.01649499998894	EXP	dist2: opacity = 1
454.01649499998894	EXP	dist2: pos = [-100,0]
454.01649499998894	EXP	dist2: image = {}
454.01649499998894	EXP	dist3: opacity = 1
454.01649499998894	EXP	dist3: pos = [400,250]
454.01649499998894	EXP	dist3: image = {}
454.01649499998894	EXP	dist4: opacity = 1
454.01649499998894	EXP	dist4: pos = [0,-150]
454.01649499998894	EXP	dist4: image = {}
454.01649499998894	EXP	dist5: opacity = 0
454.01649499998894	EXP	dist5: pos = [-400,200]
454.01649499998894	EXP	dist5: image = {}
454.01649499998894	EXP	dist6: opacity = 0
454.01649499998894	EXP	dist6: pos = [300,-200]
454.01649499998894	EXP	dist6: image = {}
454.01649499998894	EXP	dist7: opacity = 0
454.01649499998894	EXP	dist7: pos = [-200,-100]
454.01649499998894	EXP	dist7: image = {}
454.01649499998894	EXP	dist8: opacity = 0
454.01649499998894	EXP	dist8: pos = [200,150]
454.01649499998894	EXP	dist8: image = {}
454.01649499998894	EXP	memory: autoDraw = true
454.01649499998894	EXP	target: autoDraw = true
454.01649499998894	EXP	dist1: autoDraw = true
454.01649499998894	EXP	dist2: autoDraw = true
454.01649499998894	EXP	dist3: autoDraw = true
454.01649499998894	EXP	dist4: autoDraw = true
454.01649499998894	EXP	dist5: autoDraw = true
454.01649499998894	EXP	dist6: autoDraw = true
454.01649499998894	EXP	dist7: autoDraw = true
454.01649499998894	EXP	dist8: autoDraw = true
458.0267499999609	EXP	memory: autoDraw = false
458.0267499999609	EXP	target: autoDraw = false
458.0267499999609	EXP	dist1: autoDraw = false
458.0267499999609	EXP	dist2: autoDraw = false
458.0267499999609	EXP	dist3: autoDraw = false
458.0267499999609	EXP	dist4: autoDraw = false
458.0267499999609	EXP	dist5: autoDraw = false
458.0267499999609	EXP	dist6: autoDraw = false
458.0267499999609	EXP	dist7: autoDraw = false
458.0267499999609	EXP	dist8: autoDraw = false
458.0267499999609	EXP	memory: autoDraw = false
458.0267499999609	EXP	target: autoDraw = false
458.0267499999609	EXP	dist1: autoDraw = false
458.0267499999609	EXP	dist2: autoDraw = false
458.0267499999609	EXP	dist3: autoDraw = false
458.0267499999609	EXP	dist4: autoDraw = false
458.0267499999609	EXP	dist5: autoDraw = false
458.0267499999609	EXP	dist6: autoDraw = false
458.0267499999609	EXP	dist7: autoDraw = false
458.0267499999609	EXP	dist8: autoDraw = false
458.0267499999609	EXP	fixation_target_2: autoDraw = true
458.0267499999609	EXP	corrAns_reminder_text_2: autoDraw = true
458.0267499999609	EXP	search_txt_2: autoDraw = true
458.66759499988984	EXP	fixation_target_2: autoDraw = false
458.66759499988984	EXP	corrAns_reminder_text_2: autoDraw = false
458.66759499988984	EXP	search_txt_2: autoDraw = false
458.66759499988984	EXP	fixation_target_2: autoDraw = false
458.66759499988984	EXP	corrAns_reminder_text_2: autoDraw = false
458.66759499988984	EXP	search_txt_2: autoDraw = false
458.66759499988984	EXP	search_img: opacity = 1
458.66759499988984	EXP	search_img: image = {}
458.66759499988984	EXP	search_txt: autoDraw = true
458.66759499988984	EXP	search_img: autoDraw = true
462.01904499996454	DATA	Keydown: v
462.0995849999599	EXP	search_txt: autoDraw = false
462.0995849999599	EXP	search_img: autoDraw = false
462.0995849999599	EXP	text_2: autoDraw = true
462.0995849999599	EXP	text_2: autoDraw = false
462.1733749998966	EXP	text_2: autoDraw = false
462.1733749998966	EXP	fixation_target: autoDraw = true
462.1733749998966	EXP	corrAns_reminder_text: autoDraw = true
462.1733749998966	EXP	memory_2: autoDraw = true
462.7176849999232	EXP	fixation_target: autoDraw = false
462.7176849999232	EXP	corrAns_reminder_text: autoDraw = false
462.7176849999232	EXP	memory_2: autoDraw = false
462.7176849999232	EXP	fixation_target: autoDraw = false
462.7176849999232	EXP	corrAns_reminder_text: autoDraw = false
462.7176849999232	EXP	memory_2: autoDraw = false
462.7176849999232	EXP	target: opacity = 0
462.7176849999232	EXP	target: pos = [200,-100]
462.7176849999232	EXP	target: image = {}
462.7176849999232	EXP	dist1: opacity = 1
462.7176849999232	EXP	dist1: pos = [0,200]
462.7176849999232	EXP	dist1: image = {}
462.7176849999232	EXP	dist2: opacity = 1
462.7176849999232	EXP	dist2: pos = [100,250]
462.7176849999232	EXP	dist2: image = {}
462.7176849999232	EXP	dist3: opacity = 1
462.7176849999232	EXP	dist3: pos = [-300,-50]
462.7176849999232	EXP	dist3: image = {}
462.7176849999232	EXP	dist4: opacity = 1
462.7176849999232	EXP	dist4: pos = [300,0]
462.7176849999232	EXP	dist4: image = {}
462.7176849999232	EXP	dist5: opacity = 0
462.7176849999232	EXP	dist5: pos = [400,-150]
462.7176849999232	EXP	dist5: image = {}
462.7176849999232	EXP	dist6: opacity = 0
462.7176849999232	EXP	dist6: pos = [-100,-200]
462.7176849999232	EXP	dist6: image = {}
462.7176849999232	EXP	dist7: opacity = 0
462.7176849999232	EXP	dist7: pos = [-400,100]
462.7176849999232	EXP	dist7: image = {}
462.7176849999232	EXP	dist8: opacity = 0
462.7176849999232	EXP	dist8: pos = [-200,50]
462.7176849999232	EXP	dist8: image = {}
462.7176849999232	EXP	memory: autoDraw = true
462.7176849999232	EXP	target: autoDraw = true
462.7176849999232	EXP	dist1: autoDraw = true
462.7176849999232	EXP	dist2: autoDraw = true
462.7176849999232	EXP	dist3: autoDraw = true
462.7176849999232	EXP	dist4: autoDraw = true
462.7176849999232	EXP	dist5: autoDraw = true
462.7176849999232	EXP	dist6: autoDraw = true
462.7176849999232	EXP	dist7: autoDraw = true
462.7176849999232	EXP	dist8: autoDraw = true
466.7441749999998	EXP	memory: autoDraw = false
466.7441749999998	EXP	target: autoDraw = false
466.7441749999998	EXP	dist1: autoDraw = false
466.7441749999998	EXP	dist2: autoDraw = false
466.7441749999998	EXP	dist3: autoDraw = false
466.7441749999998	EXP	dist4: autoDraw = false
466.7441749999998	EXP	dist5: autoDraw = false
466.7441749999998	EXP	dist6: autoDraw = false
466.7441749999998	EXP	dist7: autoDraw = false
466.7441749999998	EXP	dist8: autoDraw = false
466.7441749999998	EXP	memory: autoDraw = false
466.7441749999998	EXP	target: autoDraw = false
466.7441749999998	EXP	dist1: autoDraw = false
466.7441749999998	EXP	dist2: autoDraw = false
466.7441749999998	EXP	dist3: autoDraw = false
466.7441749999998	EXP	dist4: autoDraw = false
466.7441749999998	EXP	dist5: autoDraw = false
466.7441749999998	EXP	dist6: autoDraw = false
466.7441749999998	EXP	dist7: autoDraw = false
466.7441749999998	EXP	dist8: autoDraw = false
466.7441749999998	EXP	fixation_target_2: autoDraw = true
466.7441749999998	EXP	corrAns_reminder_text_2: autoDraw = true
466.7441749999998	EXP	search_txt_2: autoDraw = true
467.3069200000027	EXP	fixation_target_2: autoDraw = false
467.3069200000027	EXP	corrAns_reminder_text_2: autoDraw = false
467.3069200000027	EXP	search_txt_2: autoDraw = false
467.3069200000027	EXP	fixation_target_2: autoDraw = false
467.3069200000027	EXP	corrAns_reminder_text_2: autoDraw = false
467.3069200000027	EXP	search_txt_2: autoDraw = false
467.3069200000027	EXP	search_img: opacity = 1
467.3069200000027	EXP	search_img: image = {}
467.3069200000027	EXP	search_txt: autoDraw = true
467.3069200000027	EXP	search_img: autoDraw = true
469.56915999995545	DATA	Keydown: m
469.64445999998134	EXP	search_txt: autoDraw = false
469.64445999998134	EXP	search_img: autoDraw = false
469.64445999998134	EXP	text_2: autoDraw = true
469.64445999998134	EXP	text_2: autoDraw = false
469.72198499995284	EXP	text_2: autoDraw = false
469.72198499995284	EXP	fixation_target: autoDraw = true
469.72198499995284	EXP	corrAns_reminder_text: autoDraw = true
469.72198499995284	EXP	memory_2: autoDraw = true
470.2654399999883	EXP	fixation_target: autoDraw = false
470.2654399999883	EXP	corrAns_reminder_text: autoDraw = false
470.2654399999883	EXP	memory_2: autoDraw = false
470.2654399999883	EXP	fixation_target: autoDraw = false
470.2654399999883	EXP	corrAns_reminder_text: autoDraw = false
470.2654399999883	EXP	memory_2: autoDraw = false
470.2654399999883	EXP	target: opacity = 1
470.2654399999883	EXP	target: pos = [0,-50]
470.2654399999883	EXP	target: image = {}
470.2654399999883	EXP	dist1: opacity = 1
470.2654399999883	EXP	dist1: pos = [200,50]
470.2654399999883	EXP	dist1: image = {}
470.2654399999883	EXP	dist2: opacity = 1
470.2654399999883	EXP	dist2: pos = [-200,-200]
470.2654399999883	EXP	dist2: image = {}
470.2654399999883	EXP	dist3: opacity = 1
470.2654399999883	EXP	dist3: pos = [-400,250]
470.2654399999883	EXP	dist3: image = {}
470.2654399999883	EXP	dist4: opacity = 0
470.2654399999883	EXP	dist4: pos = [-100,150]
470.2654399999883	EXP	dist4: image = {}
470.2654399999883	EXP	dist5: opacity = 0
470.2654399999883	EXP	dist5: pos = [100,0]
470.2654399999883	EXP	dist5: image = {}
470.2654399999883	EXP	dist6: opacity = 0
470.2654399999883	EXP	dist6: pos = [300,-150]
470.2654399999883	EXP	dist6: image = {}
470.2654399999883	EXP	dist7: opacity = 0
470.2654399999883	EXP	dist7: pos = [-300,100]
470.2654399999883	EXP	dist7: image = {}
470.2654399999883	EXP	dist8: opacity = 0
470.2654399999883	EXP	dist8: pos = [400,200]
470.2654399999883	EXP	dist8: image = {}
470.2654399999883	EXP	memory: autoDraw = true
470.2654399999883	EXP	target: autoDraw = true
470.2654399999883	EXP	dist1: autoDraw = true
470.2654399999883	EXP	dist2: autoDraw = true
470.2654399999883	EXP	dist3: autoDraw = true
470.2654399999883	EXP	dist4: autoDraw = true
470.2654399999883	EXP	dist5: autoDraw = true
470.2654399999883	EXP	dist6: autoDraw = true
470.2654399999883	EXP	dist7: autoDraw = true
470.2654399999883	EXP	dist8: autoDraw = true
474.29904999991413	EXP	memory: autoDraw = false
474.29904999991413	EXP	target: autoDraw = false
474.29904999991413	EXP	dist1: autoDraw = false
474.29904999991413	EXP	dist2: autoDraw = false
474.29904999991413	EXP	dist3: autoDraw = false
474.29904999991413	EXP	dist4: autoDraw = false
474.29904999991413	EXP	dist5: autoDraw = false
474.29904999991413	EXP	dist6: autoDraw = false
474.29904999991413	EXP	dist7: autoDraw = false
474.29904999991413	EXP	dist8: autoDraw = false
474.29904999991413	EXP	memory: autoDraw = false
474.29904999991413	EXP	target: autoDraw = false
474.29904999991413	EXP	dist1: autoDraw = false
474.29904999991413	EXP	dist2: autoDraw = false
474.29904999991413	EXP	dist3: autoDraw = false
474.29904999991413	EXP	dist4: autoDraw = false
474.29904999991413	EXP	dist5: autoDraw = false
474.29904999991413	EXP	dist6: autoDraw = false
474.29904999991413	EXP	dist7: autoDraw = false
474.29904999991413	EXP	dist8: autoDraw = false
474.29904999991413	EXP	fixation_target_2: autoDraw = true
474.29904999991413	EXP	corrAns_reminder_text_2: autoDraw = true
474.29904999991413	EXP	search_txt_2: autoDraw = true
474.93658499990124	EXP	fixation_target_2: autoDraw = false
474.93658499990124	EXP	corrAns_reminder_text_2: autoDraw = false
474.93658499990124	EXP	search_txt_2: autoDraw = false
474.93658499990124	EXP	fixation_target_2: autoDraw = false
474.93658499990124	EXP	corrAns_reminder_text_2: autoDraw = false
474.93658499990124	EXP	search_txt_2: autoDraw = false
474.93658499990124	EXP	search_img: opacity = 1
474.93658499990124	EXP	search_img: image = {}
474.93658499990124	EXP	search_txt: autoDraw = true
474.93658499990124	EXP	search_img: autoDraw = true
477.676339999889	DATA	Keydown: m
477.7518299999647	EXP	search_txt: autoDraw = false
477.7518299999647	EXP	search_img: autoDraw = false
477.7518299999647	EXP	text_2: autoDraw = true
477.7518299999647	EXP	text_2: autoDraw = false
477.82802499993704	EXP	text_2: autoDraw = false
477.82802499993704	EXP	fixation_target: autoDraw = true
477.82802499993704	EXP	corrAns_reminder_text: autoDraw = true
477.82802499993704	EXP	memory_2: autoDraw = true
478.366059999913	EXP	fixation_target: autoDraw = false
478.366059999913	EXP	corrAns_reminder_text: autoDraw = false
478.366059999913	EXP	memory_2: autoDraw = false
478.366059999913	EXP	fixation_target: autoDraw = false
478.366059999913	EXP	corrAns_reminder_text: autoDraw = false
478.366059999913	EXP	memory_2: autoDraw = false
478.366059999913	EXP	target: opacity = 1
478.366059999913	EXP	target: pos = [300,50]
478.366059999913	EXP	target: image = {}
478.366059999913	EXP	dist1: opacity = 1
478.366059999913	EXP	dist1: pos = [-300,0]
478.366059999913	EXP	dist1: image = {}
478.366059999913	EXP	dist2: opacity = 1
478.366059999913	EXP	dist2: pos = [100,-100]
478.366059999913	EXP	dist2: image = {}
478.366059999913	EXP	dist3: opacity = 1
478.366059999913	EXP	dist3: pos = [-100,200]
478.366059999913	EXP	dist3: image = {}
478.366059999913	EXP	dist4: opacity = 1
478.366059999913	EXP	dist4: pos = [-200,-200]
478.366059999913	EXP	dist4: image = {}
478.366059999913	EXP	dist5: opacity = 1
478.366059999913	EXP	dist5: pos = [200,-150]
478.366059999913	EXP	dist5: image = {}
478.366059999913	EXP	dist6: opacity = 1
478.366059999913	EXP	dist6: pos = [0,-50]
478.366059999913	EXP	dist6: image = {}
478.366059999913	EXP	dist7: opacity = 1
478.366059999913	EXP	dist7: pos = [400,150]
478.366059999913	EXP	dist7: image = {}
478.366059999913	EXP	dist8: opacity = 0
478.366059999913	EXP	dist8: pos = [-400,250]
478.366059999913	EXP	dist8: image = {}
478.366059999913	EXP	memory: autoDraw = true
478.366059999913	EXP	target: autoDraw = true
478.366059999913	EXP	dist1: autoDraw = true
478.366059999913	EXP	dist2: autoDraw = true
478.366059999913	EXP	dist3: autoDraw = true
478.366059999913	EXP	dist4: autoDraw = true
478.366059999913	EXP	dist5: autoDraw = true
478.366059999913	EXP	dist6: autoDraw = true
478.366059999913	EXP	dist7: autoDraw = true
478.366059999913	EXP	dist8: autoDraw = true
479.60535499989055	DATA	Keydown: m
486.4232249999186	EXP	memory: autoDraw = false
486.4232249999186	EXP	target: autoDraw = false
486.4232249999186	EXP	dist1: autoDraw = false
486.4232249999186	EXP	dist2: autoDraw = false
486.4232249999186	EXP	dist3: autoDraw = false
486.4232249999186	EXP	dist4: autoDraw = false
486.4232249999186	EXP	dist5: autoDraw = false
486.4232249999186	EXP	dist6: autoDraw = false
486.4232249999186	EXP	dist7: autoDraw = false
486.4232249999186	EXP	dist8: autoDraw = false
486.4232249999186	EXP	memory: autoDraw = false
486.4232249999186	EXP	target: autoDraw = false
486.4232249999186	EXP	dist1: autoDraw = false
486.4232249999186	EXP	dist2: autoDraw = false
486.4232249999186	EXP	dist3: autoDraw = false
486.4232249999186	EXP	dist4: autoDraw = false
486.4232249999186	EXP	dist5: autoDraw = false
486.4232249999186	EXP	dist6: autoDraw = false
486.4232249999186	EXP	dist7: autoDraw = false
486.4232249999186	EXP	dist8: autoDraw = false
486.4232249999186	EXP	fixation_target_2: autoDraw = true
486.4232249999186	EXP	corrAns_reminder_text_2: autoDraw = true
486.4232249999186	EXP	search_txt_2: autoDraw = true
487.06167500000447	EXP	fixation_target_2: autoDraw = false
487.06167500000447	EXP	corrAns_reminder_text_2: autoDraw = false
487.06167500000447	EXP	search_txt_2: autoDraw = false
487.06167500000447	EXP	fixation_target_2: autoDraw = false
487.06167500000447	EXP	corrAns_reminder_text_2: autoDraw = false
487.06167500000447	EXP	search_txt_2: autoDraw = false
487.06167500000447	EXP	search_img: opacity = 1
487.06167500000447	EXP	search_img: image = {}
487.06167500000447	EXP	search_txt: autoDraw = true
487.06167500000447	EXP	search_img: autoDraw = true
489.0331099999603	DATA	Keydown: v
489.10896999994293	EXP	search_txt: autoDraw = false
489.10896999994293	EXP	search_img: autoDraw = false
489.10896999994293	EXP	text_2: autoDraw = true
489.10896999994293	EXP	text_2: autoDraw = false
489.1859299999196	EXP	text_2: autoDraw = false
489.1859299999196	EXP	fixation_target: autoDraw = true
489.1859299999196	EXP	corrAns_reminder_text: autoDraw = true
489.1859299999196	EXP	memory_2: autoDraw = true
489.72688499989454	EXP	fixation_target: autoDraw = false
489.72688499989454	EXP	corrAns_reminder_text: autoDraw = false
489.72688499989454	EXP	memory_2: autoDraw = false
489.72688499989454	EXP	fixation_target: autoDraw = false
489.72688499989454	EXP	corrAns_reminder_text: autoDraw = false
489.72688499989454	EXP	memory_2: autoDraw = false
489.72688499989454	EXP	target: opacity = 0
489.72688499989454	EXP	target: pos = [-300,-50]
489.72688499989454	EXP	target: image = {}
489.72688499989454	EXP	dist1: opacity = 1
489.72688499989454	EXP	dist1: pos = [0,0]
489.72688499989454	EXP	dist1: image = {}
489.72688499989454	EXP	dist2: opacity = 1
489.72688499989454	EXP	dist2: pos = [100,-200]
489.72688499989454	EXP	dist2: image = {}
489.72688499989454	EXP	dist3: opacity = 1
489.72688499989454	EXP	dist3: pos = [200,250]
489.72688499989454	EXP	dist3: image = {}
489.72688499989454	EXP	dist4: opacity = 1
489.72688499989454	EXP	dist4: pos = [-400,-100]
489.72688499989454	EXP	dist4: image = {}
489.72688499989454	EXP	dist5: opacity = 0
489.72688499989454	EXP	dist5: pos = [400,50]
489.72688499989454	EXP	dist5: image = {}
489.72688499989454	EXP	dist6: opacity = 0
489.72688499989454	EXP	dist6: pos = [-100,150]
489.72688499989454	EXP	dist6: image = {}
489.72688499989454	EXP	dist7: opacity = 0
489.72688499989454	EXP	dist7: pos = [-200,-150]
489.72688499989454	EXP	dist7: image = {}
489.72688499989454	EXP	dist8: opacity = 0
489.72688499989454	EXP	dist8: pos = [300,100]
489.72688499989454	EXP	dist8: image = {}
489.72688499989454	EXP	memory: autoDraw = true
489.72688499989454	EXP	target: autoDraw = true
489.72688499989454	EXP	dist1: autoDraw = true
489.72688499989454	EXP	dist2: autoDraw = true
489.72688499989454	EXP	dist3: autoDraw = true
489.72688499989454	EXP	dist4: autoDraw = true
489.72688499989454	EXP	dist5: autoDraw = true
489.72688499989454	EXP	dist6: autoDraw = true
489.72688499989454	EXP	dist7: autoDraw = true
489.72688499989454	EXP	dist8: autoDraw = true
492.36066999996547	DATA	Keydown: v
493.0565349999815	DATA	Keydown: m
493.75026499992236	EXP	memory: autoDraw = false
493.75026499992236	EXP	target: autoDraw = false
493.75026499992236	EXP	dist1: autoDraw = false
493.75026499992236	EXP	dist2: autoDraw = false
493.75026499992236	EXP	dist3: autoDraw = false
493.75026499992236	EXP	dist4: autoDraw = false
493.75026499992236	EXP	dist5: autoDraw = false
493.75026499992236	EXP	dist6: autoDraw = false
493.75026499992236	EXP	dist7: autoDraw = false
493.75026499992236	EXP	dist8: autoDraw = false
493.75026499992236	EXP	memory: autoDraw = false
493.75026499992236	EXP	target: autoDraw = false
493.75026499992236	EXP	dist1: autoDraw = false
493.75026499992236	EXP	dist2: autoDraw = false
493.75026499992236	EXP	dist3: autoDraw = false
493.75026499992236	EXP	dist4: autoDraw = false
493.75026499992236	EXP	dist5: autoDraw = false
493.75026499992236	EXP	dist6: autoDraw = false
493.75026499992236	EXP	dist7: autoDraw = false
493.75026499992236	EXP	dist8: autoDraw = false
493.75026499992236	EXP	fixation_target_2: autoDraw = true
493.75026499992236	EXP	corrAns_reminder_text_2: autoDraw = true
493.75026499992236	EXP	search_txt_2: autoDraw = true
494.3513549999334	EXP	fixation_target_2: autoDraw = false
494.3513549999334	EXP	corrAns_reminder_text_2: autoDraw = false
494.3513549999334	EXP	search_txt_2: autoDraw = false
494.3513549999334	EXP	fixation_target_2: autoDraw = false
494.3513549999334	EXP	corrAns_reminder_text_2: autoDraw = false
494.3513549999334	EXP	search_txt_2: autoDraw = false
494.3513549999334	EXP	search_img: opacity = 1
494.3513549999334	EXP	search_img: image = {}
494.3513549999334	EXP	search_txt: autoDraw = true
494.3513549999334	EXP	search_img: autoDraw = true
495.06745499989484	DATA	Keydown: m
495.14321499993093	EXP	search_txt: autoDraw = false
495.14321499993093	EXP	search_img: autoDraw = false
495.14321499993093	EXP	text_2: autoDraw = true
495.14321499993093	EXP	text_2: autoDraw = false
495.2203449999215	EXP	text_2: autoDraw = false
495.2203449999215	EXP	fixation_target: autoDraw = true
495.2203449999215	EXP	corrAns_reminder_text: autoDraw = true
495.2203449999215	EXP	memory_2: autoDraw = true
495.30008999991696	DATA	Keydown: m
495.7618899999652	EXP	fixation_target: autoDraw = false
495.7618899999652	EXP	corrAns_reminder_text: autoDraw = false
495.7618899999652	EXP	memory_2: autoDraw = false
495.7618899999652	EXP	fixation_target: autoDraw = false
495.7618899999652	EXP	corrAns_reminder_text: autoDraw = false
495.7618899999652	EXP	memory_2: autoDraw = false
495.7618899999652	EXP	target: opacity = 0
495.7618899999652	EXP	target: pos = [100,250]
495.7618899999652	EXP	target: image = {}
495.7618899999652	EXP	dist1: opacity = 1
495.7618899999652	EXP	dist1: pos = [300,200]
495.7618899999652	EXP	dist1: image = {}
495.7618899999652	EXP	dist2: opacity = 1
495.7618899999652	EXP	dist2: pos = [200,-100]
495.7618899999652	EXP	dist2: image = {}
495.7618899999652	EXP	dist3: opacity = 1
495.7618899999652	EXP	dist3: pos = [400,-150]
495.7618899999652	EXP	dist3: image = {}
495.7618899999652	EXP	dist4: opacity = 1
495.7618899999652	EXP	dist4: pos = [-200,100]
495.7618899999652	EXP	dist4: image = {}
495.7618899999652	EXP	dist5: opacity = 0
495.7618899999652	EXP	dist5: pos = [-400,150]
495.7618899999652	EXP	dist5: image = {}
495.7618899999652	EXP	dist6: opacity = 0
495.7618899999652	EXP	dist6: pos = [-100,0]
495.7618899999652	EXP	dist6: image = {}
495.7618899999652	EXP	dist7: opacity = 0
495.7618899999652	EXP	dist7: pos = [0,-200]
495.7618899999652	EXP	dist7: image = {}
495.7618899999652	EXP	dist8: opacity = 0
495.7618899999652	EXP	dist8: pos = [-300,50]
495.7618899999652	EXP	dist8: image = {}
495.7618899999652	EXP	memory: autoDraw = true
495.7618899999652	EXP	target: autoDraw = true
495.7618899999652	EXP	dist1: autoDraw = true
495.7618899999652	EXP	dist2: autoDraw = true
495.7618899999652	EXP	dist3: autoDraw = true
495.7618899999652	EXP	dist4: autoDraw = true
495.7618899999652	EXP	dist5: autoDraw = true
495.7618899999652	EXP	dist6: autoDraw = true
495.7618899999652	EXP	dist7: autoDraw = true
495.7618899999652	EXP	dist8: autoDraw = true
495.8411499999929	DATA	Keydown: m
496.3022649999475	DATA	Keydown: m
496.5337049999507	DATA	Keydown: m
496.76396999997087	DATA	Keydown: m
496.9949599999236	DATA	Keydown: m
497.1487549999729	DATA	Keydown: m
497.30380999995396	DATA	Keydown: v
497.3818800000008	DATA	Keydown: m
497.45973499992397	DATA	Keydown: v
497.6133350000018	DATA	Keydown: m
497.69128499994986	DATA	Keydown: v
497.76948999997694	DATA	Keydown: m
497.84695499995723	DATA	Keydown: v
497.9247899999609	DATA	Keydown: m
498.00281499989796	DATA	Keydown: v
498.07922499999404	DATA	Keydown: m
498.15755999996327	DATA	Keydown: v
498.3123449999839	DATA	Keydown: m
498.39093999995384	DATA	Keydown: v
498.5448499999475	DATA	Keydown: m
498.623649999965	DATA	Keydown: v
498.7768849999411	DATA	Keydown: m
499.7766099999426	EXP	memory: autoDraw = false
499.7766099999426	EXP	target: autoDraw = false
499.7766099999426	EXP	dist1: autoDraw = false
499.7766099999426	EXP	dist2: autoDraw = false
499.7766099999426	EXP	dist3: autoDraw = false
499.7766099999426	EXP	dist4: autoDraw = false
499.7766099999426	EXP	dist5: autoDraw = false
499.7766099999426	EXP	dist6: autoDraw = false
499.7766099999426	EXP	dist7: autoDraw = false
499.7766099999426	EXP	dist8: autoDraw = false
499.7766099999426	EXP	memory: autoDraw = false
499.7766099999426	EXP	target: autoDraw = false
499.7766099999426	EXP	dist1: autoDraw = false
499.7766099999426	EXP	dist2: autoDraw = false
499.7766099999426	EXP	dist3: autoDraw = false
499.7766099999426	EXP	dist4: autoDraw = false
499.7766099999426	EXP	dist5: autoDraw = false
499.7766099999426	EXP	dist6: autoDraw = false
499.7766099999426	EXP	dist7: autoDraw = false
499.7766099999426	EXP	dist8: autoDraw = false
499.7766099999426	EXP	fixation_target_2: autoDraw = true
499.7766099999426	EXP	corrAns_reminder_text_2: autoDraw = true
499.7766099999426	EXP	search_txt_2: autoDraw = true
500.3722799998941	EXP	fixation_target_2: autoDraw = false
500.3722799998941	EXP	corrAns_reminder_text_2: autoDraw = false
500.3722799998941	EXP	search_txt_2: autoDraw = false
500.3722799998941	EXP	fixation_target_2: autoDraw = false
500.3722799998941	EXP	corrAns_reminder_text_2: autoDraw = false
500.3722799998941	EXP	search_txt_2: autoDraw = false
500.3722799998941	EXP	search_img: opacity = 1
500.3722799998941	EXP	search_img: image = {}
500.3722799998941	EXP	search_txt: autoDraw = true
500.3722799998941	EXP	search_img: autoDraw = true
500.3738049999811	DATA	Keydown: v
500.45027999999	EXP	search_txt: autoDraw = false
500.45027999999	EXP	search_img: autoDraw = false
500.45027999999	EXP	text_2: autoDraw = true
500.45027999999	EXP	text_2: autoDraw = false
500.5254699999932	EXP	text_2: autoDraw = false
500.5254699999932	EXP	fixation_target: autoDraw = true
500.5254699999932	EXP	corrAns_reminder_text: autoDraw = true
500.5254699999932	EXP	memory_2: autoDraw = true
501.06414999999106	EXP	fixation_target: autoDraw = false
501.06414999999106	EXP	corrAns_reminder_text: autoDraw = false
501.06414999999106	EXP	memory_2: autoDraw = false
501.06414999999106	EXP	fixation_target: autoDraw = false
501.06414999999106	EXP	corrAns_reminder_text: autoDraw = false
501.06414999999106	EXP	memory_2: autoDraw = false
501.06414999999106	EXP	target: opacity = 1
501.06414999999106	EXP	target: pos = [0,200]
501.06414999999106	EXP	target: image = {}
501.06414999999106	EXP	dist1: opacity = 1
501.06414999999106	EXP	dist1: pos = [-100,100]
501.06414999999106	EXP	dist1: image = {}
501.06414999999106	EXP	dist2: opacity = 1
501.06414999999106	EXP	dist2: pos = [400,0]
501.06414999999106	EXP	dist2: image = {}
501.06414999999106	EXP	dist3: opacity = 1
501.06414999999106	EXP	dist3: pos = [200,50]
501.06414999999106	EXP	dist3: image = {}
501.06414999999106	EXP	dist4: opacity = 1
501.06414999999106	EXP	dist4: pos = [-200,-50]
501.06414999999106	EXP	dist4: image = {}
501.06414999999106	EXP	dist5: opacity = 1
501.06414999999106	EXP	dist5: pos = [-300,-100]
501.06414999999106	EXP	dist5: image = {}
501.06414999999106	EXP	dist6: opacity = 1
501.06414999999106	EXP	dist6: pos = [-400,250]
501.06414999999106	EXP	dist6: image = {}
501.06414999999106	EXP	dist7: opacity = 1
501.06414999999106	EXP	dist7: pos = [100,-150]
501.06414999999106	EXP	dist7: image = {}
501.06414999999106	EXP	dist8: opacity = 0
501.06414999999106	EXP	dist8: pos = [300,150]
501.06414999999106	EXP	dist8: image = {}
501.06414999999106	EXP	memory: autoDraw = true
501.06414999999106	EXP	target: autoDraw = true
501.06414999999106	EXP	dist1: autoDraw = true
501.06414999999106	EXP	dist2: autoDraw = true
501.06414999999106	EXP	dist3: autoDraw = true
501.06414999999106	EXP	dist4: autoDraw = true
501.06414999999106	EXP	dist5: autoDraw = true
501.06414999999106	EXP	dist6: autoDraw = true
501.06414999999106	EXP	dist7: autoDraw = true
501.06414999999106	EXP	dist8: autoDraw = true
502.1549249999225	DATA	Keydown: Escape
